0.000170424
0.000304509
0.000140188
0.000137271
0.000142133
0.000122265
0.002375457
0.000161552
0.000115181
0.000796626
0.000366983
0.000152565
0.000205698
0.000138481
0.000914084
0.000119714
0.000530513
0.001063373
0.000119052
0.000141563
0.000385966
0.003445369
0.000129822
0.001526110
0.001766020
0.002487203
0.006036139
0.004350784
0.000211761
0.002216297
0.001301754
0.000102639
0.001101605
0.001129297
0.001162916
0.000378004
0.001739150
0.000204473
0.000096930
0.003714190
0.000103959
0.000144313
0.001244370
0.000420247
0.000381869
0.000355194
0.000099650
0.000380123
0.000870737
0.001578458
0.000123498
0.001349393
0.000138759
0.000305216
0.000114772
0.001452429
0.000451764
0.001009523
0.001266856
0.000608462
0.001344524
0.001335800
0.000401555
0.000764420
0.000246481
0.000452223
0.000660811
0.000444513
0.000101841
0.000964281
0.000102508
0.000101431
0.000474216
0.000097458
0.000108403
0.000165900
0.001181167
0.000210392
0.000379623
0.000119362
0.001673138
0.001169644
0.000127930
0.000152542
0.000121493
0.000098007
0.000126384
0.000200347
0.000242642
0.002430978
0.002196512
0.000126162
0.003132831
0.001381759
0.000125154
0.000177767
0.001027276
0.000144108
0.000115480
0.000170759
