0.000181903
0.000403147
0.000561255
0.001144320
0.001169876
0.000236819
0.000383062
0.000434795
0.000214555
0.000383653
0.000187718
0.000201652
0.000349252
0.000198714
0.001632587
0.000194746
0.004246740
0.000280379
0.001998294
0.000488392
0.000217557
0.004028061
0.002341707
0.000205875
0.002902154
0.001030849
0.000362574
0.000209148
0.000387198
0.000201629
0.000192173
0.000421616
0.000206424
0.000345079
0.003328896
0.002188485
0.000491654
0.000185209
0.000782445
0.000211234
0.001564466
0.000237372
0.000242459
0.000384059
0.006813245
0.000320985
0.000412577
0.001182271
0.000200407
0.000357157
0.000310032
0.000205120
0.000241091
0.000187438
0.000204316
0.000365822
0.000943255
0.000186034
0.000358955
0.001123528
0.000503752
0.001983914
0.001450148
0.000450863
0.000464238
0.000171108
0.000372966
0.000321730
0.001663771
0.000288210
0.000486685
0.000215378
0.000241425
0.000459195
0.000543664
0.000215359
0.000211561
0.000201861
0.000214349
0.000207395
0.002639326
0.000237432
0.000426625
0.000340140
0.000638160
0.000203095
0.000204395
0.001630100
0.001207594
0.000356897
0.003692373
0.000284113
0.002777872
0.003517717
0.000196134
0.001260551
0.000748733
0.002433844
0.001072832
0.000589651
0.001056171
0.003347682
0.000353256
0.000400559
0.000232798
0.002900403
0.000260247
0.000214325
0.002460545
0.000368850
0.000764297
0.000216082
0.001112288
0.003163692
0.000216243
0.001142050
0.000728210
0.000471308
0.000758897
0.000660663
0.000273240
0.002679479
0.000220799
0.001181543
0.002873398
0.000220483
0.000194093
0.001530406
0.000228248
0.001081872
0.000240122
0.000215112
0.000302218
0.000405706
0.001018847
0.000362947
0.000818639
0.000393891
0.000226056
0.000372680
0.000537091
0.000913953
0.003522286
0.000859596
0.000827215
0.001270988
0.000987732
0.000828641
0.000413455
0.000362035
0.000498096
0.002625636
0.001541121
0.000517769
0.006167575
0.000331377
0.003650003
0.001737429
0.002640697
0.000229536
0.000772313
0.000346520
0.001352390
0.002588391
0.000387965
0.000218340
0.002002951
0.003194441
0.000218008
0.000191890
0.001444479
0.001516450
0.000381490
0.000222896
0.001216111
0.001141980
0.000451967
0.000342013
0.003018827
0.000388121
0.001643195
0.002867643
0.000357713
0.000365886
0.002677054
0.001338229
0.000549256
0.000325380
0.000428382
0.000370771
0.001285171
0.000371233
0.000185662
0.000194698
0.000203364
0.000222806
0.000362185
0.000477507
0.000223290
0.000237727
