0.000166749
0.000111360
0.000108860
0.001258115
0.000227995
0.000432870
0.001130332
0.000134933
0.000147500
0.000125024
0.000362754
0.000128791
0.000128997
0.000132331
0.000136614
0.000115141
0.000189306
0.000325345
0.003230151
0.000442761
0.000128205
0.000179987
0.001335578
0.000356971
0.000128873
0.000144305
0.001733950
0.000147332
0.002790386
0.000301282
0.000160162
0.000139081
0.000141388
0.000123146
0.000133261
0.000111174
0.000134651
0.000381087
0.000118382
0.001267536
0.000117953
0.000126576
0.000116622
0.000113512
0.000108419
0.002345485
0.001060237
0.000119461
0.003364390
0.000800747
0.000319915
0.001486098
0.000128901
0.000128354
0.001284185
0.000205290
0.001145990
0.000150552
0.000125623
0.000331419
0.000422527
0.000210733
0.000336373
0.000251841
0.000362320
0.000119564
0.000475463
0.000131564
0.000193245
0.000098732
0.000746012
0.001231368
0.002144039
0.000175357
0.000135553
0.000458478
0.000411714
0.000116811
0.000424622
0.001795428
0.000184914
0.000690179
0.000126037
0.001670964
0.001055257
0.000125740
0.000140292
0.000120845
0.000552220
0.000124855
0.000158199
0.000137174
0.000115152
0.000203113
0.000340593
0.000128551
0.000156783
0.000107556
0.000151983
0.000117644
0.000121419
0.000186392
0.000276070
0.000113915
0.000113736
0.000848098
0.000218748
0.000197964
0.001142093
0.000194924
0.000127473
0.000994330
0.000112055
0.000307849
0.000110178
0.000103715
0.002725674
0.000176967
0.000360821
0.002201677
0.001260903
0.000796211
0.000418249
0.000362655
0.001558491
0.000113572
0.000103138
0.000751148
0.000596398
0.000360013
0.000122420
0.000149952
0.000297120
0.000368919
0.000136005
0.000119543
0.000121530
0.000099127
0.002807810
0.000148877
0.001180469
0.001295466
0.000156626
0.001011048
0.001061683
0.001850791
0.000277038
0.001099462
0.000731178
0.000893035
0.001606186
0.000412250
0.001143196
0.000413741
0.000800968
0.000520207
0.000368379
0.000132287
0.000100248
0.000117413
0.001388427
0.000970115
0.000117569
0.000373587
0.001090123
0.001489808
0.000481592
0.001481082
0.000117803
0.000658359
0.000135024
0.000212740
0.000102441
0.000192503
0.003861437
0.000636929
0.002865153
0.001545877
0.000581587
0.000634638
0.000199778
0.001417750
0.000193780
0.000140780
0.000090642
0.000108810
0.002963134
0.000107609
0.000313921
0.000984931
0.000649356
0.000110797
0.000099146
0.000092958
0.000373411
0.000117010
0.000700756
0.000173498
0.000198790
0.000179425
