0.001784998
0.003248629
0.025487732
0.025803739
0.027834694
0.026131002
0.051961994
0.053459699
0.052917555
0.053951114
0.053834130
0.077285247
0.079795272
0.080125634
0.080095405
0.080659265
0.106329436
0.107691708
0.108660049
0.108817249
0.129239595
0.129905699
0.130654339
0.131651321
0.132309605
0.133223281
0.133718143
0.134649518
0.148224214
0.149083737
0.149973084
0.151057686
0.151371966
0.151376119
0.152470948
0.152888463
0.168237620
0.168799870
0.169342814
0.169519159
0.169785405
0.170475988
0.185372782
0.186260929
0.187157169
0.187722528
0.188132115
0.187535172
0.209016821
0.210013993
0.210696022
0.211353836
0.211136989
0.236168928
0.236896190
0.237868131
0.238251411
0.256823296
0.257562472
0.258418861
0.259067516
0.260077183
0.275271608
0.275959661
0.276715193
0.277646925
0.278090936
0.290456580
0.291342835
0.291904602
0.292630051
0.293728871
0.294840512
0.306515258
0.306467561
0.307128936
0.307619765
0.308490100
0.320758145
0.321730854
0.322088678
0.321849615
0.322858323
0.335772884
0.336075211
0.336319228
0.337261569
0.338273171
0.339235024
0.339991120
0.352791159
0.353785179
0.354511036
0.353951292
0.355361716
0.367986489
0.368717466
0.368771535
0.369537610
0.381357363
0.382136214
0.382404834
0.383538819
0.384519962
0.385525926
0.397730918
0.398321876
0.398591295
0.398671302
0.399485210
0.399586409
0.399690141
0.412981610
0.413648502
0.414515047
0.414584711
0.415665508
0.416507563
0.416167344
0.431441942
0.432440065
0.432971196
0.433625965
0.434448418
0.434378012
0.435100793
0.435911320
0.436646654
0.437703437
0.438531824
0.439345166
0.440146674
0.441037378
0.441687328
0.454895727
0.455853957
0.456764754
0.457371872
0.458242121
0.459241429
0.458817780
0.459222423
0.458949918
0.459375917
0.460089617
0.473126845
0.473776316
0.474432958
0.475158300
0.476310396
0.477225173
0.477618012
0.477648599
0.477204513
0.477770793
0.478803246
0.493822251
0.494104773
0.494969075
0.495183668
0.496082152
0.496970693
0.497719274
0.498087140
0.498796002
0.499575813
0.500309854
0.500731475
0.501620107
0.517733569
0.518726174
0.519331047
0.520296237
0.521294368
0.521731548
0.522426025
0.522826983
0.523576340
0.550852141
0.551240038
0.552225417
0.553233814
0.554125587
0.554402260
0.555227780
0.556170399
0.556838089
0.574514398
0.575074181
0.575816038
0.575867021
0.576870349
0.577711240
0.578096393
0.578399797
0.579177703
0.579022530
0.579915812
0.597635683
0.597480640
0.598083966
0.598569517
0.598474447
0.597755116
0.598042178
0.598601739
0.599128520
0.600077620
0.600612511
0.601381186
0.623200715
0.623492454
0.624501604
0.625472024
0.626320258
0.626989776
0.627941234
0.628845827
0.629896714
0.630426624
0.652227932
0.653019848
0.653921555
0.654666302
0.654659845
0.655210238
0.655163670
0.656264229
0.656949896
0.657396737
0.657583901
0.658608017
0.659399414
0.659519579
0.684027982
0.683593438
0.683536296
0.683475537
0.682735780
0.683663247
0.684595525
0.685611507
0.685712381
0.686529717
0.687538216
0.687770894
0.688642060
0.689448636
0.713293334
0.714044593
0.714926730
0.715926010
0.716802550
0.717590746
0.718367105
0.718718595
0.719302337
0.720068552
0.719888763
0.745924387
0.746816891
0.747353568
0.748293748
0.748868619
0.749796646
0.750951125
0.752072628
0.752310136
0.753472818
0.754397469
0.753464495
0.779551119
0.780386411
0.780982458
0.781990024
0.782942050
0.783922582
0.784968734
0.785733779
0.786077960
0.787059771
0.787441216
