57.762018519
61.756559450
62.808278998
64.309503801
65.913633939
65.879925244
66.664529403
67.221836040
67.522746025
67.651890368
67.706842219
67.680329532
67.953546431
68.089139389
68.292505154
68.319493397
68.370462243
68.846893693
68.900908464
68.917656357
69.097560226
69.699809700
69.742463564
70.585502502
70.617656986
70.685470628
70.740090385
71.185715785
71.194365348
71.236522191
71.322187799
71.397787566
71.394653958
71.462012824
71.812736578
71.884552195
71.901785427
71.968687887
71.990938128
72.155328837
72.175160489
72.715202231
72.661580196
72.757064186
72.903044029
72.933285603
73.083137298
73.085710957
73.331489389
73.442591258
73.443673706
73.515392924
73.521039038
73.533672817
73.589689280
73.563903213
73.775619898
73.887289916
73.943629003
74.107696997
74.221817054
74.255752861
74.304296256
74.416892375
74.907565889
74.864859234
74.957760328
75.026840908
75.089571191
75.183226140
75.468203260
75.469609557
75.519455689
75.522886805
75.591770162
75.693382379
76.006657608
76.131742390
76.155424040
76.131801313
76.224327272
76.178056680
76.246554733
76.223745026
76.359624760
76.608726107
76.721781759
76.797115454
76.864728723
76.836674863
76.904948235
76.880349559
76.934956866
76.898862958
77.022073653
77.528295807
77.625767841
77.618085426
77.641324389
77.833152904
77.755674888
77.918855423
77.896851728
78.059720564
78.050870180
78.057914927
78.088926155
78.054689148
78.121749216
78.105390095
78.509131487
78.512975802
78.531344784
78.556015331
78.627424920
78.701261650
78.704966728
78.924013090
79.069977812
79.096353050
79.093591426
78.984671844
79.057449191
79.100977307
79.078798341
79.165922405
79.291460218
79.490428158
79.522141330
79.445615077
79.502306475
79.539878516
79.545060542
79.523964593
79.584789806
79.600696504
79.640813210
79.843372786
79.913326348
79.920488449
80.000775727
79.975842750
80.003978358
80.026333236
80.119032788
80.330888049
80.302424323
80.372275226
80.444277043
80.477116346
80.404086329
80.382434603
80.439029652
80.501059757
80.567289983
80.604876695
80.648248662
80.805337808
80.632442769
80.671096590
80.754516703
80.772006479
80.802297910
80.782275235
80.828166089
80.870645109
80.850803742
80.961513559
81.093255124
81.117890742
81.128199883
81.211288505
81.110522451
81.151750638
81.203549749
81.199537846
81.256832504
81.295584725
81.363190702
81.363335581
81.360374082
81.288178868
81.440190270
81.514415879
81.483694416
81.519562691
81.633418584
81.687485843
81.754777504
81.795875257
81.815846063
81.780948956
81.880058895
81.955255651
81.973970091
82.016032486
82.130495807
82.099797020
82.127216074
82.196088881
82.116170182
82.167787010
82.207499581
82.310320813
82.273107340
82.335875767
82.397293977
82.414801474
82.462926224
82.426510822
82.581133891
82.698050464
82.767731597
82.791906269
82.799996285
82.901019897
82.810343299
82.880964421
82.762267201
82.922661462
82.915617657
82.910994779
82.967062926
82.928384367
82.935321273
83.051587685
83.057010421
83.047962267
83.119575244
83.081074880
83.123582891
83.284598742
83.223578188
83.318659177
83.470617605
83.444323844
83.469287506
83.483784586
83.556214113
83.532486338
83.622981660
83.558578262
83.653409994
83.577199725
83.665178231
83.593032955
83.605352905
83.643483047
83.620858818
83.680376147
83.691005769
83.679437125
83.793580915
83.798647393
83.752513725
83.819655411
83.837018600
83.897722884
83.863472085
83.881163338
83.918026105
83.955703752
83.963005902
84.007049440
84.042273213
84.052211171
84.078036347
84.137891699
84.140057586
84.073499059
84.103615578
84.182745241
84.204588572
84.219414474
84.194803317
84.224026280
84.211740048
84.204033533
84.253431218
84.198443036
84.264529529
84.233712959
84.228403329
84.251151827
84.312648977
84.279173258
84.364829525
84.372617902
84.351439559
84.365088823
84.411186259
84.427785674
84.402923563
84.343885080
84.429882959
84.429012051
84.412419535
84.465846551
84.452425274
