0.538579557
0.740651117
0.875382480
0.945186265
0.955197838
0.978144608
1.000427992
1.011252009
1.021308198
1.310427538
1.497064214
1.650728300
1.999304013
2.163948538
2.355213461
2.391073162
3.037622870
3.048714135
3.060222198
3.071709022
3.083265593
3.094485962
3.106364068
3.254203044
3.448633396
3.737740511
3.895521933
3.933173303
3.944162706
3.980909831
4.011796422
4.181392988
4.347688698
4.517153856
4.754920398
4.791220167
4.830348254
4.841344093
4.875512732
4.932187246
4.942896810
4.982697585
5.018254788
5.053783347
5.083844591
5.094636095
5.129681137
5.165195105
5.200354442
5.326166505
5.483674618
5.635643191
5.969535252
6.142961149
6.329456879
6.614619617
6.666312342
6.723823902
6.950221258
7.272391779
8.084351152
8.096467164
8.107579073
8.119456901
8.131111672
8.141766936
8.152950615
8.164166793
8.174836256
8.185916430
8.223652908
9.277197366
9.288376453
9.298750123
9.311274258
9.323181595
9.333603839
9.344325988
9.511102198
9.673018278
9.684115980
9.721043742
9.762531612
9.929845912
10.096527644
10.292793067
10.447207596
10.802498543
10.944607486
11.153785220
11.193903441
11.230130651
11.269679824
11.368457352
11.529199218
11.715868281
11.869204712
12.036230681
12.382485703
12.550132685
12.755335173
12.795583563
12.805784848
12.845233869
12.947296039
13.107541834
14.157099739
14.168627411
14.179860994
14.190496375
14.200827167
14.212098716
14.223223927
14.233229200
14.244069124
14.278577877
15.579813842
15.591765135
15.602577510
15.613385188
15.624492386
15.635682536
15.645797332
15.656968173
15.667050096
15.678107275
15.691804166
15.723386516
15.761255915
15.799552109
15.932373589
16.116262989
16.304163121
16.488582765
16.679361059
16.862343965
17.046426659
17.131008699
17.141754613
17.179780969
17.219411537
17.254874015
17.265875531
17.424619842
17.616126031
17.982028095
18.195551331
18.379692574
18.526559436
18.567300147
18.578635850
18.618287516
18.657093005
18.696090677
18.802962241
18.972813870
19.160915878
20.114907457
20.127032118
20.157477960
20.167016649
20.178317173
20.188593733
20.200622522
20.809690256
20.820693000
20.832757439
20.845048398
20.856599349
20.867822626
20.878142723
21.070578875
21.224133337
21.396983350
21.661406884
21.671385339
21.705238789
21.743753122
21.888728692
22.059244217
22.248467027
22.413883029
22.610523777
22.800127614
23.043910345
23.054426494
23.094361955
23.132498557
23.170777689
23.208784049
23.245474489
23.416757191
23.583259146
23.756734878
23.948864121
24.135269330
24.300900152
24.484491976
24.683621105
24.755720421
