0.002285680
0.003297196
0.003523154
0.004528348
0.004875098
0.005474577
0.005488575
0.005843654
0.013302261
0.007356186
0.007584911
0.015230352
0.015434301
0.016073203
0.017217165
0.017678385
0.023713954
0.023768531
0.024777506
0.025399312
0.026553153
0.026856869
0.031796514
0.032712459
0.033941338
0.034244313
0.035717840
0.036977111
0.037722739
0.038472128
0.039672222
0.040770075
0.041896286
0.043131965
0.044324904
0.045150835
0.046370013
0.047535558
0.048087599
0.049244056
0.050393282
0.050914199
0.065501372
0.066485288
0.067683962
0.068912617
0.067993640
0.068908105
0.069335478
0.069314340
0.068563079
0.069533046
0.069804694
0.070940995
0.072239638
0.073270686
0.074469136
0.075704286
0.076889753
0.078192136
0.079280891
0.080135661
0.081535112
0.082099619
0.083366922
0.098185878
0.099310995
0.100586415
0.101206473
0.102147971
0.102549746
0.103749403
0.104001841
0.103812509
0.104837400
0.111326787
0.106857032
0.107850911
0.107513541
0.108846997
0.109998501
0.122566346
0.122922436
0.123531412
0.124893456
0.126161025
0.127055916
0.127999274
0.129210696
0.130242374
0.131414548
0.131981737
0.133217213
0.134327274
0.135577749
0.136582806
0.136882943
0.137879708
0.138062722
0.138944827
