0.000173847
0.000414762
0.000214674
0.000304260
0.000540436
0.000314334
0.000317286
0.000964514
0.000220054
0.000202414
0.000196607
0.001216172
0.000226512
0.000207449
0.000311957
0.000720201
0.000223034
0.001559048
0.000206273
0.001231347
0.000185548
0.000395557
0.001129611
0.000396216
0.000202800
0.000285221
0.000334187
0.000605580
0.001014390
0.000305170
0.000546835
0.000471595
0.000187971
0.000401302
0.001595819
0.000454525
0.000187568
0.001186352
0.000215148
0.000204785
0.000223501
0.000215124
0.000331363
0.000206148
0.004023695
0.000288553
0.000215570
0.000205074
0.000180320
0.000504222
0.000199543
0.001311157
0.000201941
0.001164013
0.000431554
0.000543359
0.000549730
0.000382494
0.000361337
0.000979167
0.000199422
0.000734645
0.000208899
0.004400389
0.000199551
0.000193802
0.006130180
0.000232858
0.000222388
0.000348599
0.000336073
0.000195953
0.000221226
0.000202655
0.000306953
0.000553381
0.001313336
0.000389806
0.000355631
0.001088600
0.000251449
0.000523291
0.000206798
0.000196136
0.000219583
0.000251891
0.000308768
0.000359954
0.002971013
0.000499085
0.002357828
0.000211114
0.000209639
0.000218493
0.000218345
0.000212065
0.000196341
0.000214503
0.000200276
0.002025665
0.000266802
0.000211896
0.000221428
0.000354009
0.000394861
0.000612579
0.000282852
0.000498592
0.000390407
0.000635779
0.002111337
0.001395108
0.000667771
0.003928906
0.000196827
0.001139726
0.001283540
0.000417949
0.000413759
0.001690988
0.001868939
0.003407298
0.001907591
0.000427773
0.000180858
0.000805517
0.000222593
0.000205911
0.000656688
0.000201349
0.001017050
0.000388104
0.000363965
0.000232635
0.000348014
0.000177142
0.000639264
0.000184781
0.000391075
0.000204290
0.001095350
0.000199578
0.001444653
0.000538477
0.001513979
0.003293259
0.000208730
0.000461788
0.000202050
0.000209999
0.000208124
0.000218179
0.000203596
0.005890150
0.006853291
0.003604630
0.000205850
0.001075073
0.000390184
0.000399438
0.000242261
0.000353648
0.000705372
0.000203163
0.001930930
0.000211145
0.000185689
0.000792178
0.000200423
0.001206290
0.000233084
0.000196302
0.001076003
0.000223475
0.000237193
0.000225686
0.000219801
0.000501978
0.000545622
0.000195116
0.000534206
0.000434961
0.000185033
0.004920697
0.000469244
0.000359840
0.002854835
0.000903455
0.004126736
0.000414406
0.000901208
0.002122569
0.000383962
0.001926164
0.000278392
0.001983972
0.000285367
0.001530268
0.000294049
0.000374296
0.001767574
0.000202970
0.000244307
0.000204037
0.000227725
0.000406710
0.000205235
0.000201079
0.002831463
0.000373234
0.000639760
0.000359931
0.001622693
0.000188263
0.003689259
0.002354458
0.000449844
0.000368773
0.001054244
0.000623038
0.000200677
0.000681784
0.001678306
0.000487742
0.003691999
0.005868921
0.000858197
0.000188116
0.002002437
0.000179855
0.002678479
0.002397585
0.000174470
0.000862483
0.001291775
0.000184400
0.000345951
0.000288475
0.000359410
0.000211388
0.000377854
0.000282205
0.000357851
0.000200148
0.000196819
0.000357397
0.000186124
0.000193220
0.000182073
0.000187957
0.000182426
0.000199312
0.000311059
0.000373924
0.000355026
0.001109615
0.000179992
0.000285394
0.000288961
0.000375916
0.000298427
0.000180394
0.001102339
0.000369818
0.001161952
0.001493147
0.000430076
0.000372855
0.002457271
0.001134389
0.001173032
0.002119952
0.001155344
0.001052779
0.001198040
0.001027238
0.000256815
0.000370329
0.000769069
0.000802131
0.000510654
0.000192497
0.000369899
0.000383239
0.001428135
0.000208523
0.002618155
0.000964180
0.000772063
0.001850511
0.000470449
0.001016369
0.001138605
0.000224495
0.000914103
0.000972315
0.000192138
0.000364537
0.000571378
0.000200724
