0.011558392
0.020847900
0.043109852
0.233900946
0.543272857
0.675981304
0.843114018
0.885673273
0.912656084
0.942397050
0.974247095
1.005847500
1.115023730
1.290534917
1.485230725
1.667579008
1.980468121
2.509329010
2.515341104
2.522585923
2.529669984
2.536715500
2.543928367
2.669900156
2.846522058
3.008148965
3.164013704
3.475436306
3.663095547
3.844169826
3.944047422
3.974172113
4.009983560
4.045392543
5.132995460
5.140312135
5.147746912
5.154384812
5.161330490
5.314137684
5.383651009
5.451092837
5.480702974
5.511399517
5.531712864
5.568843075
5.743282867
5.908409589
6.092051354
6.455741642
6.608136962
6.642846690
6.674631614
6.707883979
6.742929043
6.778400419
6.812918005
6.846778720
6.880970104
6.918309682
7.064298222
7.194998693
7.382934321
7.538614878
7.727345672
8.103143424
8.225774852
8.420511336
8.453059066
8.486191499
8.518895865
8.570560033
8.752366725
8.936862052
9.923898630
9.930601370
9.938157496
9.944838173
9.951147329
9.958540649
9.965532844
10.000684558
10.055817457
10.439483678
10.789374039
11.170227551
11.335070425
11.434030742
11.470312984
11.478767612
11.484643213
11.491728635
11.523007224
11.603872377
11.768680490
11.894901461
12.084986186
12.264080407
12.441091352
12.764253162
12.953428424
12.987271054
13.022941383
13.057890190
13.136012545
13.293069437
13.481867432
13.637944233
13.818756928
14.166897055
14.634402928
14.641889467
14.649229293
14.655694234
14.662973655
14.843445470
14.992045649
15.089376827
15.249661296
15.608208937
15.782240972
15.848162993
15.881858769
15.915664564
15.950043777
15.984806043
16.018757536
16.043157575
16.125837298
16.686449257
16.987082428
17.250932074
17.309941401
17.351239368
17.396889779
17.404323013
17.444716302
17.750577736
17.834623843
17.849915414
17.857560672
18.062640393
18.412455620
18.561614352
18.902684017
18.945051081
18.952014545
18.959713902
18.967948181
18.975718157
18.983610249
19.008751284
19.035194085
19.289863355
20.199590107
20.207152166
20.213787251
20.220854460
20.227632516
20.234001298
20.241421524
20.247751263
20.275167961
20.308433706
20.341873311
20.379052939
20.413308148
20.437080989
20.566159538
20.753309545
20.944439637
21.309209312
21.410729888
21.580291215
21.721781571
21.754916719
21.792670739
21.824710551
21.860483591
21.898547781
21.966068756
22.161833206
22.746191870
22.753519513
22.759839942
22.766027173
22.773464735
22.780358917
22.803080544
22.839518230
22.870941308
22.908279735
22.922982954
22.957997222
22.993211311
23.025086400
23.060359531
23.093271631
23.298505384
23.490918697
