51.069258799
54.495727432
55.078750421
55.046452661
55.220385394
56.097233176
56.117169398
56.979555650
57.127002647
57.389165045
57.606334383
57.684506292
57.788153083
58.013872742
58.082975785
58.021530689
58.267427405
58.296950426
58.367530010
58.367548947
58.395149741
59.094906449
59.384844062
59.577515898
59.523885060
59.581446279
59.643332764
59.750272595
59.943868764
60.104761422
59.952778691
60.034605361
60.031856197
60.099150635
60.091475515
60.133215319
60.306235758
60.425202377
60.537812405
60.582396782
60.671032303
60.633038412
60.756788720
60.875380095
60.854949840
60.911285984
60.914014542
60.905372771
61.031051647
61.130872859
61.101950466
61.212012045
61.279092045
61.291377207
61.329274440
61.509439086
61.554007236
61.543095296
61.574395233
61.827566703
61.823738333
61.824743912
61.981951510
61.869811392
62.024320591
62.085730516
62.068441732
62.226608580
62.184205924
62.251628256
62.100637475
62.308915843
62.212085063
62.241711668
62.360498786
62.512467474
62.398398708
62.391371849
62.435935380
62.477053823
62.458283185
62.589077733
62.642045339
62.654030219
62.613375730
62.772165827
62.750587819
62.655425761
62.726887278
62.772366440
62.769258390
62.763467594
62.877880287
62.971424890
62.950260170
62.933003608
62.977805225
63.131604368
63.252885921
63.269180128
63.281259738
63.419855291
63.386555834
63.399072840
63.515891760
63.353653246
63.518212496
63.529476261
63.489459604
63.583151302
63.580827036
63.559605988
63.626059566
63.624014288
63.567645097
63.630416329
63.724855576
63.740397429
63.829937764
63.850003751
63.790125164
63.754952656
63.762888009
63.944814643
63.915280673
64.064125052
63.976591431
64.081855757
64.076219552
64.103372038
64.068095583
64.280847561
64.231526449
64.273945917
64.326557981
64.341350262
64.309513558
64.349671392
64.358840291
64.360657306
64.431171110
64.371300896
64.463565791
64.391955743
64.451167054
64.480211884
64.517430272
64.521700921
64.472654528
64.584484166
64.493382012
64.662902720
64.529549232
64.619867542
64.630989508
64.643336095
64.616009915
64.773617106
64.725089276
64.721464236
64.791589625
64.713617422
64.755061552
64.831875007
64.826823069
64.841166493
64.874198788
64.779920725
64.928016251
64.893116733
64.981185997
65.019992278
64.946997694
65.028031109
65.023576251
64.965456375
64.970749630
65.077916011
65.114751909
65.076917686
65.154835801
65.053958906
65.107484194
65.176847974
65.219053835
65.137121631
65.188966579
65.235882744
65.245360569
65.211545038
65.284320065
65.291348549
65.284173621
65.328300875
65.273407448
65.302852368
65.326905210
65.310632932
65.348523038
65.367743620
