0.000104224
0.000254281
0.000380136
0.000516546
0.000598375
0.000234768
0.000671990
0.000157207
0.000154989
0.000154636
0.000233671
0.000133394
0.000112467
0.000129609
0.001457915
0.000129599
0.000209669
0.000126956
0.000133379
0.000968371
0.000122251
0.000209734
0.000152543
0.003342185
0.002563166
0.001591692
0.000462927
0.000662406
0.000477388
0.001420796
0.006517998
0.000272384
0.000136536
0.001213664
0.001180173
0.000285745
0.000243961
0.000113324
0.005175591
0.000139555
0.000994631
0.000133345
0.000149889
0.000274118
0.000398412
0.000562975
0.000130245
0.000147887
0.000134076
0.003173847
0.000297270
0.000280610
0.000170189
0.000134430
0.001772773
0.000123929
0.002354409
0.000125459
0.000123129
0.000117099
0.000210663
0.000126982
0.001647870
0.000477385
0.000192034
0.000117313
0.000700454
0.000403457
0.003873755
0.002231543
0.000220630
0.001253270
0.001476594
0.000125215
0.001630257
0.000400154
0.000606682
0.000135422
0.000122584
0.000241786
0.000294158
0.000168914
0.000225356
0.000135877
0.000129816
0.000135989
0.000130532
0.002663185
0.000332232
0.000124467
0.000132004
0.000131827
0.000209604
0.000297686
0.000133623
0.000792638
0.000129077
0.000596545
0.000106491
0.000383776
0.005670317
0.002057671
0.000136551
0.000172003
0.000120483
0.000141052
0.000182107
0.000278577
0.001489986
0.002863613
0.001044645
0.001929499
0.000120694
0.002430205
0.001362680
0.000436727
0.000381967
0.000123524
0.000130535
0.000137486
0.000968859
0.002123555
0.000954991
0.000288814
0.000135240
0.000114591
0.000324934
0.000613099
0.001114321
0.000308182
0.000983793
0.001263946
0.000316538
0.000128006
0.000514563
0.000647388
0.000216434
0.000131473
0.000122821
0.003858412
0.000314922
0.000113176
0.000845108
0.000112071
0.000113225
0.002948955
0.001331720
0.000974296
0.001887419
0.000110352
0.000298974
0.000357365
0.001783625
0.002943658
0.000211378
0.003837401
0.001627958
0.000324664
0.000689563
0.000138341
0.000252664
0.002537048
0.001026004
0.001988710
0.000416623
0.000112023
0.000105597
0.000514839
0.001369142
0.000135342
0.000121004
0.000115670
0.000109497
0.002110518
0.000463774
0.002767232
0.001756653
0.000502586
0.000347331
0.000970160
0.000114556
0.003371268
0.000149560
0.000257891
0.000107904
0.000127292
0.000161258
0.003101089
0.000226531
0.000259593
0.001433498
0.002584912
0.000557624
0.002322540
0.001452493
0.000821881
0.000144449
0.000126247
0.000336018
0.000205585
0.000183640
0.000123436
0.000356970
0.000116365
0.000148015
0.000119054
0.000808033
0.002122687
0.001415552
0.000115770
0.000583404
0.000142730
0.000125553
0.001046943
0.000114901
0.000112888
0.000133419
0.000891254
0.000145574
0.000264014
0.000204212
0.000509385
0.000128500
0.001082066
0.002826599
0.000120891
0.002245382
0.001540003
0.000132495
0.000434806
0.000122906
0.000141360
0.000132628
0.000327731
0.000103206
0.000128500
0.000416876
0.001309367
0.000627755
0.000135907
0.000188920
0.000119949
0.000107959
0.000111487
0.001448466
0.000722462
0.002985905
0.000190291
0.000508364
0.002117561
0.000146987
0.000240980
0.000293640
0.003313076
0.002964161
0.000345574
0.000127526
0.000763068
0.002881609
0.000247909
0.003014547
0.000495863
0.000125239
0.001058095
0.000449282
0.000294895
0.000107968
0.000378792
0.003935409
0.000244313
0.001990953
0.002922150
0.000115697
0.002223520
0.001472890
0.000126949
0.000142739
0.000109190
0.000112451
0.000661981
0.000342560
0.000202050
0.000108944
0.001429605
0.000107464
0.003049293
0.004430925
0.005832235
0.002274786
0.000919318
0.000403674
0.000573398
0.001233085
0.000665810
0.001181525
0.000318656
0.000364544
0.001754290
0.000131883
0.000513764
0.000552553
0.000710380
0.000249375
0.002831842
0.001220234
0.000716352
0.000207035
0.001559827
0.000390927
0.000128077
0.001615426
0.001000152
0.000131055
0.001742730
0.002619697
0.000889143
0.000140638
0.002914715
0.000121664
0.000234201
0.000438403
0.000484801
0.000359746
0.000112121
0.000113778
0.001062828
0.000108655
0.000370889
0.004631709
0.000661666
0.000182643
0.000230486
0.000279893
0.000320380
0.000111012
0.000194597
0.001334852
0.001663311
0.000362063
0.000456954
0.000130936
0.000366593
0.000660242
0.000122012
0.001985870
0.001082593
0.000134875
0.000125451
0.000121224
0.002568215
0.000574571
0.000114023
0.000665604
0.000107962
0.000173439
0.000241464
0.000130944
0.001394889
0.000121741
0.000109618
0.000121951
0.002198712
0.003461382
0.000954907
0.002676867
0.000338204
0.000102931
0.003990590
0.002303585
0.000200088
0.000190636
0.001093888
0.000116254
0.001820422
0.000396766
0.000840565
0.000408403
0.000192620
0.000166241
0.000423779
0.000201724
0.000109417
0.000108982
0.000107186
0.002483399
0.000124327
0.000133161
0.000422452
0.000135390
0.002100566
0.000120839
0.004511198
0.004617337
0.001293268
0.000122930
0.000115229
0.001001276
0.001291557
0.000493677
0.000187313
0.000170684
0.001152849
0.002282992
0.002686990
0.000181341
0.000116894
0.000970467
0.000123581
0.001606460
0.001134123
0.000193918
0.000133621
0.000132263
0.002369338
0.002116680
0.001193649
0.000615873
0.000430338
0.000278496
0.000242192
0.000769631
0.000120303
0.000409257
0.000674687
0.000138573
0.000476986
0.001024020
0.000126187
0.000556021
0.000128199
0.000162830
0.001146446
0.000831296
0.001741028
0.000196543
0.000120059
0.001500648
0.002572823
0.000251386
0.000106213
0.000384131
0.000120825
0.000120600
0.001028935
0.003319270
0.002401467
0.000269773
0.001444928
0.000218425
0.000313595
0.000248330
0.000414569
0.000121625
0.000112330
0.000114702
0.000720752
0.000783031
0.000189770
0.002313214
0.000206151
0.000230132
0.000305115
0.000263009
0.002269893
0.000466895
0.000481290
0.004615807
0.000369985
0.000396730
0.000133134
0.000117351
0.000115852
0.004748754
0.000116266
0.000628682
0.003986348
0.002642676
0.001687919
0.000527139
0.000170768
0.000876800
0.000117977
0.002147596
0.001245281
0.000260148
0.002345528
0.001535951
0.000237185
0.000222855
0.001336526
0.001566253
0.001194283
0.000149477
0.000101881
0.000101693
0.000831822
0.000745999
0.000892079
0.000123808
0.000188414
