22.794101270
25.018209062
25.404701779
25.830537816
26.149007221
26.456857919
26.472432734
26.577445640
26.791399362
26.984726249
27.120505700
27.214891619
27.321783574
27.191363607
27.390947386
27.459151662
27.673685685
27.641532125
27.715100694
27.781208374
27.854966692
27.724711058
27.891418873
27.901384893
28.076644600
28.026322790
28.115605449
28.067710086
28.256158166
28.192843400
28.331607182
28.334575404
28.249342969
28.432075122
28.335953666
28.404079206
28.408304081
28.466386033
28.675415606
28.779872130
28.713589215
28.717086509
28.814741032
29.063228404
29.026082495
29.212443546
29.270222113
29.350965305
29.595447636
29.560526369
29.536923269
29.486453017
29.637306246
29.492406370
29.524640844
29.536917394
29.607563403
29.630106669
29.754555951
29.923657392
29.928061438
29.898899972
29.903428778
29.968485798
29.968388392
30.018698685
30.015715752
30.206697505
30.288508273
30.299120760
30.209512657
30.188127765
30.298746684
30.274182094
30.352142531
30.419581638
30.451533043
30.465462836
30.350770034
30.395159556
30.446923852
30.471939566
30.461707254
30.609522847
30.583600368
30.558779487
30.576780929
30.528690207
30.567519527
30.547402685
30.645716170
30.664861669
30.716371260
30.775083820
30.740275689
30.737014047
30.776363616
30.706823355
30.736285024
30.814222702
30.813359955
30.814675872
30.820062128
30.842741339
30.842371005
30.892455870
30.859519076
30.854520040
30.861984306
30.882048452
30.948915327
30.954463107
30.962719221
31.056929200
31.074169170
30.997571248
31.021143806
31.095818118
31.134265293
31.124975013
31.135156117
31.136403677
31.079534816
31.022853977
31.027775816
31.090275091
31.086660029
31.138105164
31.156009748
31.137499784
31.127760520
31.218494500
31.231666385
31.268190944
31.296613698
31.322877774
31.323918592
31.343254623
31.225936686
31.219066212
31.230125239
31.266772482
31.268697976
31.306630212
31.296008895
31.418482762
31.353516908
31.441022154
31.380363157
31.413257118
31.387866198
31.414750500
31.379314620
31.506914335
31.433807114
31.402084963
31.429885256
31.445131250
31.520500269
31.471501648
31.512428343
31.616500683
31.538580237
31.575204290
31.653127642
31.617896242
31.598173556
31.621645219
31.630687379
31.586610097
31.635859612
31.722126337
31.744990611
31.754136284
31.694582162
31.628462763
31.645748183
31.726795425
31.708744018
31.667273237
31.830702077
31.700131449
31.859774385
31.781859281
31.864905974
31.767778247
31.793646949
31.783957277
31.830443021
31.810860103
31.790209685
31.795072567
31.942318784
31.937194953
31.947063820
31.814554460
31.910378485
31.814687621
31.975523588
31.898094432
