19.625989549
42.150064723
49.946387516
50.573495208
50.709509045
50.927327866
51.260086700
51.583930197
51.914182938
52.247761511
52.555469208
52.790522904
53.129065650
53.461393338
53.794400048
54.127054745
54.331975969
54.662426226
54.996522312
55.331959804
55.708424204
55.916151807
56.250035788
56.590818063
56.934590732
57.266229001
57.374752619
57.451640891
57.515710430
57.723708609
58.065654866
58.399446531
58.744139466
58.970965626
59.043494700
59.124512321
59.195649003
59.269235939
59.450033638
59.783384614
60.128041566
60.463672242
60.827800109
60.970144650
61.269008943
61.594155771
61.932986917
62.275951303
62.602418162
62.870647723
63.200865326
63.523189351
63.853922944
64.092437597
64.158513447
64.224210779
64.513720114
65.397336038
65.852485567
66.195395555
66.526598313
66.852454903
67.188018203
67.468002555
67.795425852
68.128966796
68.456120191
68.766912911
68.872687881
69.178851933
69.527559657
69.869089488
70.178357672
70.244576567
70.324946743
70.390398652
70.466365188
70.701868675
71.069686857
71.391832971
71.717533582
71.965821449
72.046673319
72.115270523
72.197471217
72.388156194
72.721443333
73.054391105
73.390381986
73.693484577
73.759545008
73.823842514
73.890114043
73.992468473
74.351048315
74.674765830
74.995480629
75.321086806
75.562117772
75.865509701
76.227446245
76.557427426
76.898498550
77.194067268
77.517966926
77.850614876
78.185515574
78.519590437
78.846076979
79.122092473
79.455232848
79.787237809
80.121001395
80.466086231
80.699428701
81.126652621
81.503668587
81.825676763
82.118801626
82.434430862
82.767963313
83.099385800
83.442001593
83.769863848
84.043159067
84.382981393
84.729082080
85.067400083
85.249597346
85.316010907
85.381190277
85.502403331
85.837269422
86.169771093
86.547523414
86.809950918
86.877963317
86.944972689
87.023669733
87.088311742
87.154736837
87.357518126
87.682931802
88.014192481
88.364134708
88.676402668
88.751909274
88.817873103
89.040863370
89.389229044
89.731442728
90.066894547
90.410493841
90.475146247
90.554256537
90.786050816
91.114401438
91.464355515
91.835559324
92.064456146
92.128131962
92.205925690
92.375324820
92.703816815
93.036886252
93.351113310
93.694493420
93.789360475
93.855762534
94.139765160
94.467039343
94.795849496
95.132142919
95.445762966
95.552026573
95.891675695
96.219970070
96.555942938
96.831498132
96.910380435
96.975352089
97.053403311
97.129680474
97.193863318
97.512572210
97.867325088
98.194110001
98.533700422
98.817995473
98.957555738
99.293630085
99.638119206
99.970382728
100.220661822
100.298573738
100.378624606
100.444008991
100.522935775
100.760638187
101.119812852
101.467352214
101.814645145
101.991430646
102.072740161
102.140551359
102.221806906
102.331458988
102.652053108
102.985913595
103.326121017
103.658674544
103.894264787
104.122732871
104.441634997
104.776026091
105.109524960
105.311613774
105.375845083
105.452502957
105.516785969
105.686446822
106.027354396
106.349276746
106.671234092
107.036916176
107.126338433
107.194008111
107.500513735
107.837766271
108.168354809
108.496360973
108.730129005
108.800156019
109.015757762
109.372937397
109.700929485
110.035119542
110.369173229
110.475081710
110.764847085
111.100891909
111.436002036
111.768004693
112.116931552
112.296379458
112.637319076
112.962573318
113.306370510
113.556755104
113.621231858
113.702691255
113.782380705
113.849610524
114.143500570
114.481916311
114.809466818
115.149861669
115.407668877
115.471324271
115.635459216
115.963228610
116.291251366
116.630247959
116.960947272
117.068940680
117.137658677
117.449631815
117.783513186
118.120187920
118.453297961
118.522382479
118.597239819
118.663325233
118.730337736
118.812012505
119.119912442
119.446769846
119.791543754
