0.000978650
0.000947072
0.000996864
0.001873415
0.002781973
0.003851112
0.003689545
0.003134718
0.004131981
0.002177902
0.002082227
0.002675340
0.003326682
0.009418847
0.004474338
0.012674864
0.005243373
0.005381704
0.008005880
0.008459178
0.011337505
0.012045155
0.012741218
0.015807336
0.017027497
0.017174436
0.018077707
0.018927040
0.019203689
0.020533073
0.020869634
0.021387380
0.022190857
0.022372853
0.029444832
0.029911829
0.030455550
0.030558040
0.031459573
0.031643440
0.032521073
0.033366587
0.034029733
0.033996113
0.034718192
0.034578612
0.035095254
0.035845490
0.035806040
0.036612384
0.036125212
0.035567137
0.035973537
0.036254268
0.036857878
0.037218835
0.038082327
0.038717486
0.039411548
0.039891215
0.040728963
0.041346350
0.042192573
0.042949100
0.043515149
0.044252644
0.045164729
0.046025664
0.045580622
0.045577358
0.039915877
0.039957397
0.040633789
0.040296399
0.041125088
0.042016102
0.042248108
0.043144105
0.043824810
0.044604518
0.045449507
0.046400223
0.047054314
0.047919625
0.048585070
0.071454361
0.072290199
0.073144951
0.074539482
0.074549905
0.075094499
0.075943503
0.076009011
0.076828818
0.077437783
0.078663051
0.101332666
0.101740725
0.102447591
0.102991934
