0.194418568
0.417357313
0.803098784
1.083226365
2.116634336
2.127653064
2.138342682
2.148749479
2.158074883
2.168953667
2.177304376
2.373687644
2.494110715
2.504984778
2.569628465
2.949651497
3.119662215
3.319520353
3.506257299
3.731882173
3.790259085
3.825705624
3.836243074
3.872973335
4.963263948
4.974227496
4.985353230
4.995546160
5.105254575
5.116492171
5.127174840
5.138519716
5.149638137
5.715662513
5.726911200
5.738066974
5.749297790
5.760400445
5.771215828
6.042129910
6.079192952
6.106342932
6.117308289
6.170236803
6.202456463
6.237488851
6.271294013
6.307468321
6.317534950
6.350809205
6.384748193
6.418015384
6.927437527
7.271912066
7.516694006
7.565600079
7.611841109
7.656444034
7.701947791
7.784839503
7.800449659
8.006969629
8.804538809
8.816370473
8.828204415
8.840089855
8.851797635
8.863564268
8.874478815
8.885750262
8.897059154
8.933582056
8.969732418
8.980113398
9.018725875
9.317861038
9.508719063
9.671985829
9.879189278
10.031406018
10.069580167
10.105343701
10.139452265
10.175418706
10.213700696
10.224804792
10.265002500
10.300459584
10.340198869
10.514334831
10.729796659
11.093530282
11.321718398
11.374849564
11.410856508
11.444855365
11.481874919
11.519065646
11.530228479
11.559028631
11.595327298
11.634146997
11.704916454
11.900738474
12.804007938
12.814710561
12.826152954
12.835985911
12.847076406
12.857280954
12.868371899
13.193919290
13.204870797
13.216249457
13.227460680
13.238186168
13.249357606
13.459516855
13.620347150
13.776234852
13.998455569
14.194886401
14.228208385
14.265549533
14.300473877
14.310527862
14.343050622
14.481780775
14.667089848
15.028410421
15.245589831
15.457093498
15.656808015
15.721997693
15.755382253
15.893976064
16.280892196
16.463484867
16.675698633
16.863294142
17.075668588
17.129494269
17.161995450
17.361223043
17.569065570
17.751231966
18.693613695
18.704648092
18.715015125
18.725945132
18.736430237
18.746978578
18.757972803
18.973222693
20.026044948
20.036718162
20.047830100
20.058650727
20.069706813
20.080619961
20.091121414
20.265501248
20.391226983
20.611533373
21.000343649
21.011282921
21.047258160
21.088618649
21.126753983
21.162235857
21.200368226
21.211553062
21.251511541
21.292177980
21.492548460
21.684939223
22.055440776
22.283211697
22.322665044
22.359514938
22.394050267
22.404326691
22.440101204
22.478947363
22.519342132
22.529917179
23.702911025
23.714877038
23.725830224
23.737111642
23.747886293
23.758861292
23.769816642
23.780337744
23.790596611
23.801795847
23.837121341
23.874284290
24.190321315
24.562450115
24.752790235
25.075915308
25.098874312
25.109875252
25.133551177
25.164634961
25.202637173
25.252470612
25.655562304
25.833165656
25.991204697
26.088513716
26.194456586
26.308123945
26.319815103
26.354465478
26.390492301
26.430772964
26.466960879
26.505072092
26.610317588
26.947448959
27.132375837
27.280141537
27.424290939
27.598650388
27.683055961
27.714721867
27.751336767
27.787022242
27.798431858
27.837302047
28.014568354
28.231473833
28.434333169
29.206158390
29.217642636
29.229784462
29.241082728
29.253084437
29.264799400
29.276002603
30.504602569
30.515981525
30.527857271
30.539853893
30.550947706
30.561217127
30.571730418
30.582488446
30.593477426
30.605087437
30.802267435
31.008411404
31.413094552
31.622629780
31.813267937
31.927070509
31.965199723
32.042256271
32.237451297
32.447700406
32.826443052
32.948388561
32.987340319
32.998384103
33.038148346
33.073078291
33.115624268
33.126901961
33.163263654
33.198197864
33.239082887
33.426153318
33.638472082
33.839199519
34.045485503
34.827482393
34.838170696
