0.001315510
0.001302951
0.003573989
0.002067494
0.001840500
0.001348521
0.003142215
0.002903283
0.009806825
0.003799942
0.206215821
0.206286671
0.207717145
0.205965320
0.233654351
0.234842156
0.235023698
0.236350636
0.235410737
0.259244588
0.262736989
0.262823077
0.262853788
0.319512227
0.320049321
0.490449739
0.491233258
0.491559537
0.492895866
0.493823227
0.598203749
0.598354532
0.598068519
0.763902830
0.765100082
0.767260535
0.766364713
0.766371683
0.767139704
0.768009056
0.863214578
0.866356663
0.865861651
0.865725344
0.963842919
0.964283910
0.964362374
0.965560570
1.124193355
1.124784402
1.125404026
1.126888890
1.127278254
1.127495253
1.127974557
1.219776345
1.220485032
1.221827141
1.222972194
1.287354822
1.288903337
1.289050267
1.302099838
1.303118920
1.303775101
1.304560104
1.303868805
1.316773566
1.317281654
1.317036631
1.316796488
1.319291456
1.319801131
1.326767347
1.327136752
1.329397744
1.329935112
1.329458888
1.331192084
1.345468945
1.347734529
1.347640024
1.348243480
1.349064539
1.349855774
1.361995720
1.362644314
1.363975500
1.365247885
1.374947628
1.375619574
1.375451152
1.376137608
1.387640002
1.388416912
1.388910930
1.389505361
1.403398585
1.403360678
1.404470552
1.405341890
1.405605894
1.411770778
1.412111892
1.412743562
1.412906269
1.412729399
1.436951174
1.437181650
1.439174928
1.438819622
1.439526459
1.440306596
1.440635517
1.441434580
1.453790782
1.454008738
1.454216217
1.454975892
1.455917403
1.468287453
1.469990852
1.470232779
1.471765594
1.477230484
1.477040299
1.476307020
1.476266929
1.489100508
1.488141422
1.489784194
1.488677959
1.489208344
1.489703427
1.504590879
1.504970107
1.505782313
1.506698359
1.507218511
1.507441623
1.522810818
1.523542126
1.528143275
1.527001754
1.527805624
1.528884135
1.530928115
1.625356039
1.625504456
1.626567359
1.712440375
1.714266448
1.715295034
1.715193447
1.775317848
1.777307023
1.776819332
1.776231731
1.865983493
1.865711550
1.867458085
1.964733739
1.965668107
1.966352017
1.967947619
2.052944114
2.053669521
2.053900087
2.054295039
2.092197277
2.094239340
2.095427808
2.095384383
2.195777823
2.196476943
2.198277032
2.197986465
2.291404541
2.291734962
2.291388665
2.380539113
2.380392662
2.383069499
2.381762567
2.468545095
2.468772004
2.469738401
2.562422459
2.563123425
2.563672801
2.565128320
2.609755114
2.610950104
2.610836012
2.611946744
2.686722708
2.689949833
2.688889279
2.688411615
2.777823888
2.780518593
2.779912815
2.779688134
2.822576143
2.822397886
2.822663852
2.836654167
2.837678975
2.837967116
2.838516971
2.839399461
2.852844179
2.852885796
2.854211848
2.855149219
2.856039956
2.863541781
2.864470810
2.865416913
2.865268651
2.866028987
2.866692344
2.878535719
2.878621782
2.878986798
2.879594645
2.934353040
2.935188964
2.934302709
3.028702934
3.029222844
3.029924384
3.030797133
3.125026387
3.125547731
3.126154637
3.126854789
3.219159500
3.220856386
3.221374422
3.220722347
3.220999631
3.295494783
3.296843445
3.296891777
3.297320285
3.394140532
3.395393582
3.394812637
3.395593191
3.487244012
3.487937589
3.488074699
3.488727321
3.568873614
3.569770541
3.571652426
3.571932546
3.673218590
3.673486477
3.673836514
3.673538910
3.802299576
3.803125494
3.803834845
3.804085556
3.804668246
3.816650186
3.817410886
3.818107938
3.817945800
3.830418316
3.831332097
3.831999586
3.832769451
3.832957557
3.833608714
3.834197581
3.834464342
3.847852512
3.849065539
3.849077438
3.849834882
3.850388865
3.851244207
3.851908358
3.852879113
3.853709650
3.765089884
3.764737146
3.764377776
2.607122396
2.606776370
2.606534526
2.607131415
2.608600414
2.607978731
2.607790148
2.607735229
2.607922927
2.623365829
2.623420488
2.624472886
2.623661508
2.624172594
2.624695399
2.624306271
2.625481383
2.624600782
2.623779763
2.623354607
2.622252633
2.621883336
2.622677060
2.638972927
2.639183258
2.640829821
2.639607535
2.640219198
2.640146682
2.640000668
2.640953739
2.640775119
2.641599567
2.640139418
2.638762382
2.638454934
2.638989640
2.638335789
2.638963280
2.639060008
2.639371386
2.639440686
2.640268323
2.639504386
2.654968918
2.655846245
2.656366888
2.655491116
2.655293290
2.655460025
2.655879920
2.655666218
2.653428006
2.653286769
2.653308388
2.653127629
2.675382141
2.675171176
2.675173556
2.675813009
2.675257895
2.674996428
2.675668571
2.675535267
2.675388832
2.675535378
2.676309228
2.700480850
2.700531306
2.699556998
2.370927273
2.369345270
2.369999405
2.369362199
2.370158189
2.370722359
2.371219946
4.284322329
4.284854642
4.285446814
4.284992330
4.285783179
4.286578190
4.285053404
4.284622560
4.284369398
4.284995475
4.285546662
4.285236113
4.284942922
4.285323196
4.285540274
4.285967975
4.285811767
4.285956209
4.285669174
4.285217875
4.285856128
4.286186510
4.286207125
4.286881546
4.286988625
4.286621216
4.286706170
4.287126956
4.286922693
4.286976358
4.287532427
4.287245439
4.287252960
4.287827102
4.287859870
4.288252247
4.286068630
4.286799456
4.285609885
4.284773750
4.284435173
4.284858878
4.285663445
4.285909471
4.286015433
4.285999841
4.286448809
4.287279232
4.286743855
4.287299793
4.287644805
4.288207302
4.288017331
4.287115924
4.286620818
4.286029929
4.286643812
4.287403106
4.286418381
4.286851262
4.286583138
4.286392967
4.316087178
3.190096023
3.190453215
3.191264876
3.191462632
3.190807375
3.191573796
3.190923493
3.191161504
3.190963967
3.191720144
3.216460723
3.217088963
3.216393326
3.215872046
3.215593431
3.214710539
3.213805582
3.212887676
3.213812052
3.238124757
3.237187145
3.236832940
3.237660153
3.238425910
3.236808103
3.234782770
3.234927574
3.233862302
3.256909837
3.257207771
3.257045680
3.257882845
3.257996653
3.258390972
3.256902642
3.254998626
3.255805917
3.255394233
3.279769251
3.280401832
3.279303883
3.278944055
3.279394948
3.279128275
3.278964017
3.278692837
3.279332532
3.279240439
3.304317732
3.303793206
3.302530733
3.302854557
3.302711142
3.302975367
3.302709058
3.302198415
3.302414546
3.326057243
3.326825755
3.325713012
3.326652532
3.326959476
3.326107683
3.324787601
3.325274009
3.349573658
3.349280486
3.349007115
3.348747488
3.348300024
2.391017332
2.388513899
2.389271541
2.387402451
2.412346967
2.410567239
2.410424572
2.410187614
2.410619867
2.410188978
2.409897646
2.408834496
2.408955535
2.408631682
2.409039360
2.408479562
2.407371942
2.406421884
2.406806822
2.428814564
2.428124968
2.427295238
2.426392360
2.423094556
2.421686643
2.420933776
2.443385167
2.443742437
2.443188524
2.441954937
2.442320528
2.443158341
2.442527639
2.442753939
2.441153313
2.476967838
2.476228017
2.476704300
2.476506458
2.473812172
2.473405953
2.471654683
2.471087494
2.469911660
2.468753001
2.465041516
2.464859934
2.463541724
2.464325998
2.464804706
2.464166852
2.463928659
