0.000449097
0.000222812
0.000436557
0.000204071
0.001124509
0.000231401
0.000244411
0.000237254
0.000239378
0.000432226
0.000676182
0.000220945
0.000234563
0.000743175
0.000216187
0.001232414
0.001110498
0.000232060
0.000381691
0.000240571
0.000236240
0.003226798
0.003911621
0.000406627
0.000365161
0.000372736
0.000193205
0.000209176
0.000191636
0.002052489
0.000221266
0.000685456
0.000207926
0.001201804
0.000227946
0.000240186
0.000188655
0.001711867
0.002871321
0.000214301
0.000324236
0.000588246
0.000237191
0.000202933
0.000408043
0.000597261
0.001706953
0.000331598
0.000570536
0.000347217
0.001269094
0.000228850
0.000214332
0.001473096
0.000434945
0.000219781
0.000214433
0.000217300
0.000220095
0.002869576
0.000210282
0.000408275
0.000210614
0.000517557
0.003055932
0.001154343
0.002302204
0.000315980
0.000976920
0.000221677
0.002183351
0.000409836
0.003696279
0.000681846
0.000418446
0.000213968
0.000327098
0.000185260
0.001893096
0.000389015
0.000388879
0.000192789
0.000214143
0.000259610
0.000218568
0.000246870
0.000792165
0.000387235
0.002899220
0.000205455
0.001127950
0.000232427
0.001091719
0.000419632
0.001822041
0.000357038
0.000205389
0.000896853
0.000948306
0.000202804
