0.000257525
0.000147017
0.000985105
0.000126864
0.000272451
0.000488960
0.000138602
0.000123790
0.000131913
0.000130167
0.000135170
0.000135917
0.000128118
0.000141603
0.000117557
0.000202358
0.000200860
0.000106794
0.000314857
0.000107229
0.001512532
0.000126012
0.000109538
0.002001718
0.000154976
0.000217798
0.000185809
0.000162560
0.001250944
0.001278831
0.000189420
0.000412208
0.000132020
0.000520597
0.000121330
0.000431156
0.000215955
0.000353517
0.005642457
0.000122936
0.000211882
0.000133289
0.000903126
0.000121397
0.000110896
0.000523030
0.000207058
0.000278662
0.000126225
0.000123033
0.000119520
0.000125581
0.000126833
0.000129193
0.000200709
0.000106529
0.000116991
0.000291069
0.000196984
0.001669758
0.001332579
0.000222419
0.001355507
0.004081510
0.000116875
0.000290358
0.002065506
0.001080444
0.000638833
0.001619080
0.001725259
0.000129001
0.001296180
0.001109142
0.002010216
0.000154902
0.000153368
0.000157118
0.000126158
0.000109726
0.000126788
0.000357617
0.001056058
0.001098944
0.000122921
0.001199114
0.000208464
0.000117424
0.000130760
0.000126787
0.000128821
0.000315264
0.000607771
0.004170577
0.000231968
0.000109468
0.000838612
0.000128696
0.000381101
0.005501990
0.000272020
0.000561632
0.002403142
0.000119859
0.000513586
0.000126653
0.003828811
0.000187488
0.004378243
0.000128434
0.000124085
0.000117144
0.001032467
0.000791380
0.000184345
0.000124960
0.002782906
0.001825325
0.001518808
0.000109871
0.000673305
0.000117885
0.004845436
0.000969746
0.000309053
0.001011214
0.000112107
0.000789631
0.003345290
0.000099397
0.003364274
0.003349308
0.002370470
0.002332965
0.001119807
0.003423581
0.003521236
0.000299377
0.003197419
0.000286448
0.001241833
0.000328115
0.000344292
0.000332889
0.000369062
0.000135588
0.000124256
0.000128275
0.002108425
0.000109416
0.000515344
0.001022564
0.000461529
0.000106954
0.000097053
0.000324876
0.000128519
0.000096490
0.001050568
0.000102822
0.000148955
0.000146841
0.000325011
0.000097890
0.000465828
0.000114442
0.000105738
0.000980932
0.000113370
0.000113679
0.000322689
0.000335490
0.000105555
0.000108311
0.001018315
0.000967658
0.000109915
0.000239491
0.000324446
0.000106506
0.000110445
0.001805079
0.003166457
0.004391763
0.001861060
0.000493636
0.000460191
0.002771278
0.000099074
0.001105868
0.002336921
0.000526339
0.002616468
0.000331588
0.000139703
0.000120742
0.000338426
0.000214051
0.000227738
0.000195511
