0.068757028
0.279238317
0.291669350
0.302257792
0.312715553
0.324031232
0.333418729
0.344284786
0.352316711
0.363096355
0.373103835
0.405611394
0.442397897
0.478856122
0.490446274
0.529157766
0.565492056
0.601308632
0.632309028
0.668443193
0.705382620
0.715942903
0.749505869
0.787931360
0.822477063
0.863950804
0.874437480
0.909110532
0.948354172
0.983236142
1.023070906
1.033542980
1.074500350
1.111474876
1.146549524
1.157484218
1.197233440
1.235368253
1.273122485
1.310402162
1.346941645
1.381481746
1.392496626
1.431797905
1.470041677
1.500818071
1.536408733
1.570162870
1.607130656
1.618314184
1.654164948
1.694994291
1.728701522
1.762882127
1.773343768
1.811599538
1.849067605
1.885048716
1.924211503
1.962501371
2.000473895
2.011083681
2.044950904
2.084416274
2.255025248
2.428802025
2.792364586
2.923099009
2.964381627
2.975320143
3.014614889
3.050569802
3.085854765
3.123310666
3.134393665
3.174650679
3.212856369
3.250617743
3.286743715
3.297817767
3.411486213
3.557888642
3.751220531
4.078757893
4.266303880
4.303252959
4.342051339
4.375805289
4.388156450
4.422946861
4.457556920
4.493940696
4.532871083
4.543629483
4.581580334
4.685025549
4.879768463
5.061038196
5.863254231
5.874852268
