0.000234771
0.000385906
0.000447938
0.000198050
0.000199599
0.000517210
0.000188292
0.000193556
0.000200986
0.000201677
0.000498390
0.000347759
0.000388497
0.001684000
0.000234619
0.002000069
0.000334664
0.001089185
0.000338138
0.000171801
0.001346378
0.000205063
0.001129443
0.004223548
0.000188358
0.000466405
0.000169453
0.000351637
0.001667282
0.000354745
0.005061620
0.002445071
0.000604955
0.000178740
0.001410945
0.000418606
0.000409207
0.000436676
0.000204167
0.000290928
0.000207192
0.000201611
0.001509358
0.000221707
0.000525359
0.000501658
0.000354491
0.001126294
0.000354791
0.003714862
0.001412220
0.000856977
0.001199431
0.001324802
0.001307707
0.001440090
0.000447758
0.000827627
0.000325266
0.004664924
0.000182104
0.000583728
0.000200444
0.002752837
0.000858606
0.001039258
0.001023512
0.002847589
0.001601861
0.000627398
0.001902966
0.001216310
0.000498353
0.000378071
0.000864220
0.001151249
0.000204387
0.000190162
0.000283382
0.001004672
0.000995322
0.000520323
0.000551908
0.001086373
0.000212958
0.000236434
0.000977273
0.000474932
0.000735302
0.000314890
0.003419160
0.002525249
0.000196575
0.001013317
0.000788411
0.000602688
0.000345135
0.000468127
0.000555254
0.000219420
