0.471942913
2.377952788
2.521752754
5.939117610
6.049100752
6.159255512
6.437033805
6.534050671
8.081310169
8.456590224
8.837568169
9.454886858
9.462636907
9.469154948
9.661354124
9.970786311
10.078128876
10.273321332
10.406685267
10.455233167
10.493295736
10.622078650
10.629739109
10.636908484
10.644493243
10.651633272
10.658981999
10.880210403
11.054667553
11.159240050
11.441659948
11.479121406
11.515142954
11.568511388
11.587397015
11.594562589
11.629185158
11.649451583
11.677067088
11.739335258
11.772310349
11.816346847
11.841694506
11.893986302
11.996237307
12.088397794
12.242532628
12.583961777
15.504413705
15.929851749
16.306336805
16.570468084
16.858399176
17.225619815
17.307445111
17.359597368
17.567308501
19.281521671
19.972649227
20.025626929
20.085184641
20.136001861
20.193142339
20.828211273
21.203760103
21.640431536
21.812300574
22.253415012
24.251116645
24.299633713
24.306738343
24.358427043
24.650239028
25.430829838
25.809198627
26.066767282
26.510710205
26.910418103
27.309053394
28.572097019
29.284238923
29.642928470
30.006703574
30.257397599
30.923915029
30.969913768
31.020768472
31.075511000
31.124949304
31.177014079
31.232067873
31.466944135
31.858307162
32.214600350
32.447616952
32.502679580
32.558769877
32.611626607
32.804097539
34.522275760
34.897497268
34.912221716
34.936785150
34.998959482
35.307559899
35.378504637
35.880854786
36.292951244
36.411065281
36.470974873
36.524263766
36.571736458
36.624291339
36.752243821
37.172544640
37.654404191
37.707128147
37.713194688
37.763650531
37.864870914
37.927390278
39.837643606
40.498523165
40.553622299
40.611573614
40.663930582
40.671242860
41.063880997
41.509953587
41.939226729
42.105227216
42.289060383
43.104908443
43.399342197
45.493617330
45.500732533
46.064122281
46.070643579
46.171448290
46.176846413
46.184181428
46.279102085
46.285302207
46.292147972
46.299512575
46.306072271
46.313108481
46.913119430
46.920496157
47.474376956
47.757493432
47.764535027
47.771662689
47.778987559
47.923116105
48.148178680
48.462350020
48.469373991
49.113627908
49.120121336
49.107413595
49.126169464
49.885996770
49.893237940
50.401843543
50.408927447
50.417038596
50.999269419
51.006961737
51.364233888
51.632035356
51.918713632
51.926326446
51.931870610
51.938484243
51.940137514
51.947377961
51.954520814
52.095555511
52.130954481
52.366596194
52.373934648
52.380670271
53.166391241
53.433833698
53.734050181
53.797913197
53.805080197
53.897202621
53.966157320
54.234590170
54.567912338
54.871353964
54.878704446
55.088843559
55.096057759
55.186477160
55.225614913
55.232460997
55.315226044
55.376041272
55.383153574
55.479153149
55.679288578
55.944781852
55.951965046
55.958900186
56.543916417
56.550860180
56.633618001
56.675827921
56.683172438
56.748251414
56.754816272
56.761882514
56.769495900
56.902256606
56.908758893
56.915921835
57.559584081
57.567332988
57.926373554
57.990455203
58.031889255
58.038182324
58.126441785
58.166904658
58.205398797
58.212004930
58.280516804
58.287037077
58.294132929
58.301041541
58.308154426
58.316026731
58.323223373
58.540233451
59.249505734
59.256517127
59.328046213
59.335196905
59.342753312
59.440541370
59.447178246
59.452989800
59.460414497
59.467054373
59.474079056
59.481027512
59.487951658
59.522086400
59.687493021
59.928683329
60.102575990
60.316963147
60.469444007
60.506056196
60.538504908
60.574005514
60.604945157
60.638724627
60.672167999
60.731457509
60.765704771
60.798400600
61.009301462
61.240196388
61.399634548
61.636316013
61.749595187
61.786342251
61.820968573
61.858592616
61.891709476
61.898782991
61.928451286
61.964065337
61.998054486
62.033712600
