0.000227679
0.000441069
0.000228870
0.000338109
0.000216933
0.000218244
0.000429067
0.000328740
0.000239681
0.001124072
0.000224238
0.000391510
0.000306740
0.000211847
0.000545735
0.001348077
0.001842385
0.000415557
0.000380435
0.000246321
0.001734407
0.002577765
0.002583508
0.000231149
0.003774004
0.000234114
0.004811225
0.000556316
0.001314592
0.001355771
0.002601720
0.001723309
0.000289698
0.000345023
0.000838050
0.000193267
0.003973257
0.000923653
0.001325379
0.005620668
0.000426302
0.000221420
0.000205690
0.001029385
0.000364048
0.001068269
0.000388395
0.000192820
0.000979486
0.000506346
0.000393314
0.000513815
0.002664673
0.000518754
0.000391259
0.000213297
0.000934969
0.002793117
0.000291940
0.000349387
0.000578448
0.000212764
0.000226051
0.002723167
0.000234396
0.002992880
0.000460526
0.000977711
0.000326683
0.000230550
0.000756434
0.002124375
0.001769603
0.001101044
0.000233083
0.000306656
0.002394754
0.001669934
0.000217897
0.001804264
0.000212633
0.001927779
0.001110652
0.000355771
0.001201090
0.000414478
0.000188440
0.000494457
0.000209827
0.000214321
0.000211764
0.000223452
0.000235002
0.000384720
0.000289808
0.000235459
0.000220395
0.000206801
0.000450543
0.000207234
0.001137584
0.002454465
0.000879170
0.000411670
0.000562478
0.000210979
0.000962671
0.000516906
0.000359421
0.003293714
0.003540167
0.001274771
0.000211377
0.000895715
0.000202531
0.003239516
0.002303917
0.001074593
0.000244323
0.000712261
0.000379646
0.000212271
0.000217205
0.003898399
0.000204033
0.000844045
0.000209867
0.001027951
0.000214045
0.000410056
0.000208673
0.000205149
0.000359227
0.000384987
0.000672476
0.000207946
0.003438312
0.000314468
0.000362844
0.000220709
0.000212977
0.001108921
0.000365586
0.002940736
0.001637359
0.000920796
0.000233719
0.001280714
0.001120356
0.000239402
0.000214127
0.000215415
0.000201827
0.000197465
0.003288426
0.000196704
0.000407414
0.000207843
0.000454143
0.000675932
0.000679294
0.000458604
0.000996360
0.000435240
0.002528461
0.001891134
0.001498381
0.001226010
0.002839486
0.000319830
0.000239641
0.001089816
0.000190529
0.000192071
0.000207229
0.001562334
0.000211602
0.000208086
0.000212714
0.000417024
0.000248883
0.000463401
0.000238024
0.000427686
0.000215581
0.000511926
0.002314007
0.000201618
0.002292954
0.001600936
0.000442720
0.000215098
0.002832027
0.000217307
0.000569936
0.000222828
0.001317901
0.000238816
0.000233993
0.000221809
0.000555016
0.006577662
0.005703750
0.000206530
0.000664842
0.000214381
0.000369873
0.000209438
0.003492065
0.000381323
0.000867411
0.000545120
0.000780660
0.001189159
0.000812891
0.003248886
0.001101327
0.001306817
0.002595995
0.001296222
0.001427777
0.001601160
0.002280657
0.000411493
0.000513714
0.000577495
0.000194561
0.001479654
0.000243456
0.000238622
0.000210962
0.000208147
0.001552098
0.000432318
0.000548528
0.000668572
0.000211643
0.001293166
0.000207828
0.000209205
0.002166118
0.001804270
0.000513546
0.000249285
0.001184048
0.000638690
0.000358564
0.000306658
0.007241503
0.001897751
0.000297868
0.003351249
0.003744401
0.001154064
0.000405810
0.000371488
0.000399951
0.000224668
0.000217969
0.000388449
0.001092207
0.001240250
0.000223187
0.000449367
0.000182074
0.001362602
0.000219077
0.000385343
0.000561968
0.001054855
0.004374829
0.000362351
0.000626155
0.001048525
0.000184406
0.000367449
0.000530053
0.000374998
0.000381934
0.002310536
0.003854316
0.001342164
0.000198149
0.000239426
0.000344664
0.000183278
0.000294907
0.000379448
0.000389270
0.000406464
0.000468298
0.000370114
0.000260577
0.000261723
0.000182541
0.000408340
0.001140038
0.000198176
0.000322505
0.000341265
