0.000182659
0.000128821
0.000170744
0.000216350
0.001033588
0.000172405
0.000315576
0.000164900
0.000148024
0.000134756
0.002231853
0.000137615
0.000169275
0.000151996
0.000137531
0.000142945
0.000320221
0.000470517
0.000425187
0.000156356
0.000147563
0.003408749
0.001849251
0.000288343
0.000368998
0.000139254
0.000150015
0.000135811
0.000123728
0.002253185
0.000126536
0.000132982
0.000959185
0.002924251
0.000659433
0.000784523
0.000604604
0.000289390
0.004491416
0.000147374
0.000123056
0.000812248
0.000142781
0.001858503
0.000694694
0.002353506
0.000142172
0.000159851
0.000139049
0.000142524
0.001113148
0.000159264
0.000153760
0.000126963
0.000132925
0.000155069
0.000159273
0.000131736
0.000132375
0.000331813
0.000135980
0.001309128
0.001919136
0.004221690
0.000529819
0.004287677
0.000313765
0.001885558
0.000257165
0.000639860
0.000271055
0.000140306
0.000430770
0.000787530
0.002414609
0.000189568
0.001077806
0.001459615
0.000224666
0.000843539
0.000641412
0.000650817
0.000170716
0.000153080
0.000152318
0.000124092
0.000135837
0.000126538
0.000165599
0.000140230
0.000135995
0.000131916
0.000328737
0.000259268
0.000623989
0.000138278
0.001879239
0.001025863
0.000108666
0.000575088
0.001448531
0.000121353
0.000145360
0.001211325
0.001197780
0.002809207
0.000135915
0.001001060
0.001303291
0.000308049
0.000338622
0.000166289
0.000118605
0.000154904
0.000137303
0.000792743
0.000154746
0.000158040
0.000137168
0.000132693
0.000144076
0.000235030
0.000135832
0.000304172
0.000144239
0.000678557
0.000807382
0.000138288
0.000140646
0.000152514
0.000168290
0.000139250
0.002319983
0.004772387
0.000168475
0.000135283
0.000147755
0.000151039
0.000337147
0.000418934
0.000398932
0.000323760
0.001323637
0.000129511
0.000129442
0.001019917
0.001027347
0.000675976
0.002591383
0.000912599
0.000811162
0.000772473
0.002165503
0.001145484
0.001218789
0.000414655
0.000870123
0.000175923
0.000826182
0.001017030
0.001145280
0.002055909
0.000170512
0.000340334
0.000141577
0.000136045
0.001895320
0.001055278
0.001126446
0.000443180
0.000425742
0.000296427
0.001477801
0.000329375
0.001094614
0.000133548
0.004164354
0.002777173
0.002221344
0.002341872
0.001219644
0.003330655
0.000148082
0.000141342
0.000136976
0.000435795
0.000445459
0.000121656
0.000187364
0.000254772
0.000340536
0.000250214
0.000145956
0.000119190
0.001441455
0.000342283
0.000117421
0.000124216
0.000342688
0.000330901
0.001129930
0.001299255
0.000348111
0.001065158
0.000123978
0.000129109
0.003396689
0.000344401
0.000213700
0.000908235
0.000136245
0.000111732
0.001219466
0.001157581
0.004203544
0.001102804
0.005386048
0.003366199
0.003017598
0.002026392
0.000132232
0.001282616
0.000117583
0.000563651
0.001755998
0.001167386
0.000696286
0.002319634
0.000213052
0.001048501
0.000151798
0.000625228
0.000435263
0.000139162
0.000116157
0.001399117
0.000437339
0.001060444
0.000438224
0.000413362
0.001075735
0.000374104
0.000269441
0.000383078
0.000125652
0.003387901
0.000146227
0.000152152
0.000296756
0.001076660
0.000416390
0.000117066
0.000112248
0.002430240
0.000703937
0.001053800
0.000127198
0.004292539
0.000376043
0.000655003
0.001867610
0.000151005
0.000359003
0.000126783
0.001059805
0.000850075
0.000114324
0.001870265
0.001794418
0.002713291
0.001576552
0.000525874
0.000238714
0.000364059
0.000119158
0.000155341
0.000331976
0.000441876
0.001063792
0.000149400
0.000144239
0.000121347
0.000131979
0.001460165
0.001758163
0.000700091
0.000227392
0.000154057
0.001528995
0.000242465
0.000391064
0.000124421
0.002609197
0.000660812
0.000120201
0.001495049
0.000107543
0.000854712
0.000145277
0.000151564
