0.013294121
0.030952351
0.048019394
0.074638436
0.241981881
0.521974957
0.750942045
0.884364054
0.963333327
1.095579142
1.115590172
1.124441121
1.202070230
1.229883917
1.264673352
1.316971323
1.338691582
1.368945774
1.406217558
1.518759335
1.714106938
1.826188822
1.928206279
2.191527073
2.362622940
2.665160386
2.824387303
2.832727266
2.885905730
2.938694071
3.020017910
3.096649937
3.382962677
3.488180042
3.628750062
3.850977077
3.883211994
3.935762426
3.966619889
4.160577958
4.169591332
4.178490983
4.187793991
4.196217131
4.205201567
4.213941657
4.474977952
4.627098365
4.703527168
4.949416667
5.131182064
5.389346811
5.530260066
5.562540109
5.592937778
5.628142524
5.664454626
5.732987394
5.995378560
6.170091088
6.340827030
6.368093294
6.398255839
6.429393965
6.461843737
6.491839900
6.525197284
6.558262106
6.591964408
6.621671803
6.673410237
6.705108945
6.737045659
6.771574708
6.780185625
6.810225416
6.841309589
7.079118593
7.211794290
7.398925016
7.520978865
7.529887821
7.558621833
7.591055294
7.621237310
7.654940662
7.685448115
7.718848815
7.752785846
7.805613855
7.836061646
7.868542163
7.901865582
7.933170998
7.963819368
7.997987123
8.127795189
8.286848860
8.438247153
8.576843981
8.812785483
8.844466101
8.878825924
8.913141694
8.947022526
9.160905529
9.172358045
9.179878555
9.189058417
9.196814956
9.204098136
9.210377460
9.218991479
9.227466586
9.262294604
9.411230418
9.551783496
9.869647056
10.028839705
10.210064819
10.359443330
10.411981790
10.509698041
10.542183615
10.555617308
10.567074754
10.575978417
10.584182070
10.592982845
10.601293940
10.755991299
10.911352973
11.234574327
11.434240221
11.628925843
11.666442441
11.699845975
11.732981652
11.741111561
11.776619010
11.809153734
11.843051955
11.876852429
11.910189920
11.946911016
12.001975457
12.149523249
12.320285988
12.659098013
12.825972428
13.013568797
13.165860811
13.201677420
13.235922246
13.267060051
13.299216676
13.332163416
13.362856271
13.399269425
13.714409475
13.880251697
14.450540075
14.459577842
14.467804130
14.476696271
14.485527268
14.493623402
14.502422681
14.511069391
14.519340580
14.555776953
14.587619989
14.619081083
14.627772364
14.662118392
14.695547957
14.849312422
14.986687689
15.332756689
15.527217527
15.699911980
15.763956172
15.796407444
15.832951369
15.871407829
15.904245111
15.937823721
15.972296299
16.008630165
16.039003989
16.101052477
16.277155978
16.457699220
16.801079985
16.953604742
17.115092022
17.272783801
17.338004095
17.346121514
17.374144332
17.408831400
17.443174410
17.473833774
17.557638574
17.712418147
17.902963626
18.059916626
18.439243065
18.534999136
18.566873085
18.604046053
18.612580909
18.645630123
18.683023197
18.717854008
18.754285792
18.791839846
18.799283640
18.833170958
18.994927558
19.552789089
19.561634811
19.569787453
19.578949772
19.587960469
19.596746243
19.628795807
19.666784323
19.701551103
19.730294286
19.739372575
19.772930999
19.802530259
19.839348315
19.849285620
19.885427513
19.917712822
19.938079914
19.947502839
20.502117605
20.672977984
21.062866518
21.247509403
21.275630628
21.294978596
21.346717183
21.368445474
21.377193547
21.409817041
21.460703448
21.602472858
21.760121289
21.944184969
22.124373387
22.475075124
22.575377553
22.607630114
22.641318168
22.673085743
22.705600686
22.738488238
22.769270837
22.800679014
22.837088470
22.995379138
23.294112591
23.444258551
23.587038811
23.757944331
24.128495123
24.474903844
24.484129163
24.493354979
24.502263813
24.511086527
24.520838683
24.529907590
24.833749272
24.981740778
