29.192590168
30.096651295
30.281014391
30.690946345
30.827827681
31.398930538
31.366255621
31.425226519
31.554220487
31.873602917
32.037001296
32.141086589
32.183838238
32.295149441
32.602197198
32.612372372
32.736272283
32.719383908
32.746549827
32.785841697
32.802489462
32.826006276
32.976851980
32.985121587
33.049652248
33.099549206
33.149627484
33.134429820
33.146691206
33.178552555
33.189982991
33.223480409
33.263545974
33.345886792
33.343130034
33.446238623
33.500901445
33.546420920
33.548269174
33.532792375
33.581948452
33.609717052
33.633174975
33.620049652
33.664576659
33.713148672
33.698698178
33.806440283
33.784526602
33.788885365
33.788093077
33.841370235
33.885670012
33.872951023
33.936951150
33.924868058
33.972314535
34.027029771
34.052472163
34.074531625
34.114135006
34.105176720
34.066940381
34.110181027
34.168871540
34.190859148
34.183399738
34.164330880
34.171704237
34.192577173
34.223957637
34.244718018
34.261260548
34.282765245
34.279013893
34.332168978
34.341453844
34.341763299
34.402702357
34.440663642
34.441339410
34.415729227
34.438794374
34.540023324
34.511199710
34.543605972
34.577275196
34.557667531
34.558481310
34.587078452
34.605157532
34.595694112
34.616111629
34.617543929
34.622677259
34.665557993
34.673483299
34.665697572
34.690134257
34.702558293
