33.827928294
36.337695444
36.834716484
36.836343220
37.119502531
37.338997923
37.456423409
37.523450911
37.504175857
37.734901982
37.762685429
38.272056672
39.071207099
39.175384463
39.759750979
39.835185446
39.940145495
40.195922742
40.186866114
40.395266480
40.396543044
40.724801867
40.755595508
40.814363020
40.905334502
40.682438650
40.700363499
40.718341870
40.970365819
41.035192002
41.023960462
41.036319436
41.055839189
41.294885211
41.296556066
41.445418490
41.498969160
41.562076276
41.737057966
41.794842282
41.808761771
42.098286279
42.035847200
42.155257711
42.211723050
42.194309698
42.272585332
42.223502936
42.261943860
42.321813664
42.331986548
42.490931991
42.430537818
42.565525349
42.495408795
42.482767135
42.540277190
42.734184639
42.908843146
42.963698158
42.833319357
43.017810488
43.059579918
43.169067673
43.138688013
43.255853625
43.255269967
43.462430115
43.472553529
43.472540023
43.429184698
43.514316516
43.555759826
43.528363608
43.334721410
43.634889965
43.672478628
43.499837296
43.496352289
43.625349050
43.568928601
43.762669008
43.727588020
43.749326975
43.920380673
43.790160540
44.090602136
44.120495137
44.080279500
44.133515508
44.120587056
44.162996506
43.999856517
44.115066498
44.167783873
44.137443643
44.199760386
44.244892158
44.347520757
44.441329587
44.425104816
44.468536757
44.547806706
44.485716083
44.557688346
44.513354170
44.606023298
44.597507028
44.601552273
44.486550944
44.559112998
44.566642733
44.694437127
44.738195743
44.823939170
44.981476196
45.011787684
44.979252942
44.993899300
45.005156516
45.087440148
45.096299065
45.101114310
45.107861716
45.141708941
45.157988386
44.995152444
45.125377655
44.954125300
45.260977261
45.195759004
45.224357127
45.183641686
45.265215756
45.308417649
45.385268941
45.456952635
45.474379871
45.494710020
45.615251301
45.591596090
45.360216440
45.398509094
45.585914246
45.605877388
45.561065200
45.629492992
45.618056851
45.657556125
45.744385573
45.695204329
45.722251307
45.838709782
45.812446346
45.857705862
45.824949478
45.836436879
45.842215711
45.954030708
45.889900819
45.973785428
45.907630304
46.029659090
45.866227664
45.998002122
46.042798828
46.017835363
45.953452297
45.939788286
46.072246332
46.049729369
46.067186527
46.125493340
46.088524652
46.172852692
46.199151458
46.190174292
46.123557378
46.245600166
46.318583599
46.399567369
46.161683147
46.433315107
46.166053130
46.251126706
46.249815942
46.404676489
46.301559781
46.310693121
46.325643576
46.413887578
46.284948019
46.344930865
46.415278601
46.315114483
46.467471158
46.499327375
46.606806551
46.531550941
46.536571686
46.587099623
46.666188207
46.680809191
46.677962558
46.431612892
46.661330454
46.756991391
46.593576086
46.508686502
46.512825187
46.595087156
46.605288452
46.633200527
46.715603233
46.636502496
46.648099989
46.706517120
46.645808842
46.693921967
46.669425930
46.635923378
46.717365384
46.797967481
46.787920830
46.874617881
46.767467541
46.739851464
46.864463486
46.868779371
46.813959228
46.881396414
46.909875116
46.895842302
47.075437655
47.044309694
47.086155308
47.017552805
47.033353982
46.834236680
47.055715526
46.854643441
46.895988176
46.880875720
46.876884893
47.091168386
46.997684521
47.104694770
47.065837603
47.176585179
47.174383707
47.171116188
47.081879158
47.064648976
47.141773047
47.179618189
47.134747407
47.199647950
47.220799465
47.301508379
47.048718993
47.195194767
47.136866131
47.261904206
47.253122139
47.332298574
47.191641363
47.095054922
47.114545749
47.350134670
47.291052770
47.275945849
47.189868625
47.313703754
47.279312860
47.328715814
47.224564134
47.377168900
47.349513637
47.400767956
47.401958611
47.286506479
47.322185604
47.256791066
47.499733917
47.425576930
47.270027115
47.382839289
47.274109156
47.489358902
47.452767459
47.292599508
47.324568139
47.329348515
47.396312635
47.405707559
47.397123718
47.441756503
47.347604534
47.397542108
47.377700603
