0.001578192
0.001140160
0.001973578
0.002324259
0.001362739
0.007041409
0.001551626
0.001784829
0.002698413
0.004582074
0.004699073
0.003806755
0.010169027
0.008119149
0.005483678
0.005658916
0.006443888
0.006887564
0.006809485
0.009580973
0.009691209
0.010446016
0.010498195
0.011245039
0.011229210
0.012045083
0.012821062
0.013285759
0.016925074
0.015645213
0.016004380
0.016544864
0.019058265
0.047975563
0.047812178
0.047366493
0.047055048
0.047592720
0.048376543
0.049166968
0.049960137
0.076024810
0.077716694
0.077460352
0.077218608
0.078596777
0.078175383
0.076900184
0.093765309
0.098668936
0.098401139
0.096701770
0.098170532
0.098209266
0.096201016
0.097762765
0.118668040
0.119384885
0.120046001
0.120851610
0.121373634
0.122274302
0.123079315
0.123967630
0.124690899
0.125025749
0.145615777
0.145252278
0.145818823
0.145982529
0.146614265
0.146807720
0.146909771
0.147540937
0.147462990
0.161997438
0.162651763
0.163233479
0.163104475
0.163992547
0.164202897
0.162906843
0.163553275
0.164351312
0.164457222
0.165292440
0.166227204
0.167113041
0.208054154
0.208677604
0.209241443
0.209526785
0.209865196
0.210715781
0.211138511
0.211938946
0.212638106
0.213391665
0.214380634
0.215101411
0.215831569
0.216555080
0.217198690
0.217896267
0.218276356
0.218330025
0.219016335
0.219705916
0.220124377
0.238622250
0.238993968
0.238512963
0.239370475
0.240123280
0.239858702
0.240513429
0.240262570
0.240404181
0.240937360
0.260280159
0.261055120
0.261461241
0.262199631
0.262973486
0.263331050
0.263828785
0.264544311
0.264635558
0.265139591
0.265765021
0.291810536
0.292136608
0.292761387
0.293340529
0.294014356
0.294698080
0.295036104
0.295820783
0.296368067
0.297483068
0.321721246
0.322234367
0.322920314
0.323493680
0.322317562
0.322261936
0.322448519
0.321295585
0.321199801
0.321542158
0.345381629
0.346184642
0.346585351
0.347385433
0.348176688
0.348840905
0.349023239
0.349763482
0.350597152
0.351506688
0.376202616
0.376907055
0.377414441
0.378115030
0.378485527
0.378715772
0.379250353
0.379299630
0.380072298
0.403609681
0.404284002
0.404623119
0.405237919
0.405750314
0.406662049
0.407560313
0.407699294
0.408602517
0.408656200
0.409559057
0.432945543
0.433594482
0.433631540
0.434393689
0.434649169
0.435365987
0.434088784
0.434718144
0.435601282
0.436423037
0.460544462
0.460752726
0.461049181
0.461043227
0.461664915
0.462464397
0.462828758
0.463119373
0.463768871
0.488841538
0.489088805
0.489045976
0.489766925
0.490584823
0.491315988
0.492168245
0.493051254
0.493773259
0.518756583
0.518867731
0.519282474
0.519876018
0.520369880
0.520905998
0.521240454
0.522073423
0.522913703
0.522861333
0.546462378
0.547124534
0.547756912
0.548458239
0.548620624
0.549307190
0.549772210
0.550594394
0.551052217
0.551724414
0.552079014
0.552601560
0.552969660
0.577240277
0.577777578
0.578371545
0.576505930
0.577074829
0.577483601
0.578009682
0.578556925
0.578474299
0.579095095
0.602400337
0.603196878
0.603783164
0.603565323
0.604301478
0.604571278
0.604952686
0.605653850
0.606287086
0.606648049
0.631316429
0.631654902
0.630964931
0.631507811
0.631710184
0.632004221
0.632397664
0.633001836
0.633424365
0.633887061
0.658678362
0.659137253
0.659803710
0.660198008
0.660852523
0.661550292
0.662220656
0.663066099
0.663741984
0.664143649
0.688469847
0.688852916
0.689675457
0.690436134
0.690538011
0.690347864
0.690118610
0.689295763
0.688395156
0.688218774
0.712038966
0.712095504
0.712379382
0.713013903
0.713724066
0.714101862
0.715697384
0.715104898
0.715461243
0.715792251
0.742815996
0.743540530
0.744100237
0.744582290
0.745294670
0.746043823
0.746339794
0.747067288
0.747950682
