0.000279960
0.000487030
0.000506097
0.000775606
0.001157335
0.000266951
0.000256682
0.000680070
0.001499778
0.000472715
0.000661235
0.000241245
0.002560953
0.001290124
0.000475075
0.001135312
0.000271604
0.000850476
0.000240901
0.001214600
0.000638085
0.000229383
0.000271776
0.000495692
0.002357383
0.000575852
0.000270364
0.000257932
0.000642774
0.004664328
0.001423578
0.002771122
0.000747541
0.002412877
0.000457236
0.004108325
0.001049212
0.001266252
0.002408210
0.001494886
0.002884006
0.000832061
0.000762333
0.000436707
0.000580652
0.000775554
0.000476961
0.000268886
0.001088617
0.000265570
0.000253446
0.000258125
0.000408402
0.000514784
0.000894674
0.001184959
0.000482958
0.000536192
0.000418091
0.000442120
0.000256406
0.000245516
0.000248713
0.000705933
0.000262301
0.005158065
0.000432256
0.004905010
0.000427312
0.000421806
0.002099452
0.000233024
0.000733037
0.002835914
0.001010883
0.002634629
0.000446106
0.001307336
0.004499902
0.000341389
0.003714384
0.000458948
0.005188770
0.000447925
0.002316266
0.003479494
0.001662134
0.001424863
0.000761218
0.001172638
0.000642416
0.000332975
0.000648595
0.000471356
0.000270475
0.000270548
0.000635852
0.000250306
0.000332655
0.000248243
