0.001812769
0.002240924
0.002410551
0.002905756
0.002312311
0.001421314
0.002062025
0.002601372
0.002751032
0.002640330
0.007810205
0.011637173
0.003398033
0.004133954
0.019573508
0.020220274
0.021181359
0.021151482
0.021365960
0.037549751
0.038220882
0.038861754
0.039454635
0.054841300
0.055661316
0.055983963
0.056555658
0.057402354
0.058273282
0.059073102
0.059135897
0.059802993
0.069994052
0.070424695
0.070947729
0.071542660
0.072223940
0.072908652
0.073707366
0.074553910
0.075118299
0.075591098
0.076213287
0.077049733
0.076788995
0.077509097
0.078290249
0.078523731
0.079458332
0.079558043
0.080362621
0.081314534
0.082332473
0.092113912
0.091877722
0.092782365
0.093571398
0.093482555
0.094465264
0.094504602
0.094998740
0.095336082
0.096308685
0.097014343
0.097985061
0.098617772
0.099525560
0.100523773
0.101120951
0.101917777
0.102672023
0.103420441
0.103707148
0.104641171
0.105376264
0.106202641
0.106623575
0.106360458
0.106304597
0.118390552
0.117982416
0.118627386
0.119497637
0.120444155
0.121039361
0.121098654
0.122013214
0.122757811
0.123312552
0.123973764
0.124901023
0.125707828
0.137621450
0.137473432
0.138174899
0.138992995
0.139870982
0.140714877
0.141288429
0.141924985
