0.000179347
0.000476023
0.000205641
0.000231880
0.000202230
0.000201115
0.000394276
0.000520482
0.000919446
0.000684424
0.000762753
0.000237981
0.000388264
0.000343969
0.000193694
0.000200002
0.000189771
0.000199066
0.003090706
0.002799378
0.000192255
0.000313081
0.000172800
0.000502113
0.000386806
0.003435986
0.002089875
0.000217962
0.003166097
0.001026534
0.002705565
0.002237638
0.001491256
0.001679900
0.000510876
0.000672927
0.002666080
0.000454777
0.001314544
0.000362255
0.001246547
0.000237940
0.000407065
0.000352352
0.002991288
0.000219921
0.000229346
0.000199528
0.000306224
0.000357185
0.000239390
0.000194344
0.000392100
0.001154515
0.001176712
0.001291717
0.000500081
0.000206714
0.000213219
0.004230973
0.000317663
0.002250411
0.000186867
0.000874061
0.004334826
0.003010800
0.001647224
0.000441315
0.000930747
0.001366579
0.001438394
0.001004648
0.000430895
0.001174356
0.000212566
0.000374642
0.000201837
0.002299811
0.000754838
0.001038178
0.000213041
0.000386994
0.001166505
0.000283023
0.000746763
0.004743473
0.002640370
0.000360915
0.001135713
0.000521090
0.001361161
0.001780817
0.000267459
0.000762008
0.000703083
0.000337219
0.000249688
0.000550664
0.001187132
0.000288427
