25.434662701
26.219562273
26.251816683
26.412901082
26.541445329
26.848950347
26.860722471
27.464102842
27.591298213
27.817340863
27.908209423
27.915961796
27.882678156
27.950714851
28.159320934
28.551635521
28.516948151
28.593777579
28.641338500
28.670020387
28.756508084
28.766568705
28.831657413
28.859153356
28.893095741
28.910691251
29.032602884
29.064527182
29.130383963
29.123307762
29.220684903
29.240896572
29.259900943
29.306952319
29.304010641
29.340468133
29.326648012
29.529989883
29.521973902
29.565856871
29.588408523
29.637040799
29.633532660
29.669635741
29.697821910
29.669314900
29.682561311
29.750215179
29.780612753
29.817339447
29.826247211
29.860570252
29.850457354
29.891942143
29.898107370
29.964148884
30.054041471
30.093994364
30.069381323
30.135665032
30.192449210
30.146243220
30.184069999
30.240004049
30.257674257
30.255328404
30.265332295
30.284777407
30.238142209
30.257052930
30.373208123
30.317982980
30.427178132
30.421748087
30.505599065
30.471969907
30.546933709
30.485037814
30.484214295
30.515059729
30.545000964
30.595350740
30.638532546
30.623113801
30.630465398
30.649957137
30.660544466
30.720546941
30.681080728
30.731610462
30.742580425
30.762518329
30.802738434
30.819722832
30.825979817
30.774617548
30.798128173
30.851307820
30.862982715
30.867991078
