0.008890674
0.027509009
0.039834802
0.076488605
0.134914714
0.142718801
0.163219440
0.182764696
0.189945977
0.221118677
0.253417802
0.288717905
0.325893239
0.363169596
0.398765594
0.406852289
0.468944744
0.498211531
0.529496476
0.562279051
0.598203524
0.606016348
0.642907366
0.677445319
0.710210573
0.774028134
0.809518242
0.817509086
0.873974172
0.908547814
1.088035187
1.095789100
1.103860810
1.111774351
1.119137569
1.256339964
1.264301722
1.272035830
1.279537752
1.287677546
1.295078370
1.302859802
1.310709357
1.347015809
1.383856831
1.528157312
1.704400936
1.896998092
2.441769526
2.450439691
2.483535910
2.519766327
2.556906825
2.589475294
2.623382356
2.653482602
2.684387024
2.720819870
2.794238085
2.961420580
3.184439742
3.218959313
3.252476367
3.285966990
3.320257927
3.355797926
3.384755254
3.419471011
3.451076134
3.484956138
3.519884254
3.720809399
3.728737561
3.736457462
3.744777573
3.752383782
3.760223868
4.168695995
4.176504820
4.184604338
4.193137074
4.201208084
4.209196528
4.216467372
4.224241520
4.255556371
4.286787622
4.321936827
4.355290913
4.389262777
4.424306346
4.460509016
4.467719616
4.503596269
4.536685991
4.570999954
4.605821017
4.639208387
4.673606506
4.710834388
