0.009303867
0.026288224
0.038341457
0.227324673
0.957921978
0.964957557
0.971742560
0.978746520
0.985022440
0.992156061
0.998763941
1.241851735
1.248687220
1.254488943
1.261382096
1.268339878
1.273473443
1.424219876
1.566070761
1.856370085
2.040922001
2.222170834
2.573959544
2.716300804
2.751552913
2.912589862
3.067829184
3.226400468
3.462470275
3.646666612
3.833602289
4.151503364
4.649859540
4.657619310
4.664944057
4.672862524
4.680596904
4.688367206
4.738393697
4.904890962
5.076206777
5.252382228
5.552297718
5.725731444
5.811590912
5.842209837
6.009404455
6.187451728
6.367670430
6.702175519
6.891952594
7.068912282
7.256470518
7.369593079
7.404160588
7.506738030
7.669033105
8.047709823
8.598832200
8.606307782
8.612299229
8.618792274
8.626923910
8.635072424
8.641634753
8.647301273
9.168246670
9.174169346
9.181423355
9.188269352
9.195417564
9.202612569
9.371224756
9.563952803
9.771451218
9.805345473
9.840626085
9.872526502
9.907919920
9.915015542
9.977815008
9.984455655
10.020222854
10.054552940
10.087785051
10.123349744
10.257986636
10.605819432
10.794047993
10.962926459
11.141259576
11.347210332
11.426115490
11.454352515
11.488629540
11.525290564
11.559308318
11.593260194
11.623247401
11.786185225
12.127923884
12.291964976
12.491017440
12.657748063
12.847613054
13.056315089
13.121341773
13.155962043
13.189205027
13.224748675
13.386630253
13.548275359
14.352719351
14.359414632
14.395163240
14.402309865
14.409395064
14.417153151
14.424313048
14.432537479
14.439266791
14.446574181
14.482277627
14.514745108
14.551646287
14.649672871
14.831940344
15.022676219
15.187293794
15.539855696
15.723385616
15.907902691
16.124954164
16.183123524
16.221195969
16.391407958
16.563531156
16.744745498
16.931445280
17.131967121
17.504246924
17.607493388
17.640023782
17.675417734
17.708797105
17.740229507
17.747259010
17.817806334
18.001200141
18.354279349
18.531802238
18.706416918
18.887087510
19.071566753
19.261450445
20.123145856
20.130872536
20.137743521
20.145073463
20.151767904
20.330981829
20.481470845
20.608574490
20.973746808
21.033053160
21.170240507
21.334459414
21.515928514
21.702137856
22.017336310
22.193922459
22.366928145
22.535316333
22.674510248
22.774652952
22.951094323
23.148794050
23.506377727
23.690694005
23.877256223
24.065372697
24.199684550
24.231261582
24.265996842
24.321552852
25.637194047
25.644271778
25.651862957
25.659380289
25.667091081
25.674333084
25.681618107
25.888687463
25.984003509
26.168217621
27.483253969
27.490813146
27.575639331
27.583068271
27.590383178
27.598077445
27.605734084
27.958505578
28.216410153
28.466983858
28.578553622
28.680103601
28.773527147
28.871436115
28.960221326
29.091642518
29.126547617
29.440333754
29.628922423
29.775734563
30.059599208
30.249059469
30.410851374
30.809941678
32.003101831
33.446902904
34.419790622
34.704465524
35.039542598
36.447414896
37.150715963
37.196998512
37.254793162
38.544281891
38.602091396
38.659828752
38.718676542
39.260967517
40.015079493
40.146732778
40.201784546
40.265902111
40.595967461
40.962313894
41.316697384
41.425817948
41.486148150
41.537574461
41.595555711
41.654173684
41.974033860
42.307927028
42.991879511
43.048281547
44.730891319
45.398848209
45.744355541
45.994157051
46.047539874
46.106563403
46.163185377
46.406896241
47.608927111
47.695672665
47.881324975
47.908638740
48.346304235
48.555072952
48.562001229
48.569330045
48.576083348
48.583814060
48.591558613
48.599290605
49.011402059
49.060554504
49.093662539
49.129962206
49.159123580
49.166611247
49.200381061
49.264447813
49.595390065
49.794271056
