0.046901220
0.106993855
0.373657184
1.129078545
1.506736934
1.526814070
1.535275041
1.543122829
1.662018403
2.678115191
2.685581187
2.693212107
2.700027692
2.707475350
2.847926707
2.939564996
3.027903962
3.271832604
3.424692338
3.699626663
4.112585313
4.341704727
4.375493775
4.553561791
4.742173931
4.826136274
5.187659643
5.278616512
5.370345620
5.650546497
5.657868882
5.709061083
5.754829300
5.903731893
6.018482021
6.146332540
6.351452474
6.548156707
6.691024160
7.024328114
7.030734339
7.037876158
7.045031170
7.050307975
7.057419550
7.064680316
7.247972024
7.444977371
7.604523543
7.779508665
7.998330262
8.100301797
8.130330532
8.181064441
8.211194738
8.246090378
8.252637676
8.314589373
8.498262468
8.712289908
8.919124716
9.120024518
9.333470107
9.523443468
9.548580722
9.580273915
9.617342816
9.653763574
9.772628999
9.982300463
10.392337387
10.586286363
10.795135345
11.045357831
11.078257176
11.114772630
11.155814971
11.311077717
11.711581166
12.718574648
12.725571657
12.731213579
12.738432785
12.744814611
12.751663281
12.758764035
12.923902881
13.290375954
13.517908014
13.725370756
13.789180364
13.851616093
13.884417977
13.909864617
14.323377359
14.874935604
15.260865242
15.481201106
15.690965970
16.075924822
16.336041788
16.369343402
16.401728509
16.436938553
16.471343629
16.505490024
16.542267928
16.736537719
17.882715053
17.890170974
17.896639435
17.904207067
17.911646065
17.918497017
17.925517088
17.932541326
18.139009009
18.302670345
18.621771644
18.809474941
19.019245133
19.215173889
19.252926493
19.285927360
19.414740606
19.623471965
19.819083973
20.050496873
20.451402668
20.609500274
20.641554157
20.674471725
20.697881929
21.058606887
21.211419028
21.430569959
21.638273630
21.710326674
21.748582354
21.782595962
21.812872955
21.871321991
21.935478378
23.035298630
23.041677178
23.048800308
23.055660357
23.063192277
23.070484804
23.177688742
23.185855957
23.243643701
23.270711605
23.305079750
23.312261272
23.550552124
23.753031197
23.960475234
24.360011553
24.577941087
24.609545279
24.638249759
24.661626439
24.696063681
25.397899010
25.977357654
26.174850737
26.379420474
26.605313871
26.750062528
26.781242431
26.816232064
26.853800806
26.887825809
26.921354483
26.954994828
26.973780313
27.659145268
27.667063091
27.673610634
27.680987429
27.687611691
27.693980573
27.925133622
27.960237143
27.989989265
28.022946802
28.060676541
28.068053038
28.106469931
28.140880228
28.175414064
28.207446456
28.242053718
28.278482693
28.340533307
28.541652170
28.737775702
28.945340446
29.373196397
29.517197034
29.540135271
29.575087187
29.607139161
29.641006913
29.674811165
29.854268386
30.068926195
30.263797919
30.454222925
30.637734366
30.890214838
30.922123564
30.958610657
30.991521218
30.998769651
31.075803246
31.286135736
31.512801318
31.913649846
32.165863285
32.171779164
32.178947948
32.186057885
32.192707250
32.200108519
32.207248211
32.214190378
32.248186997
32.255361086
32.636225243
33.021620186
33.029190367
33.207371297
33.344751808
33.400692961
33.437420810
33.444712548
33.478528254
33.514474198
33.548702867
33.672193902
33.885132752
34.097576557
34.305140477
34.516880527
34.770763131
34.810942143
34.843581269
34.878327967
34.912764377
34.945828236
34.952893863
35.691032858
36.232777185
36.653896926
38.415933998
38.436633631
38.559000910
39.184805675
39.195508037
39.203068317
39.209940959
39.217238261
39.224566702
39.413964963
39.625593260
39.784911342
40.002880157
40.054955748
40.090470842
40.129144004
40.173801069
40.383478498
40.595401073
40.784806682
41.005398908
41.457320280
41.464554395
