0.000272414
0.000216751
0.000237563
0.000251693
0.000313474
0.000237987
0.000218041
0.001599183
0.000245136
0.000232612
0.000223662
0.000224178
0.000213126
0.000212114
0.000215150
0.000388190
0.000231069
0.000566812
0.000212361
0.000760610
0.002473174
0.000236537
0.004345983
0.000876396
0.000509595
0.000350388
0.004280101
0.003269284
0.000471448
0.000940274
0.000541111
0.000216217
0.000220054
0.001156494
0.001558814
0.000226549
0.000940080
0.000562264
0.000345546
0.000231449
0.000403376
0.002940090
0.000262717
0.001141094
0.000220201
0.000766070
0.000220102
0.000228718
0.000577912
0.000200821
0.001236980
0.001754543
0.000544059
0.000635691
0.000222415
0.001590534
0.000382205
0.000229805
0.002199142
0.001880199
0.000403539
0.000389784
0.000671454
0.002435774
0.000529650
0.001655670
0.000387660
0.000547019
0.000246656
0.000225089
0.000213658
0.000223765
0.000256628
0.000241970
0.000208115
0.000222434
0.000362794
0.000568238
0.000200090
0.000822282
0.000533301
0.000229680
0.000721215
0.002084000
0.000533911
0.003569598
0.000549207
0.002717340
0.001530746
0.000566359
0.002498035
0.001550259
0.000819377
0.000200462
0.002571830
0.000238733
0.000344627
0.000413670
0.002380075
0.000189578
0.000315819
0.000228128
0.000217449
0.000275901
0.000453229
0.000424270
0.000833812
0.000428911
0.000253230
0.000445262
0.000212468
0.000207211
0.000247249
0.002446319
0.000213722
0.000214993
0.000219617
0.000207354
0.000204087
0.000227639
0.000213261
0.000228224
0.001274982
0.000286393
0.000216606
0.002880385
0.000225441
0.001456721
0.002380695
0.000336900
0.004270585
0.000915015
0.000754419
0.000445351
0.001149786
0.000212262
0.000205309
0.000592768
0.000204634
0.001302665
0.001423934
0.000370003
0.000248333
0.000426279
0.000223975
0.000389965
0.000216073
0.000222993
0.000228942
0.003152890
0.001925765
0.003472465
0.001236809
0.001910264
0.000810045
0.000394425
0.000241004
0.000215291
0.000359600
0.000474620
0.000370372
0.001117683
0.000241893
0.000457554
0.000479637
0.004681770
0.000402744
0.000419155
0.001160970
0.000214834
0.004721276
0.000209522
0.000390505
0.000213183
0.002908472
0.001881442
0.000344846
0.000814486
0.000930397
0.000674223
0.000232192
0.005198783
0.000849951
0.000357691
0.003882049
0.001124377
0.002623306
0.002346024
0.001269143
0.001174839
0.000740477
0.000843961
0.000311931
0.001540761
0.000223566
0.000438964
0.000306272
0.000771315
0.000262412
0.000465905
