0.000117099
0.000171688
0.000142226
0.000126544
0.000606339
0.000141631
0.000163380
0.000141116
0.000137326
0.000124241
0.000120969
0.000149909
0.000222998
0.000141371
0.000132921
0.000134798
0.000162064
0.000135612
0.000136898
0.000299374
0.000285932
0.001613102
0.005885089
0.001881837
0.000806779
0.000226566
0.000225476
0.000145291
0.000443336
0.001101655
0.000369231
0.000148777
0.000134298
0.001082303
0.000142008
0.000123312
0.000148710
0.002202807
0.004570433
0.000122863
0.004716191
0.000135875
0.001693842
0.000378583
0.001288218
0.000922248
0.000139513
0.000127640
0.000723840
0.001361266
0.000294547
0.000252965
0.001756463
0.000558911
0.000778427
0.000140654
0.001290655
0.000129649
0.000123774
0.000127454
0.000148082
0.000282020
0.000132759
0.000170699
0.000133891
0.000133747
0.000412816
0.001220434
0.000222480
0.000153313
0.001627893
0.000139438
0.000140942
0.000143719
0.000137171
0.000140928
0.000135494
0.000144053
0.000123100
0.001210360
0.000226309
0.000131450
0.000125544
0.000143312
0.000127922
0.000130582
0.000132920
0.000144557
0.000123693
0.000125799
0.004214649
0.000133262
0.002206715
0.000219268
0.000131876
0.000241071
0.000959175
0.000984921
0.000989810
0.000217558
0.000313751
0.001455203
0.000226965
0.000303021
0.000138303
0.001767612
0.000406015
0.000709524
0.000163937
0.001547569
0.000217174
0.000134358
0.000246467
0.000900472
0.000236498
0.000324567
0.000140355
0.000129999
0.001596190
0.000302878
0.000331815
0.001932990
0.000217136
0.000133576
0.000131966
0.000351323
0.000440469
0.000387189
0.002100855
0.000153407
0.004357297
0.000597701
0.000149582
0.002770070
0.000319375
0.001147633
0.002217581
0.000370437
0.001469852
0.000211342
0.000791332
0.001347662
0.000133591
0.000120090
0.000145183
0.000153908
0.000134430
0.000129671
0.000740881
0.000367440
0.000144606
0.000169245
0.002823559
0.000227833
0.000141488
0.001203230
0.000135703
0.001974081
0.000135606
0.000142196
0.000127069
0.000291508
0.000422478
0.000145217
0.001053760
0.002056372
0.000228942
0.000292422
0.000250238
0.001166845
0.000242872
0.001109037
0.000222577
0.002074742
0.000139251
0.000134325
0.000121228
0.000138038
0.000134554
0.000123066
0.000201112
0.000327890
0.008966756
0.000910585
0.000234196
0.000385130
0.004092315
0.001454063
0.000715136
0.002416095
0.001013931
0.000479560
0.000656804
0.001592987
0.000699054
0.003169739
0.000311232
0.000318985
0.004690679
0.000518659
0.001580397
0.000422454
0.000190168
0.000352286
0.000421243
0.005705825
0.004382386
0.004033387
0.005174307
0.000288902
0.000497101
0.000334092
0.000319798
0.002602037
0.001479567
0.000424780
0.000326944
0.000229764
0.000136764
0.000231669
0.000111707
0.000231870
0.002084708
0.003404477
0.000140637
0.001568096
0.000142018
0.000122148
0.000136200
0.000298538
0.000360902
0.000306724
0.000464798
0.000215647
0.001819693
0.000813062
0.000539064
0.003210356
0.002804372
0.000215285
0.000746885
0.000797321
0.001877663
0.000443672
0.000132843
0.001280999
0.002123449
0.001425902
0.001412291
0.000323413
0.000820863
0.000430463
0.000112493
0.000134983
0.001342769
0.000140301
0.000140714
0.000244233
0.000390338
0.000136470
0.001230323
0.000127843
0.002629519
0.000119388
0.001502050
0.002225845
0.000218167
0.000166779
0.000155587
0.000400276
0.001662255
0.000791314
0.000910938
0.000498689
0.000117124
0.001983405
0.000352295
0.001513775
0.000632799
0.002064668
0.001432541
0.000454026
0.000124795
0.000362876
0.000441023
0.000108083
0.000989865
0.000853174
0.000584998
0.000354166
0.000112004
0.002839979
0.000163460
0.001002806
0.000405541
0.000472657
0.000177977
0.000551390
0.000140664
0.000108986
