0.001987810
0.002456444
0.002704368
0.005283104
0.010340707
0.009496122
0.013563551
0.009894705
0.010332505
0.013379850
0.011659373
0.019236358
0.020799429
0.021467811
0.022306777
0.023227020
0.024137123
0.024182989
0.025247987
0.025944518
0.026923633
0.038386484
0.038628503
0.039424158
0.039105572
0.039750324
0.040729227
0.040956172
0.041873055
0.052081976
0.052875884
0.053641557
0.053903591
0.054805393
0.055392617
0.055264407
0.056168343
0.064915685
0.065688797
0.066613195
0.067164587
0.067458423
0.068356160
0.069037450
0.069879508
0.071041542
0.081216256
0.082353320
0.082984555
0.083462333
0.084484534
0.085192869
0.086027718
0.094358837
0.095337046
0.095963928
0.096938212
0.097999142
0.098997873
0.099490885
0.108827051
0.109619036
0.109298515
0.109311017
0.109293089
0.108114234
0.115717793
0.116623257
0.116696591
0.117717488
0.118401117
0.119251241
0.119161829
0.119777338
0.120732373
0.121707229
0.122488783
0.132274856
0.132921133
0.133463225
0.135176233
0.135045034
0.135742922
0.137741723
0.137590130
0.138423618
0.138223751
0.145591267
0.145143893
0.147126656
0.146666629
0.147596323
0.147913930
0.149420596
0.149907446
0.157695728
0.158296158
0.159252335
0.159875657
0.160382427
