0.000100382
0.000166842
0.000148569
0.000143595
0.000134161
0.000151267
0.000295718
0.002643583
0.001179860
0.000128565
0.000136131
0.003185605
0.001268788
0.000110118
0.000122394
0.002719034
0.000132756
0.000122463
0.002838299
0.001392216
0.000185159
0.000157269
0.001498369
0.000206709
0.000310054
0.000129427
0.001971015
0.000201408
0.000134220
0.000124833
0.000781044
0.000201362
0.003004469
0.001232746
0.000131912
0.001915025
0.000166606
0.000140130
0.000193730
0.002622161
0.000873799
0.000134457
0.001140156
0.000139332
0.000126630
0.001102014
0.000119520
0.000297210
0.000205098
0.000134075
0.000121018
0.000135305
0.001641934
0.000122619
0.000130607
0.000210652
0.000362780
0.000119872
0.000135477
0.000162574
0.001132773
0.000908096
0.000152241
0.001294680
0.000330958
0.001064078
0.000111182
0.000118634
0.003731016
0.000130387
0.000127201
0.000121702
0.000142171
0.000137089
0.002002197
0.000205442
0.000117258
0.000150271
0.000120804
0.000144445
0.000131024
0.000131909
0.000127265
0.000121057
0.000123986
0.000978955
0.000183103
0.000289003
0.000139122
0.000853871
0.000111118
0.000519442
0.000537502
0.001157085
0.000356736
0.000566766
0.003324469
0.000586057
0.001256471
0.000875513
0.000096251
0.000201065
0.001138547
0.000714635
0.000118989
0.000358652
0.003171068
0.004334207
0.001388411
0.000479195
0.000121873
0.000104080
0.000159004
0.000364737
0.000145459
0.000137831
0.000122964
0.000119341
0.000146160
0.000109371
0.000257543
0.000124676
0.000122602
0.000121344
0.000209443
0.000119645
0.004325201
0.000120945
0.000121763
0.000109992
0.002978798
0.001983790
0.001051871
0.005859320
0.003711875
0.001092309
0.000571632
0.000134880
0.000437112
0.000119489
0.000723132
0.002342151
0.001313738
0.000499978
0.000858658
0.000127133
0.000151132
0.002275113
0.000124669
0.000131550
0.002774337
0.000137255
0.000130859
0.000120874
0.000124842
0.000215144
0.000463977
0.000107650
0.000113227
0.000126369
0.000118133
0.000132317
0.000762831
0.000401954
0.000423214
0.000515245
0.000472371
0.000198386
0.000269806
0.004178136
0.000511610
0.000124600
0.001605603
0.002300886
0.000242230
0.000118772
0.000820104
0.000130389
0.000122070
0.000107895
0.000486223
0.000123748
0.001685227
0.000135896
0.000128852
0.000251909
0.000269103
0.000107159
0.000464766
0.000387032
0.001037705
0.000513871
0.000288459
0.000403713
0.000115149
0.000218101
0.003929399
0.000112464
0.001272631
0.006448167
