0.151383817
0.460404873
0.607531601
0.664551635
0.696790918
0.724587341
0.753512698
0.775777051
0.919933762
1.357449751
1.435427249
1.697938226
1.776778405
2.043028041
2.070972229
2.096100296
2.124994248
2.144667274
2.164360620
2.216508397
2.375115992
2.540696364
2.622284931
2.800704168
2.964377331
3.073534779
3.108760119
3.162108789
3.194205760
3.220230939
3.252389764
3.271476677
3.295419367
3.350906585
3.373322572
3.405553073
3.456549570
3.491463042
4.566262399
4.574863115
4.583095172
4.591198499
4.598874208
4.606888319
4.614724590
4.622527625
4.652501468
4.680044528
4.759031024
4.791211735
4.799301269
4.867719580
4.952637990
5.233725977
5.364818691
5.524370159
5.676137810
5.830597643
5.859307350
5.884836212
5.907354949
5.934552023
5.963984121
5.991038667
6.046360317
6.076602630
6.105345075
6.131912138
6.162183772
6.419314213
6.578195702
6.731714086
7.007554553
7.016602309
7.065665752
7.095140426
7.124308751
7.155407024
7.184254997
7.212725969
7.246391320
7.278261003
7.310918446
7.341440727
7.371526845
7.404014806
7.664885033
7.826850217
7.964979187
8.109725108
8.542244004
8.774415209
8.808602390
8.838233636
9.375796657
9.383938282
9.392076359
9.400094281
9.407226095
9.414343673
9.564325757
9.693939143
9.859311343
10.030900468
10.307070226
10.338703184
10.370864719
10.403481532
10.436886510
10.467926593
10.633297452
10.780482932
10.964028073
11.241405470
11.275017981
11.311083764
11.344950585
11.376002297
11.408654345
11.440354210
11.470202726
11.502089309
11.531509595
11.563934234
11.597447294
11.628042659
11.659734819
11.691992504
11.757441898
11.927264383
12.096544389
12.263390859
12.574021563
12.605945756
12.634190614
12.663013941
12.696772221
12.732186434
12.765309931
12.797108927
12.828249044
12.859961368
12.892914341
12.917794875
12.950311493
13.029589930
13.172405458
13.492122325
13.653260560
13.818366149
14.463331798
14.471337613
14.479301640
14.487277070
14.494935922
14.502343983
14.510209901
14.694560237
14.842302902
15.005161017
15.241279032
15.271746593
15.304833837
15.336413878
15.368186276
15.392655245
15.424191683
15.457182470
15.490781813
15.517492796
15.549066328
15.580933431
15.615543195
15.650416151
15.742637803
15.903400690
16.223714667
16.385714996
16.550485964
16.713396480
16.917294956
17.009938360
17.043088437
17.075309167
17.107673685
17.142438816
17.304254659
17.470413130
17.667141123
17.819036543
17.983999542
18.309002139
18.408626238
18.445744454
18.475491660
18.505262243
18.536401076
18.568063982
18.622432883
18.798412159
