11.897431172
13.211110652
13.347105670
13.629369140
13.637172185
13.793613889
13.928553417
13.907306418
13.914505729
14.058608578
14.098497914
14.193566180
14.209998193
14.239968092
14.225210400
14.340637839
14.342037109
14.369706910
14.566914617
14.550846121
14.599860319
14.573756327
14.632011032
14.735070488
14.804982320
14.809539746
14.776751906
14.887185511
14.888479563
14.945904225
14.889030762
14.991742307
15.038797308
15.074920451
15.090454209
15.186886313
15.177343230
15.213353697
15.242643740
15.225943451
15.311742724
15.288041854
15.338815319
15.346668471
15.397001569
15.470771334
15.405265922
15.455640604
15.500424016
15.476146196
15.495401712
15.503495884
15.494207924
15.587429457
15.597785777
15.525085529
15.606520959
15.548159950
15.675604005
15.636792016
15.700875236
15.734150906
15.745091716
15.762993562
15.764460303
15.825331592
15.839003390
15.803433844
15.801824374
15.836650197
15.915132109
15.921741730
15.932730415
15.891101905
15.895580371
15.954490977
15.935804646
15.948827092
15.942297058
15.945302333
15.889248525
15.996923880
15.959316232
15.947951638
16.029605543
16.036692929
15.987162768
16.061479542
16.054536550
16.031650697
16.101487660
16.045639006
16.103730433
16.071953517
16.115361360
16.139665151
16.119281537
16.101211297
16.157757574
16.118504275
