0.000180496
0.000117902
0.000152796
0.001209151
0.000252140
0.000159760
0.000140733
0.000283933
0.000162422
0.001867601
0.000262906
0.000324809
0.000201538
0.001461779
0.000273389
0.001953462
0.000113779
0.000842613
0.000130342
0.000812519
0.004509579
0.000280852
0.000206788
0.000123738
0.000328673
0.000332570
0.001440543
0.000134812
0.000826870
0.000146117
0.001542076
0.000130197
0.000143910
0.000168584
0.000136579
0.001270490
0.000569230
0.000158293
0.000129288
0.000222479
0.000150396
0.000227719
0.000333499
0.000148523
0.000152253
0.000164893
0.000134509
0.000158003
0.000310975
0.000131787
0.001096495
0.001128137
0.001277662
0.000132554
0.000148148
0.000152884
0.000330697
0.000132555
0.001982845
0.000148327
0.000132132
0.001241934
0.000156086
0.002126270
0.000141795
0.000131397
0.000452393
0.000141534
0.000169286
0.000140954
0.002046104
0.000124905
0.000132164
0.000122890
0.000119176
0.000887134
0.000147529
0.000458087
0.000146941
0.001134227
0.000366426
0.000219490
0.001940848
0.002924929
0.001552251
0.000724475
0.000136336
0.000402843
0.000220153
0.002624841
0.000348234
0.000131678
0.000311061
0.000148324
0.000165221
0.001683943
0.000174340
0.000348352
0.000134234
0.001026985
0.000133318
0.004763599
0.000646583
0.001157583
0.003005674
0.000716104
0.000160735
0.000134730
0.001084033
0.002200785
0.000858072
0.002051046
0.000114871
0.000557882
0.000130191
0.002191643
0.000759360
0.000145696
0.000784986
0.000154947
0.000238595
0.000350263
0.000257574
0.000135507
0.000122461
0.000121596
0.000139215
0.000152494
0.000163503
0.000134403
0.001495428
0.000136417
0.000134671
0.004464376
0.003271554
0.003063616
0.000130232
0.002898782
0.005197481
0.002966773
0.000956406
0.000927557
0.000174291
0.000138795
0.000154701
0.000134608
0.000147374
0.000136787
0.000219609
0.000347198
0.002814893
0.002763516
0.001457180
0.000403131
0.000429634
0.001746736
0.001356769
0.000218415
0.000443159
0.000826550
0.000669905
0.000147731
0.000245970
0.000312113
0.000141476
0.000294467
0.000491343
0.005761404
0.000158837
0.001117540
0.001756466
0.000113732
0.000330568
0.001462000
0.001244860
0.000409196
0.001305377
0.000457333
0.000340080
0.001465459
0.000793500
0.000135328
0.000187240
0.000123458
0.001157208
0.000121211
0.001075360
0.001377597
0.001152891
0.000164686
0.002442489
0.000341225
0.001690460
0.000822397
0.000119884
0.000245112
0.000167209
0.000197226
0.000204089
0.000155408
