0.001648482
0.002032555
0.002740840
0.002386350
0.002572621
0.002912599
0.001490077
0.005919861
0.003990873
0.032498256
0.033360286
0.034270859
0.012454834
0.013004686
0.034181795
0.039258259
0.040519476
0.015204970
0.042266674
0.041440627
0.013743033
0.013380265
0.018435771
0.018246663
0.018330051
0.032903507
0.032178194
0.031967327
0.032869072
0.032970499
0.033430340
0.034369341
0.034973700
0.035104406
0.035849078
0.036197981
0.037158337
0.037322880
0.038267946
0.045192383
0.045521400
0.046989688
0.048314667
0.050066336
0.050222125
0.050307278
0.051290344
0.054540976
0.055670222
0.057245772
0.057490381
0.058194914
0.059426278
0.060355383
0.061355263
0.061995375
0.062968894
0.063647527
0.069269258
0.070634792
0.071479695
0.072941574
0.073919856
0.074340306
0.074938178
0.076210406
0.076567447
0.076719086
0.077188178
0.078098007
0.076455334
0.064328412
0.065185125
0.066159840
0.080832628
0.067486241
0.068051580
0.081924680
0.069427953
0.070234647
0.071343286
0.072150993
0.072406971
0.073222008
0.073862574
0.074581642
0.074887591
0.075189762
0.075923711
0.074575627
0.074215273
0.074472269
0.074960109
0.074906307
0.074978887
0.073973669
0.074277956
0.073732819
0.074402673
0.075339675
0.075498335
0.076377010
0.076759650
0.077563667
0.077788474
0.078372622
0.079087189
0.079588527
0.080516523
0.081100893
0.081888080
0.082770312
0.083391855
0.084276581
0.084961008
0.085850817
0.086590535
0.087326210
0.087907822
0.088371682
0.088840358
0.089624098
0.090843914
0.091324380
0.091771438
0.092176710
0.092812944
0.091821355
0.092507192
0.091578099
0.091944583
0.092159675
0.091847838
0.091529040
0.092215362
0.093170174
0.094029318
0.094489769
0.095335434
0.095865338
0.096502033
0.106722663
0.107204358
0.108022770
0.108774639
0.109593067
0.110135312
0.110729239
0.110889828
0.111705144
0.112639977
0.113298547
0.113615064
0.114136502
0.130571348
0.129344235
0.129152159
0.128917687
0.127747651
0.128003274
0.128449157
0.128470693
0.129238281
0.128589489
0.129148905
0.129599969
0.130529490
0.147074995
0.147701044
0.148602495
0.149332470
0.150168979
0.150980174
0.151358032
0.166976798
0.167924529
0.170450774
0.169297360
0.169949114
0.170411149
0.171296927
0.171869319
0.172716846
0.173326320
0.174111023
0.174950980
0.190828016
0.191577292
0.190901021
0.190641554
0.190150131
0.190148526
0.190221850
0.190948704
0.191240402
0.191859705
0.192352485
0.193173041
0.194112479
0.194965022
