0.000170960
0.000134442
0.000127608
0.000153263
0.000145531
0.000126868
0.000228656
0.000126946
0.000155665
0.000148282
0.000136127
0.000132724
0.000118289
0.000127097
0.000215099
0.000128716
0.001048378
0.000129658
0.000141045
0.000134277
0.000139596
0.000123489
0.000120589
0.000117092
0.002829211
0.000688885
0.001303120
0.000135179
0.001110443
0.006124227
0.000489921
0.000334723
0.000151523
0.000120814
0.000138579
0.000132610
0.000120899
0.000131441
0.000120985
0.006515319
0.000126978
0.000124612
0.001196066
0.001714848
0.002332492
0.000105867
0.000513507
0.000547238
0.000469678
0.000114930
0.000120774
0.000576499
0.000194611
0.000210651
0.000172923
0.001267225
0.000556823
0.000201277
0.000233810
0.000178173
0.000158632
0.000138386
0.000133298
0.000113689
0.000172294
0.000183564
0.001814307
0.003161697
0.001407211
0.001530598
0.001426333
0.001284308
0.004102621
0.001901116
0.000709716
0.001766625
0.001760739
0.001074926
0.000160983
0.000333242
0.000123984
0.000837626
0.000199074
0.000418378
0.000899305
0.000307852
0.000975277
0.000128098
0.002113033
0.001050328
0.000183193
0.000232966
0.000147084
0.000221483
0.000259756
0.002778498
0.001090856
0.000157358
0.000136283
0.000138854
0.000129539
0.000145568
0.000124839
0.000144182
0.001215252
0.000230995
0.000134643
0.000559099
0.000130380
0.000253456
0.000105375
0.000161855
0.000128067
0.002655753
0.000129273
0.000649844
0.000226396
0.002742684
0.002893499
0.000142810
0.000889088
0.000138433
0.000127814
0.000131849
0.001787241
0.000129849
0.004371042
0.005273928
0.000113310
0.002021342
0.002068935
0.001334441
0.000170339
0.000127467
0.001003354
0.000224853
0.000221464
0.001328436
0.000375860
0.001592116
0.000573827
0.000188495
0.002104478
0.000560778
0.001294362
0.000908970
0.000131925
0.000115270
0.000106806
0.000362585
0.001133476
0.000298415
0.000325705
0.000137246
0.001431899
0.000125773
0.000140362
0.000261156
0.000351622
0.000111519
0.000361590
0.000110523
0.003855222
0.000988688
0.000188193
0.000370410
0.000995632
0.000131698
0.000119127
0.002617839
0.001177199
0.000177798
0.000342787
0.000119949
0.000114166
0.000581256
0.002579882
0.000170517
0.001522434
0.001373089
0.002732310
0.000185371
0.005334851
0.004608459
0.005960571
0.005810620
0.001093457
0.001109951
0.001962880
0.001183754
0.002647686
0.003059808
0.002051071
0.000471880
0.000129813
0.002758629
0.002431583
0.001457512
0.000149214
0.000463896
0.000182431
0.000104469
0.000149257
0.001622489
0.000167618
0.000285071
0.008732539
0.000107509
0.000124913
0.000120448
0.008583696
0.000211149
0.001299718
0.002186725
0.001200236
0.000170331
0.000141544
0.000133813
0.000384312
0.000118506
0.001473443
0.002376311
0.000177713
0.000636218
0.000121631
0.002451234
0.000111552
0.000684897
0.000130835
0.002469084
0.000270788
0.000308763
0.001092219
0.000120326
0.002092954
0.000129443
0.000113991
0.000382645
0.000133376
0.001617692
0.000460981
0.000130103
0.000347098
0.000135140
0.000814532
0.000111934
0.000117708
0.001149516
0.000107626
0.000280592
0.002472756
0.001482234
0.000449802
0.000167613
0.000148804
0.000359659
0.000120236
0.000204240
0.000191507
0.001630411
0.000373299
0.001567131
0.000555683
0.000125711
0.000144822
0.000508604
0.000157621
0.000406447
0.000123766
0.000202383
0.003283320
0.001157914
0.005328861
0.001108561
0.000139707
0.001089390
0.000126904
0.000892599
0.000442399
0.000248612
0.002932452
0.001445401
0.000456530
0.000138236
0.002838349
0.000113480
0.000386589
0.000362218
0.000124740
0.000130076
0.000105444
0.000365910
0.000121975
0.000120163
0.000164155
0.000097927
0.000156789
0.000148690
0.000111613
0.000109678
