0.001577831
0.001123389
0.002746706
0.051367572
0.052023909
0.053326394
0.053393758
0.054913366
0.054688295
0.054427059
0.055120598
0.079881211
0.080083049
0.080762549
0.080959957
0.105845850
0.106570661
0.108118908
0.132830753
0.134539018
0.135377060
0.135148891
0.180726653
0.181178717
0.181929755
0.181350031
0.182199886
0.183065975
0.183104644
0.183764045
0.184136845
0.184847343
0.185936767
0.199788564
0.200669310
0.200193549
0.201006986
0.201172610
0.214732698
0.215142441
0.215501102
0.216314818
0.217014587
0.229815318
0.230465917
0.230895313
0.231021208
0.231789236
0.232380399
0.244373348
0.245229888
0.245297371
0.246003572
0.246689645
0.260422708
0.260034968
0.259514661
0.260309247
0.260997772
0.273245077
0.274033383
0.274172684
0.274997307
0.275810590
0.286971689
0.287707857
0.288438131
0.289210976
0.289816724
0.302885908
0.303329437
0.304027595
0.303965057
0.304740121
0.318958942
0.319555778
0.320104599
0.320587228
0.321251056
0.333621947
0.333329433
0.334086851
0.334549460
0.335183099
0.347361102
0.348299449
0.348970489
0.349658999
0.350611243
0.365294619
0.365756697
0.366620410
0.367307141
0.367083504
0.380263167
0.380257334
0.381146323
0.382016051
0.381723538
0.403432715
0.404186364
0.403964497
0.403407826
0.403496006
0.404219462
0.404138576
0.404827599
0.417832767
0.418607073
0.419284432
0.419288438
0.419852442
0.420106835
0.420625253
0.421288231
0.433454693
0.434267008
0.435081259
0.436017595
0.435902631
0.436757709
0.448734925
0.450997097
0.450235929
0.451019350
0.450585843
0.464185783
0.464571315
0.464923920
0.464600688
0.488640956
0.489545288
0.490461758
0.490270611
0.490800274
0.490752466
0.491317676
0.492296240
0.492196426
0.500238786
0.500988367
0.501189503
0.502196398
0.502742403
0.515752299
0.516510272
0.516974096
0.517738670
0.529478375
0.530269229
0.530427399
0.531206486
0.544127986
0.544219686
0.544832236
0.545127425
0.545738244
0.546615041
0.546087413
0.546673385
0.559085367
0.559104819
0.559732817
0.560478958
0.561420339
0.573917183
0.574245544
0.574606576
0.575250476
0.575019552
0.587085276
0.587848404
0.588091436
0.588684799
0.589460242
0.602682169
0.603446628
0.604404324
0.604747516
0.617836488
0.618286910
0.618666275
0.618407499
0.618740133
0.619261943
0.629696783
0.629166344
0.629732732
0.630523216
0.640662710
0.641394836
0.641710303
0.642399399
0.652677599
0.653342719
0.654197343
0.654996289
0.666562511
0.667334409
0.666805524
0.667337282
0.665421265
0.678006217
0.677238518
0.677965428
0.678177858
0.678917133
0.691076199
0.691713460
0.692458835
0.693223873
0.694064546
0.706827412
0.706702843
0.707101658
0.707706541
0.708239906
0.720626702
0.721244931
0.721965676
0.722774419
0.723488211
0.735247149
0.736160990
0.737075750
0.750039976
0.750100575
0.750154390
0.751032646
0.751755498
0.751665966
0.763676629
0.764532782
0.764439132
0.764779311
0.772810241
0.773677104
0.773547033
0.773754886
0.774147148
0.785749534
0.786439172
0.786422990
0.786662962
0.800564489
0.800921270
0.801489975
0.801877632
0.802390228
0.802995117
0.813909055
0.814368012
0.814711710
0.815205276
0.824334143
0.824682147
0.825302962
0.825952922
0.838015832
0.838488950
0.839055537
0.839971140
0.840331092
0.840971079
0.841247827
0.841910672
0.842798680
0.854495521
0.854605152
0.855507258
0.855451779
0.855523314
0.856344313
0.866788860
0.867567344
0.867525072
0.868332118
0.868998273
0.868867051
0.869402272
0.869657334
0.870319329
