0.000150055
0.000122221
0.000144561
0.000105586
0.000138005
0.000147925
0.000117956
0.001613451
0.000164199
0.000114501
0.000124834
0.000117203
0.000110898
0.000128378
0.000139190
0.000126189
0.000131066
0.000131597
0.000131654
0.000228917
0.000124691
0.000148801
0.000117071
0.000131534
0.000117771
0.002341311
0.000128050
0.001272135
0.000161001
0.000199416
0.000116147
0.000101467
0.000288904
0.000181499
0.000153436
0.000202571
0.001699663
0.003090060
0.001345101
0.000126224
0.000137712
0.000135517
0.000117285
0.000120443
0.000207051
0.003588998
0.000184453
0.000158585
0.000167328
0.000113423
0.004333452
0.000846407
0.000200703
0.000125367
0.001039187
0.000125059
0.000114972
0.000142979
0.000114590
0.002039526
0.000154901
0.000140363
0.000131421
0.000113142
0.000169992
0.000338174
0.000811758
0.000230690
0.000122037
0.000124541
0.000121602
0.000210973
0.000455671
0.000154667
0.001463696
0.000133450
0.000117279
0.000107131
0.000105199
0.000131361
0.000199820
0.000961561
0.000246768
0.005990785
0.000131578
0.000120028
0.003096998
0.001006148
0.000139894
0.000172725
0.000278660
0.000132092
0.000133257
0.000127843
0.001920814
0.000328016
0.001230585
0.002929085
0.001112084
0.000138776
0.000150440
0.001129165
0.000108894
0.000410791
0.000138640
0.004014465
0.000342141
0.001035709
0.000152048
0.000118986
0.001711526
0.003718362
0.000379414
0.000508233
0.002571401
0.000145781
0.000124967
0.000865731
0.001596320
0.001014626
0.000115468
0.000470511
0.000285178
0.001792460
0.002022651
0.001551892
0.000162644
0.001524790
0.002276044
0.001910642
0.002860358
0.000242978
0.001458513
0.000408867
0.000680882
0.000286491
0.000127893
0.000115157
0.002814830
0.004016483
0.001244913
0.001759753
0.000121223
0.000218784
0.002506330
0.001786045
0.000322623
0.003460023
0.000557476
0.000699506
0.000132422
0.000099803
0.002431067
0.001200597
0.000485266
0.000396589
0.000125912
0.002884018
0.002183670
0.001158613
0.001097175
0.000295216
0.000747821
0.001527958
0.000513384
0.000981327
0.001049642
0.000539205
0.000094706
0.000103841
0.000165471
0.000365511
0.000343501
0.000428993
0.000107176
0.000109585
0.002806692
0.001175144
0.000213559
0.000169430
0.000188190
0.000101462
0.002301002
0.000114723
0.000361337
0.001857934
0.000537976
0.004056639
0.000403103
0.005260068
0.000285964
0.003185935
0.001292840
0.000309717
0.003415201
0.002249352
0.002769651
0.001610822
0.000154413
0.001384728
0.003021891
0.000364413
0.000358560
0.000397783
0.002049780
0.000522814
0.000448709
0.000164052
0.000120647
0.000344539
0.000279615
0.000100191
0.001015557
0.001393706
0.000439257
0.001305735
0.000950487
0.001386481
0.000110567
0.000474650
0.002779773
0.000907306
0.000208518
0.000173545
0.000116097
0.001106843
0.000136879
0.000446572
0.000407773
0.000335308
0.000407965
0.002797378
0.000516452
0.000481865
0.000155578
0.000188522
0.001059869
0.000429788
0.002923454
0.002005193
0.001226093
0.000240316
0.000115724
0.000120409
0.000736234
0.000319212
0.000368433
0.001768241
0.000485605
0.000429501
0.000233022
0.001405992
0.003346247
0.001987177
0.001432054
0.001247801
0.002892419
0.000456771
0.000136023
0.000358927
0.000115990
0.001321049
0.000429048
0.000782131
0.001422645
0.000865467
0.003229042
0.000162598
0.001744874
0.001522522
0.003517491
0.002793422
0.000176119
0.000989724
0.002133460
0.000848683
0.000390929
0.000516985
0.000198427
0.003258114
0.000122366
0.001021500
0.000372536
0.000880311
0.000243587
0.000202524
0.000404714
0.003403901
0.001719013
0.002465017
0.000158560
0.000162546
0.001063296
0.000104896
0.000117228
0.000390111
0.000291196
0.000223029
0.000157148
0.000107369
