0.001815719
0.002512305
0.005069692
0.001398553
0.002662405
0.002886477
0.007543335
0.007513247
0.006287570
0.007976849
0.008663485
0.009412343
0.010200543
0.010016575
0.010787433
0.011315271
0.012854501
0.013788932
0.018260270
0.019109478
0.020140509
0.020969125
0.026261999
0.027213447
0.027684266
0.028437313
0.029382786
0.034642960
0.035175380
0.036220652
0.037347951
0.037968101
0.038688459
0.039686573
0.040642949
0.049057229
0.049900077
0.050199808
0.050115547
0.049288918
0.048810672
0.048422734
0.049967464
0.050921728
0.051493894
0.063484281
0.064921467
0.065468005
0.065275980
0.066649543
0.067429044
0.068525210
0.078147508
0.079188515
0.079801624
0.080713829
0.080969611
0.081655654
0.082565298
0.083428139
0.090052848
0.090830526
0.091676177
0.091509135
0.092291287
0.100837742
0.101553148
0.102331192
0.103087255
0.104144581
0.104447287
0.114250450
0.114530307
0.116883760
0.117530756
0.115835336
0.116264367
0.122270570
0.123283207
0.123864046
0.124474345
0.125117190
0.125313287
0.126021945
0.135198595
0.136144866
0.136818494
0.137888822
0.138356315
0.139373431
0.140015158
0.141018762
0.148953092
0.149609966
0.149985631
0.150808002
0.151520033
0.152347901
0.161522399
0.162548017
0.163389385
0.163616049
0.163465644
0.162734376
0.162317189
0.170029647
0.169848671
0.170589158
0.170804787
0.170311091
0.171179020
0.171389568
0.180084345
0.181087257
0.181666674
0.182348955
0.183088803
0.184019311
0.184510940
0.193125048
0.193775414
0.193820863
0.194519576
0.195247446
0.195618052
0.196729034
0.204506386
0.204830588
0.205576254
0.206343821
0.207131780
0.207911772
0.215497390
0.216150736
0.217550056
0.216968964
0.217691091
0.218535033
0.226491124
0.226304011
0.226894965
0.225103585
0.225766403
0.226790858
0.234843841
0.235291936
0.235833994
0.235260627
0.234803466
0.235086378
0.235993973
0.236932925
0.245240895
0.245812206
0.246614117
0.247541038
0.248396008
0.249192331
0.249998867
0.262827565
0.263018518
0.263789209
0.265439534
0.265573562
0.277228061
0.277949084
0.278073531
0.278832207
0.288942383
0.289498335
0.288124711
0.289040560
0.289365422
0.290077210
0.303572871
0.303968282
0.304920903
0.305830730
0.306641086
0.318018711
0.318392211
0.319033926
0.319447910
0.330277368
0.330703450
0.330495415
0.330992965
0.340587930
0.341413440
0.342022081
0.342524278
0.352954753
0.353597722
0.354133129
0.355147050
0.355606073
0.356300469
0.356814222
0.357301307
0.358009059
