0.000248312
0.000509847
0.000205495
0.000395863
0.000378106
0.001586635
0.000393464
0.000367807
0.000311214
0.001336670
0.000207000
0.000217018
0.000204433
0.000208775
0.001151873
0.001632500
0.000356831
0.000467981
0.000303648
0.002448439
0.000243485
0.003956837
0.003696903
0.000197302
0.000185671
0.002599871
0.000188955
0.000766102
0.000552714
0.000634388
0.001261664
0.000279563
0.000193302
0.000769126
0.000388685
0.000462822
0.000377145
0.000187568
0.000359900
0.000217304
0.000212268
0.000207851
0.000228345
0.001090562
0.000217496
0.000223869
0.000209333
0.000217351
0.000206081
0.000217364
0.000687638
0.000830474
0.000961359
0.003184107
0.000523840
0.003285002
0.000206796
0.004613417
0.004891704
0.000264348
0.000327695
0.000183941
0.005568094
0.003849283
0.002882670
0.000410181
0.002954563
0.001445711
0.000365991
0.001918591
0.000754806
0.000876773
0.003649453
0.000206848
0.000384383
0.000210405
0.001231623
0.000382339
0.001095597
0.000339689
0.000854370
0.001362493
0.000654148
0.000175083
0.000629962
0.001520687
0.001051635
0.000207383
0.005073191
0.000179470
0.000190686
0.000194147
0.000213042
0.000349649
0.000764679
0.000178023
0.000673435
0.000172819
0.000249418
0.000288128
