29.602974427
31.388782317
32.140585344
32.598251257
32.751074461
33.838952678
33.940047581
34.237052583
34.270837189
34.924974333
34.994162145
35.052409042
35.083630721
35.096298967
35.306231336
35.327925192
35.335934912
35.538308662
35.595055473
35.558656081
35.703550727
35.660581760
36.080897398
36.153299109
36.119064255
36.205008330
36.157139887
36.153630499
36.316910764
36.340758224
36.316860605
36.354973930
36.400196657
36.487623870
36.579858582
36.654019280
36.688561539
36.807367504
36.756232835
36.803243937
36.822524209
36.919166299
36.954648243
37.032994614
37.025975513
37.016094850
37.160342316
37.154202342
37.233742727
37.217017857
37.190373955
37.278917052
37.318111901
37.342973782
37.436763044
37.380811954
37.439775390
37.499188425
37.483158176
37.454255635
37.446831695
37.648136881
37.622220928
37.704396012
37.693709278
37.688444548
37.725592232
37.747617956
37.837333623
37.793058280
37.843490657
37.892930514
37.886985656
37.914534194
37.888388191
37.890066148
37.962517611
37.969344108
37.923895929
37.930477282
37.993269004
38.062603902
38.033206960
38.059504267
38.062726643
38.032461117
38.119108466
38.130095663
38.159560325
38.161840991
38.170321388
38.163509877
38.212113318
38.284080866
38.229376866
38.280699309
38.297721692
38.276188058
38.246175616
38.316763590
