0.001986857
0.003171172
0.014041303
0.018936782
0.016068756
0.016015288
0.016501949
0.030366050
0.030021406
0.032055999
0.031725801
0.031277271
0.049105168
0.049008185
0.049064855
0.049046774
0.050039558
0.050608937
0.051439753
0.067637339
0.067409457
0.068183162
0.068606732
0.068682823
0.069545336
0.070289963
0.085733463
0.086576354
0.087427699
0.088370954
0.089096980
0.090103658
0.103698762
0.103565668
0.104427086
0.105045623
0.105948052
0.106234995
0.114750534
0.115631668
0.116510471
0.117331817
0.118056600
0.117931355
0.118772098
0.128663135
0.129979156
0.129831451
0.130469371
0.130791403
0.131662046
0.132338564
0.141264406
0.141933984
0.142934883
0.143600732
0.144391667
0.145060942
0.154811389
0.155978804
0.156781930
0.157724425
0.158496869
0.159256639
0.159941331
0.160873479
0.170264783
0.170967009
0.172073892
0.172871096
0.173044181
0.174125680
0.175133170
0.175125845
0.184196566
0.184825279
0.185820428
0.186786944
0.187015270
0.187818836
0.186508196
0.187627929
0.188438364
0.195198784
0.195995290
0.195743470
0.196584017
0.197372010
0.198521211
0.199564437
0.200418862
0.200846029
0.202123790
0.210762163
0.211924292
0.212424571
0.213416574
0.213963261
0.215036990
0.215699194
0.224468667
0.225389632
0.225683942
0.226562465
0.227486694
0.227639188
0.228674209
0.229835271
0.230854513
0.243823135
0.244909841
0.245451731
0.246133173
0.246893653
0.247504268
0.248500538
0.248891266
0.249540114
0.261077708
0.261694674
0.262225506
0.263051552
0.263835563
0.264469941
0.264298635
0.263540635
0.263074495
0.262985097
0.263727820
0.264128530
0.264906810
0.266048146
0.266735366
0.267718852
0.268572429
0.269187480
0.269956166
0.283725211
0.284445846
0.285205467
0.286079805
0.286362452
0.287226110
0.287539315
0.288387649
0.288780008
0.289568145
0.290262309
0.301692824
0.302590728
0.302744233
0.303549643
0.304458492
0.305421923
0.306134864
0.306910386
0.307410479
0.307597880
0.308168477
0.322110347
0.322763780
0.322989575
0.323334945
0.324368486
0.325596965
0.326528698
0.327434561
0.328346072
0.329437445
0.329693174
0.330690413
0.331172203
0.331561861
0.332387461
0.332713948
0.357339446
0.358139485
0.358891535
0.358915203
0.357645315
0.356203916
0.356636332
0.357013125
0.358001943
0.359033049
0.360240229
0.386329779
0.386734585
0.387295752
0.388212711
0.389133908
0.389766263
0.390422582
0.391217778
0.391609740
0.392235168
0.393391963
0.411485535
0.412571695
0.413393831
