0.000200938
0.000518331
0.000210065
0.000203206
0.000216149
0.000182600
0.000210470
0.000655837
0.002068099
0.000230360
0.000748742
0.000913371
0.001179537
0.000281386
0.000367663
0.000375414
0.000203463
0.001349786
0.002576102
0.000211253
0.000356371
0.000516513
0.000422161
0.001411414
0.000696624
0.000407672
0.001180266
0.000929956
0.000294185
0.000548735
0.000661123
0.000213946
0.000220114
0.000193084
0.000283715
0.000458551
0.001202829
0.000305766
0.000361036
0.001617716
0.000637786
0.000215732
0.000217532
0.000198552
0.000215032
0.000219690
0.000211784
0.000210556
0.002352243
0.000207662
0.000201217
0.000238221
0.001385008
0.000789054
0.000419861
0.002181396
0.000909388
0.002602634
0.001157541
0.005019099
0.002244655
0.000193278
0.001328920
0.001257827
0.000448226
0.000352395
0.000360170
0.000234559
0.000218833
0.001025569
0.000365532
0.000193356
0.000350809
0.000197959
0.000219214
0.001245864
0.003451843
0.000180729
0.000199305
0.001118654
0.000197020
0.000498570
0.002186949
0.002667814
0.000522276
0.000372822
0.001508385
0.000304744
0.000358095
0.001648767
0.000276575
0.000208245
0.001067485
0.000176951
0.000203788
0.000227456
0.000403756
0.000272599
0.000209645
0.000519062
0.000438285
0.001665477
0.002448169
0.000206825
0.001139731
0.000206288
0.000211654
0.001604720
0.002682142
0.000368500
0.001180716
0.000324074
0.000447254
0.002010617
0.000351555
0.001140878
0.000212303
0.000361310
0.002527574
0.000456170
0.001636383
0.000294739
0.000187567
0.000208451
0.000950990
0.000227992
0.000199810
0.000213812
0.000202360
0.000201209
0.000201468
0.000226351
0.000353983
0.000398010
0.001682625
0.001420360
0.000716781
0.001759137
0.000773213
0.000727917
0.001286770
0.002237805
0.001098390
0.000715177
0.000483080
0.000187026
0.000488992
0.000979078
0.000282549
0.000218068
0.000200423
0.001293095
0.000211143
0.000228270
0.000219743
0.000200708
0.001938128
0.000195163
0.000431956
0.002817238
0.000176935
0.002419576
0.001232166
0.000204125
0.002207230
0.001427123
0.003339668
0.001496947
0.001863468
0.000469650
0.001180924
0.000220971
0.000331353
0.000814673
0.000833095
0.000292043
0.000230783
0.000429316
0.000223844
0.001025270
0.000214185
0.001987430
0.000242667
0.000212642
0.000213928
0.000379313
0.000411210
0.000187018
0.000199288
0.000201986
0.000356650
0.000328642
0.000203212
0.000205409
0.002944429
0.004973169
0.001410757
0.003972937
0.000286298
0.000763087
0.000372411
0.001170723
0.002611775
0.000572300
0.000227683
0.000215838
0.000411013
0.000179247
0.000506563
0.000264004
0.000196025
0.000249362
0.000225071
0.000215937
0.001153199
0.000210283
0.000207448
0.000644674
0.000216611
0.000540171
0.002391817
0.000339001
0.001279882
0.000981814
0.001487074
0.001427932
0.000196087
0.001402098
0.000633177
0.000411117
0.000860354
0.003149193
0.001154835
0.000519066
0.001117332
0.001690063
0.001493109
0.000620201
0.000400363
0.000562638
0.000273606
0.001375578
0.002095714
0.000338934
0.000559070
0.000189698
0.001169803
0.000368494
0.002946676
0.001846839
0.000995293
0.000501219
0.001461938
0.000194358
0.001402612
0.001231733
0.000511512
0.000525953
0.002608593
0.000514038
0.000770933
0.001044923
0.000199716
0.002646917
0.000747782
0.000226973
0.000210987
0.000208323
0.000259171
0.000206763
0.000207890
0.000202147
0.000201441
0.001138215
0.001408356
0.001042109
0.000699845
0.000643561
0.001733187
0.000907025
0.000795321
0.004727438
0.000201367
0.000409253
0.001013339
0.003760514
0.000362594
0.000448050
0.001284119
0.000293137
0.000312792
0.000204481
0.000748919
0.000223390
0.000382126
0.001255703
0.000288739
0.000649839
0.000644405
0.000216320
0.000193097
0.000236961
0.000213925
0.000219114
0.000218243
0.000366164
0.000197043
0.000185990
0.002119799
0.000344501
0.000216142
0.000198290
0.000200066
0.002052349
0.000432102
0.000190396
0.004706268
0.000511473
0.000212060
0.003637913
0.001693594
0.000477217
0.002260858
0.000328036
0.000467009
0.000500547
0.000227485
0.001063146
0.000178707
0.001292885
0.000309921
0.000740673
0.000213048
0.000203933
0.000214534
0.000205363
0.001303252
0.001164337
0.000222022
0.000221704
0.003112448
0.000567888
0.000222070
0.000207556
0.000199024
0.003237866
0.000198536
0.000686981
0.000206321
0.000204169
0.002498328
0.001535326
0.002445948
0.001130372
0.000745115
0.001516634
0.000333279
0.000379899
0.001128082
0.001264107
0.000232729
0.000686958
0.000179593
0.000491744
0.000858289
0.000480400
0.000199539
0.000220162
0.000483256
0.000354187
0.001666626
0.000495381
0.001940442
0.000239703
0.000208582
0.003195081
0.000216263
0.000206758
0.000532817
0.000483399
0.000491178
0.000205999
0.000375401
0.000199765
0.000207902
0.000202179
0.000348723
0.000483928
0.000290885
0.000807081
0.003822546
0.000279283
0.001068260
0.002441144
0.000199505
0.002408888
0.000190838
0.000226285
0.000441304
0.001428876
0.000414937
0.000935873
0.000186489
0.000509220
0.000703079
0.000396382
0.000205439
0.000832805
0.002205256
0.000220644
0.000208962
0.000209222
0.000194966
0.000212718
0.001296186
0.001108206
0.001059311
0.001196921
0.001592403
0.000677202
0.000511829
0.000467708
0.001255244
0.000201012
0.002596938
0.001085188
0.000566375
0.000569125
0.000178502
0.000372364
0.000619258
0.000199219
0.000285614
0.000199014
0.000220159
0.000370916
0.001064693
0.000219761
0.000509316
0.000216874
0.000251281
0.001452643
0.000227079
0.000207697
0.000201921
0.000203628
0.000200576
0.003130808
0.000198351
0.000219736
0.000195260
0.000193846
0.001612430
0.003939961
0.001665577
0.000340941
0.000323615
0.000548031
0.000527538
0.000465025
0.002701057
0.000340679
0.001271656
0.000188748
0.000822173
0.000225726
0.000203240
0.000196586
0.000228118
0.000504875
0.000832256
0.000238457
0.000209895
0.003320785
0.000224985
0.000231027
0.000214350
0.000246303
0.000195409
0.000209402
0.000198178
0.000225105
0.000362030
0.002548761
0.001440029
0.000817368
0.000863452
0.001198565
0.000982642
0.001067725
0.001681459
0.001303705
0.000206177
0.000200245
0.000999261
0.000201830
0.000498267
0.000462464
0.000425066
0.000226310
