0.000157125
0.000117931
0.000145659
0.000205820
0.001084269
0.000126879
0.001376792
0.000120403
0.001481786
0.000122989
0.000133097
0.000122532
0.000230243
0.000217483
0.001294653
0.000123168
0.000113917
0.000133959
0.000131129
0.000117573
0.000116452
0.000189048
0.000116993
0.004605690
0.000110528
0.000137350
0.000111745
0.005239627
0.004801936
0.001757533
0.002535599
0.002363145
0.000117885
0.000116733
0.000173838
0.000244848
0.002114032
0.001366141
0.001007882
0.000165791
0.000198197
0.000108630
0.000775766
0.001288414
0.000106105
0.000426150
0.000119264
0.000129513
0.000267686
0.000135712
0.000110626
0.000123776
0.000300597
0.000291213
0.000316857
0.000127546
0.000139168
0.000115993
0.000205589
0.000119989
0.000109651
0.000218935
0.001859654
0.000118941
0.003166197
0.000108966
0.002516328
0.000339057
0.000273063
0.000356608
0.002420340
0.000480150
0.002040323
0.000135855
0.000175410
0.000264061
0.002262749
0.000109525
0.001644382
0.000121428
0.000481494
0.000107935
0.000655412
0.000109472
0.000145531
0.000124997
0.000369299
0.001033177
0.000117803
0.000212416
0.000856347
0.000105988
0.000362171
0.000774196
0.000168462
0.000919079
0.000116988
0.000120049
0.000161372
0.000261649
