0.011129208
0.020788799
0.042419748
0.051327672
0.057447481
0.063295729
0.069756173
0.075961807
0.105603935
0.133003280
0.169079497
0.176231353
0.210375197
0.241352216
0.276878215
0.311730419
0.340729299
0.374224013
0.407170322
0.438714453
0.469190350
0.502936619
0.537074035
0.567107784
0.600512167
0.634229410
0.662541374
0.698446837
0.731490014
0.763168071
0.796161051
0.816460541
0.850112122
0.914657884
1.098984737
1.305660913
1.483492259
1.660274483
1.848088810
2.014068529
2.401301465
2.837836946
2.845008024
2.881192032
2.888172183
2.895406255
2.902326155
2.909589535
2.916707205
2.923939858
2.930151018
2.967340546
3.002730112
3.038675740
3.073759167
3.106899301
3.141382422
3.149473238
3.182866170
3.212559133
3.247029398
3.281109412
3.310492874
3.345046745
3.378225612
3.411013140
3.445016578
3.486561506
3.519347694
3.551259867
3.585264952
3.621163744
3.656077167
3.690250331
3.723499123
3.757978454
3.792034141
3.827751971
3.861902600
3.894207294
3.901362529
3.937013100
3.971009811
4.000880161
4.035221250
4.068391218
4.119023155
4.126165916
4.182352513
4.217584091
4.251805617
4.311017137
4.497165215
4.689319268
4.904236201
4.936621968
4.970585678
5.008208581
5.043104990
5.077092004
