0.000169425
0.000106954
0.000156168
0.000146620
0.000138977
0.000322994
0.000160213
0.000131603
0.000132004
0.000117647
0.000135278
0.000147206
0.000125229
0.000123956
0.000137433
0.000121506
0.000132873
0.000142372
0.000282309
0.000202760
0.000133707
0.000847464
0.003278590
0.000123335
0.000595629
0.000148145
0.000131236
0.002089248
0.001085856
0.002352189
0.000155303
0.000128013
0.003563006
0.004184043
0.000150851
0.000995491
0.000107757
0.001708796
0.000509828
0.001063736
0.000134886
0.000132188
0.000424391
0.000125446
0.000209075
0.000316086
0.000152171
0.000895280
0.000616052
0.000145201
0.000619155
0.006944314
0.000127767
0.001353503
0.000411508
0.000134605
0.000239399
0.001412952
0.001024676
0.000125533
0.001585071
0.001846779
0.001655328
0.001167834
0.000193975
0.000329147
0.000327124
0.001094065
0.000142447
0.000131420
0.001004123
0.000112360
0.001005894
0.000141507
0.001063299
0.000120042
0.000637287
0.000312894
0.001373066
0.000402380
0.000309542
0.001607237
0.001005330
0.000130223
0.000356239
0.001102828
0.000142349
0.001010329
0.004268382
0.005379176
0.001710300
0.003072212
0.000353720
0.000325599
0.002451358
0.004264212
0.001325812
0.000351120
0.000330263
0.003930835
0.000354506
0.000134339
0.000210270
0.000121521
0.002007180
0.001979485
0.000766300
0.000173193
0.000237000
0.002875792
0.001026088
0.000122390
0.002498804
0.001794441
0.000872530
0.000240061
0.000233847
0.000361562
0.000128967
0.000326449
0.000362660
0.001450786
0.000716688
0.002386890
0.000242600
0.000125755
0.000226369
0.002127745
0.003534515
0.004270928
0.004432345
0.002122828
0.000619625
0.000209334
0.001497196
0.001139895
0.000243813
0.000127907
0.000125913
0.000243728
0.000106898
0.002647278
0.001958374
0.000735069
0.000375088
0.000327957
0.000131848
0.000526219
0.000104165
0.000867925
0.000436360
0.003240026
0.000716340
0.002330058
0.001633734
0.000362281
0.000138083
0.001008208
0.000148368
0.000108184
0.000360954
0.000136188
0.000118254
0.000755016
0.000113584
0.002353027
0.000134034
0.004217519
0.001914276
0.000990941
0.000998529
0.000179007
0.000259071
0.000122606
0.000361624
0.002472616
0.000421482
0.000339421
0.003036724
0.000132458
0.000957241
0.000106876
0.001871879
0.000230661
0.000130465
0.001608094
0.002133824
0.001172148
0.000983103
0.000271270
0.004712858
0.000399911
0.000432444
0.001017014
0.001365542
0.001742952
0.002526807
0.001485011
0.000239886
0.000993288
0.000136033
0.000121730
0.002049342
0.000133000
0.000139158
0.001001004
0.000111130
0.001020420
0.002804514
0.001566728
0.000604820
0.000135880
0.000132886
0.000141874
0.000123251
0.001094180
0.003139747
0.000371914
0.001401095
0.000233549
0.001088390
0.000468990
0.000132837
0.001904741
0.000366604
0.001999653
0.000891282
0.003596192
0.000242605
0.000136740
0.003721190
0.001368378
0.001299942
0.002426301
0.000194530
0.000201485
0.000667488
0.000137703
0.000131660
0.000376467
0.001248131
0.001046941
0.000118969
0.000896759
0.000989564
0.001002488
0.000798602
0.001901204
0.000147701
0.003644937
0.001385268
0.003662713
0.000189904
0.000466202
0.001085420
0.001023613
0.004402084
0.000485194
0.000364878
0.000135817
0.000367172
0.000125940
0.001967511
0.000657683
0.000239523
0.000363192
0.000245638
0.000122940
0.003108465
0.003990769
0.000881705
0.000137901
0.000220359
0.000116543
0.003951784
0.000156321
0.000159241
0.000784720
0.000951008
0.000397887
0.000511669
0.000767402
0.002850283
0.001948155
0.000131426
0.000413105
0.000830475
0.001709525
0.002571441
0.000265487
0.000128333
0.002032642
0.001114373
0.000253607
0.000200751
0.000400819
0.000141438
0.000119380
0.000109965
0.000162906
0.001016390
0.000431881
0.000466616
0.003524484
0.002398601
0.000556051
0.001428622
0.002386316
0.001027029
0.000583017
0.000177750
0.000110957
0.002248139
0.001354162
0.001010430
0.003399506
0.000239223
0.000104103
0.002234492
0.000665956
0.002089857
0.001191491
0.000395589
0.000190650
0.000126767
0.000377700
0.000229886
0.001362447
0.000390076
0.001018092
0.000519353
0.000557376
0.000164919
0.000110397
0.000130112
0.000374759
0.000718630
0.001397162
0.000497651
0.001136121
0.000499837
0.000126225
0.000117297
0.000395463
0.000124952
0.000977678
0.002239911
0.000245237
0.000129981
0.001049519
0.000105818
0.001393472
0.000702952
0.000371711
0.000348311
0.000202568
0.002093684
0.001481312
0.001645109
0.000508357
0.001017363
0.000429380
0.000141236
0.000405734
0.000130637
0.000177564
0.001840575
0.000117199
0.000615082
0.000123717
0.001101548
0.000116116
0.001091228
0.000758987
0.002825990
0.000154880
0.002403375
0.000121787
0.000126941
0.000126033
0.000983320
0.000466217
0.000115349
0.001447963
0.000756408
0.000298603
0.000331607
0.000292719
0.006137191
0.000111629
0.000113073
0.001096108
0.000119349
0.000391990
0.000122828
0.000505980
0.000148472
0.000175532
0.001258638
0.000700601
0.000157640
0.000100604
0.001406967
0.003057845
0.000423369
0.000141387
0.000796741
0.001005098
0.000251094
0.001021463
0.000223422
0.000139549
0.000220372
0.000432330
0.000329883
0.000206226
0.000212019
0.000244736
0.000258323
0.003127238
0.000823390
0.000427898
0.000847496
0.001982034
0.000200103
0.000142317
0.002225705
0.001033472
0.000152799
0.002078631
0.000121375
0.000429115
0.000122462
0.001811274
0.000920738
0.000196613
0.000129961
0.000131596
0.003166130
0.000140532
0.004877203
0.000136405
0.002035266
0.000151484
0.000991429
0.000174980
0.000407428
0.000443623
0.000427394
0.003338571
0.000341907
0.002338537
0.000117056
0.001469921
0.000732428
0.002177040
0.000848007
0.000134503
0.000127090
0.000612815
0.000464358
0.000108193
0.001045947
0.000439041
0.001005627
0.002070773
0.000150579
0.004303021
0.000123354
0.000993023
0.000412887
0.000144755
0.002821362
0.004057536
0.001986426
0.000425394
0.000688779
0.000142333
0.001118266
0.000198868
0.000221633
0.000252183
0.000127224
0.001042451
0.001049947
0.000246473
0.002151883
0.001171992
0.000490548
0.002009085
0.001295697
0.003440727
0.001691590
0.000925205
0.000230248
0.005869661
0.002767989
0.001101218
0.001914989
0.000263222
0.000686776
0.000440616
0.001186663
0.000822201
0.000126990
0.000523061
0.000125900
0.001126122
0.000150383
0.001081218
0.001662406
0.001013939
0.000130180
0.002399909
0.001017448
0.000246154
0.004002121
0.000133415
0.001061884
0.000529588
0.000147631
0.000428931
0.000796375
0.000470694
0.000112124
0.001738408
0.002637892
0.000805001
0.002532058
0.000579590
0.000111481
0.000282281
0.000773728
0.000298973
0.000333456
0.000440269
0.000808302
0.001325795
0.000186210
0.000147074
0.000253579
0.001495291
0.000450974
0.000110364
0.001163251
0.000370918
0.000965067
0.001754481
0.000576751
0.000128084
0.000158505
0.004825211
0.003494323
0.002658667
0.001729902
0.000780310
0.005034455
0.000237048
0.000103063
0.000831361
0.000131450
0.001980090
0.003042591
0.001731402
0.001625394
0.000851229
0.002689211
0.001947799
0.001244363
0.003733825
0.000297628
0.000458226
0.001918408
0.001577263
0.000188307
0.002589481
0.000782758
0.000461522
0.000167175
0.002952201
0.000466395
0.001035479
0.001119154
0.000245541
0.000241889
0.001604097
0.000485555
0.004111371
0.001878399
0.002790400
0.000768223
0.000190876
0.000333865
0.000581859
0.000136002
0.001130743
0.000150713
0.002421721
0.000162503
0.000460686
0.000130599
0.004361588
0.001115312
0.001150030
0.000206484
0.001031210
0.001037383
0.001167556
0.001490207
0.000145008
0.004083009
0.000243958
0.004059166
0.002848380
0.002878957
0.000200210
0.002811021
0.000564414
0.000106163
0.002663250
0.000102890
0.000121541
0.000125380
0.001116337
0.000109483
0.000270735
0.000465094
0.000458084
0.000927457
0.000279374
0.000146737
0.000109110
0.000313319
0.000145058
0.000139243
0.002250089
0.004936448
0.004036892
0.002622903
0.001022821
0.000334339
0.001771884
0.000760181
0.000130559
0.000532044
0.000479555
0.000997232
0.001949781
0.000824201
0.001687214
0.000233513
0.003110138
0.000151968
0.000175233
0.000538975
0.000214724
0.000103392
0.000452830
0.000857394
0.000127261
0.000102583
0.000106498
0.000830201
0.000476722
0.000128382
0.000486505
0.000499736
0.001478760
0.000154861
0.000812443
0.000164658
0.001043204
0.000154359
0.000182726
0.002568555
0.003020922
0.000132060
0.003947086
0.000660229
0.000143914
0.000123375
0.000125507
0.000797147
0.002302614
0.000489124
0.002515524
0.002367279
0.001168498
0.001641774
0.000197353
0.000133854
0.000498488
0.000363156
0.000137718
0.001112623
0.000127931
0.001705108
0.003175005
0.001792346
0.001263321
0.001219493
0.000583721
0.002920323
0.001723405
0.000193947
0.000109829
0.000120992
0.001054856
0.001640872
0.000112213
0.000800702
0.002575843
0.000116495
0.003570018
0.002638844
0.001273580
0.000265967
0.000236695
0.000883863
0.000993694
0.000150779
0.000494697
0.004544585
0.000585613
0.000510987
0.000717833
0.001044962
0.000122477
0.000110824
0.000117615
0.000365287
0.000121840
0.000121530
0.000605634
0.000517672
0.001525083
0.001110371
0.000250370
0.000933409
0.000873446
0.000124879
0.002488860
0.001694421
0.000877208
0.000506532
0.000313221
0.000263608
0.000131087
0.001848571
0.003170976
0.001770308
0.000870276
0.000500049
0.000498959
0.000494148
0.000143870
0.000119395
0.001481849
0.000838302
0.003975645
0.002020590
0.002898612
0.000637358
0.002359928
0.000581392
0.003251637
0.001102811
0.000125906
0.001044467
0.000117561
0.001255957
0.004717983
0.003652850
0.002701343
0.001977250
0.000741145
0.000137509
0.001043685
0.000511507
0.002133920
0.000884683
0.000157361
0.000181611
0.001651159
0.000244276
0.000607061
0.000246498
0.000137968
0.000601331
0.000131929
0.000515937
0.002804863
0.000471456
0.000158902
0.001216351
0.000168237
0.000520041
0.000522625
0.001037993
0.000592253
0.000216729
0.000476796
0.000224627
0.002500113
0.000118243
0.001993084
0.000643188
0.000157509
0.000692562
0.000169046
0.000139537
0.000136273
0.002529779
0.001778711
0.000129788
0.000538557
0.000304792
0.000383045
0.000947283
0.001997251
0.000116839
0.000122758
0.001068415
0.000161662
0.000178879
0.000132391
0.003746689
0.002565772
0.000265768
0.000119262
0.000236691
0.000161232
0.000144266
0.003522824
0.000127944
0.004437987
0.002327149
0.000868577
0.000466899
0.000120540
0.000606832
0.000533591
0.000856498
0.004663561
0.002940483
0.000699520
0.003893599
0.002146038
0.000481410
0.001926372
0.000755209
0.003161490
0.002908189
0.001708918
0.000237835
0.002573095
0.000148691
0.001340064
0.000127984
0.002301030
0.001072621
0.000542242
0.000549020
0.002110386
0.000208706
0.000224468
0.000252672
0.000521192
0.000151907
0.000363589
0.000503422
0.000134102
0.002642153
0.001933604
0.004094781
0.000794433
0.000157251
0.000548139
0.000112889
0.001044269
0.002191098
0.000158659
0.000096848
0.001770317
0.001751265
0.000161035
0.000639957
0.001161580
0.000136721
0.004173188
0.003523162
0.002797970
0.000837110
0.001922443
0.000532917
0.000415565
0.000109493
0.000120120
0.000556110
0.002000574
0.000899331
0.000326550
0.000635339
0.000763314
0.004496746
0.002312410
0.001372635
0.000264279
0.000269812
0.000810766
0.002109927
0.004263068
0.000656655
0.002131797
0.001629017
0.002997237
0.000731229
0.000250399
0.000119626
0.000119299
0.001023943
0.000150388
0.003388322
0.001668180
0.000138817
0.000192883
0.000991049
0.001103683
0.002688232
0.000459651
0.000121160
0.000109635
0.000124140
0.000132832
0.000175487
0.000888334
0.001057755
0.000108652
0.000501817
0.001493696
0.000704770
0.000987953
0.000542017
0.001021864
0.000255250
0.001020053
0.000762446
0.002273888
0.001622501
0.001843339
0.001010759
0.000139686
0.001043077
0.001180715
0.000124407
0.000153173
0.001797617
0.000253100
0.002035175
0.001984529
0.002173651
0.003050147
0.001560335
0.000155850
0.000127756
0.001609223
0.000571734
0.000126278
0.000120722
0.003943619
0.002202508
0.001288342
0.000140393
0.001141711
0.001116420
0.000138885
0.002833592
0.001608428
0.000244499
0.000174852
0.000489263
0.000825125
0.000597935
0.000112724
0.000627791
0.000234576
0.004478708
0.000105380
0.002271649
0.001382010
0.000262334
0.000571385
0.000116333
0.000339254
0.000746911
0.000207499
0.001882550
0.000128484
0.001650449
0.003750485
0.002824888
0.001657471
0.000720164
0.001280844
0.000120876
0.000122051
0.000882940
0.000116766
0.000644206
0.001380755
0.002302115
0.001075360
0.004461217
0.002148590
0.003217449
0.000196074
0.003020186
0.001867717
0.000226789
0.000652245
0.000663952
0.000838410
0.002025074
0.000142074
0.000129943
0.001146317
0.000120607
0.001043023
0.003389257
0.003002327
0.001086005
0.003553314
0.000999340
0.000197428
0.002308707
0.000135623
0.000105465
0.001444471
0.000127233
0.003155115
0.000792976
0.000262330
0.003921500
0.000680695
0.000723462
0.003160196
0.004237920
0.000258394
0.000403513
0.000119159
0.005179460
0.000109927
0.001092239
0.000724846
0.001266118
0.000179108
0.000159708
0.000401604
0.001083408
0.000551644
0.000116390
0.000730593
0.000765961
0.002068162
0.000223091
0.000396786
0.000121025
0.001038841
0.000130103
0.003985342
0.002957031
0.000119582
0.002333302
0.001388770
0.000490737
0.001327694
0.000151633
0.000156896
0.001075555
0.000661378
0.000792719
0.000124776
0.000758156
0.002656830
0.002181345
0.000113305
0.000360717
0.000746524
0.000124169
0.000745975
0.003675844
0.000604296
0.000577603
0.000233751
0.000494347
0.000682588
0.000140156
0.001041241
0.000803943
0.000156444
0.000984879
0.002088426
0.000846961
0.000113960
0.003479622
0.000111896
0.000671660
0.001901499
0.000185454
0.001104042
0.000617376
0.000154701
0.001046417
0.003026735
0.000112867
0.000730564
0.000545241
0.000522706
0.000693039
0.000128862
0.000387157
0.000615029
0.002998995
0.004259758
0.003341917
0.000192362
0.000715191
0.001605994
0.001513888
0.000127470
0.000634156
0.000150872
0.000472559
0.000106719
0.000613738
0.000162329
0.000299736
0.001007958
0.000182924
0.000610564
0.000739464
0.001254829
0.003732448
0.001111535
0.000191725
0.000240283
0.000126906
0.000606910
0.001039234
0.000616893
0.000116507
0.001136531
0.000130264
0.001421197
0.000710944
0.001039305
0.000378161
0.000629183
0.001016968
0.000217697
0.000609360
0.000737341
0.000132394
0.004472879
0.003243463
0.002231279
0.000183627
0.000160432
0.003117551
0.000126712
0.000595100
0.001585016
0.002518489
0.000115131
0.000666720
0.000112121
0.000118183
0.000206091
0.000591245
0.000854076
0.001764251
0.002736819
0.000109264
0.002151643
0.000918476
0.001456926
0.000629819
0.000306503
0.000100379
0.001668184
0.000334734
0.000822044
0.000126581
0.000727179
0.000658948
0.000235389
0.000137814
0.002249647
0.001329765
0.000235998
0.000133144
0.001042311
0.001090738
0.003121991
0.001860746
0.000217490
0.003123045
0.001144434
0.000114158
0.000123828
0.000650622
0.001187598
0.002717153
0.000388515
0.001612205
0.000898505
0.000198180
0.003176385
0.003253761
0.000150759
0.000182994
0.000771622
0.000414770
0.001020232
0.000428001
0.001024010
0.000322929
0.000133308
0.000151379
0.001074943
0.001117005
0.000680782
0.000272322
0.003524383
0.001955381
0.000122744
0.001091820
0.000744431
0.003590293
0.000742442
0.000158063
0.000224244
0.000792551
0.000128750
0.001939292
0.001103790
0.003231916
0.000119976
0.001075956
0.000619611
0.000419855
0.000118522
0.002232935
0.001015629
0.000219280
0.001050237
0.001769701
0.001409298
0.002713137
0.001896128
0.000111994
0.000478443
0.000153260
0.000124479
0.000186765
0.000116683
0.001048438
0.001806041
0.000262484
0.000189408
0.001106894
0.001270868
0.001237128
0.001794662
0.000828100
0.000327154
0.000129354
0.001998568
0.006593638
0.000263493
0.001832626
0.003482590
0.000182656
0.001061882
0.004798163
0.001602101
0.000185918
0.000248788
0.000129354
0.002788263
0.000125459
0.001041178
0.002506510
0.002180518
0.001804073
0.000123088
0.001880694
0.001181596
0.001620018
0.000375657
0.000242520
0.000118014
0.000235851
0.000990679
0.000138165
0.000124037
0.000256100
0.001018236
0.000749521
0.000748360
0.001643009
0.000170535
0.000130596
0.000265462
0.000125651
0.003132971
0.000111436
0.001588639
0.000157822
0.000124485
0.003796188
0.000128339
0.000739499
0.001018082
0.002505160
0.000300113
0.000894975
0.000634703
0.000104708
0.000463453
0.000344474
0.001563204
0.000109660
0.000628535
0.000124771
0.000741363
0.000111104
0.001073767
0.000833160
0.000137487
0.000174219
0.000667065
0.000147131
0.001039385
0.000110056
0.000259981
0.001463436
0.000987442
0.000829034
0.000846149
0.000165751
0.000257591
0.000755210
0.000129223
0.000588899
0.000131994
0.000130867
0.001107474
0.000109686
0.000154203
0.000757195
0.000887881
0.000252353
0.001743917
0.001002854
0.000267265
0.001087543
0.000846769
0.000150988
0.000128823
0.004795462
0.002232979
0.001267362
0.000271336
0.001977204
0.000158675
0.000594637
0.001131875
0.000771132
0.000761074
0.003047720
0.000102315
0.000341014
0.000129052
0.000685159
0.000277132
0.000462145
0.000106639
0.000639939
0.000784710
0.002554993
0.000131316
0.000122623
0.000670717
0.000663062
0.000149475
0.000131629
0.000139726
0.000147514
0.000783881
0.001056418
0.003468429
0.001052369
0.001637741
0.000115580
0.000698876
0.000160465
0.001881734
0.000161299
0.000699658
0.001116330
0.001858772
0.000795266
0.000469765
0.000315746
0.003128038
0.000786830
0.002334015
0.002712241
0.000487596
0.002028978
0.001210816
0.000330894
0.000764170
0.001185076
0.000150334
0.000787623
0.000925462
0.001108786
0.000119312
0.000792600
0.001109359
0.000155503
0.000175789
0.000309523
0.001028461
0.000151135
0.001273123
0.000363156
0.000845560
0.001043825
0.000124322
0.000891236
0.000245249
0.001069321
0.004348817
0.002274074
0.001556746
0.001315600
0.000119157
0.002208364
0.000419215
0.000390872
0.003558498
0.000718350
0.000236828
0.001450692
0.001752527
0.000123639
0.000810382
0.000137896
0.000118121
0.001746474
0.000707468
0.002558940
0.000949898
0.000823912
0.000779135
0.001057318
0.000296421
0.000113041
0.000922606
0.001456802
0.001484036
0.000798572
0.000147338
0.001238227
0.000130883
0.000689087
0.001043854
0.000735815
0.000158230
0.000712265
0.000130581
0.000702440
0.003773969
0.001028792
0.000122747
0.000692146
0.000136310
0.000125179
0.001094258
0.000136411
0.000137891
0.006261243
0.002891772
0.000705376
0.001894075
0.002153945
0.000230232
0.000811958
0.000798761
0.002237199
0.001087370
0.001751539
0.001216887
0.000867381
0.001003085
0.001147869
0.001277845
0.000201976
0.000440734
0.000180022
0.000710917
0.001064113
0.000153655
0.001128435
0.000111181
0.000727807
0.001057958
0.001756177
0.000204102
0.002828008
0.000161517
0.000134336
0.000726379
0.000731120
0.003397462
0.000244453
0.000130106
0.002592313
0.001645045
0.000112975
0.001192353
0.000146942
0.000173220
0.000712105
0.000707796
0.000464084
0.000116324
0.000594105
0.000707511
0.000161134
0.002803582
0.001019693
0.001013209
0.000171132
0.000228493
0.002406977
0.002205648
0.000829027
0.001213272
0.000185370
0.000311265
0.000127551
0.000139198
0.000221057
0.003931447
0.002364575
0.001621032
0.000402177
0.001051330
0.002266399
0.001528516
0.000316033
0.000129404
0.001138633
0.000966739
0.001030256
0.001873496
0.000129686
0.000955301
0.000432952
0.000132916
0.001049218
0.001026926
0.001621244
0.000855500
0.000864112
0.000166891
0.000777094
0.000131396
0.000815704
0.001028157
0.000835055
0.002024016
0.000176650
0.001108461
0.000141200
0.000143235
0.000106266
0.000128643
0.001143314
0.000172201
0.000209130
0.000285338
0.000119814
0.001041767
0.001920365
0.000599703
0.000158138
0.001211382
0.000103730
0.001050221
0.000219458
0.000504741
0.000348959
0.001074477
0.000853620
0.000153075
0.001061160
0.002067644
0.000884916
0.000171628
0.002652738
0.000157812
0.000181487
0.000125713
0.002835949
0.001938282
0.002417522
0.001050674
0.000908783
0.001001448
0.000222904
0.000933017
0.000854062
0.000133492
0.000387203
0.003921119
0.000150232
0.004823438
0.003882777
0.002059301
0.001105227
0.000148061
0.000742150
0.000138991
0.001033879
0.001037055
0.000162650
0.003396865
0.000135801
0.000765457
0.000901652
0.000936922
0.001012903
0.000123399
0.001620558
0.000930312
0.000707404
0.000236789
0.000126486
0.000115655
0.000133752
0.001747684
0.000118913
0.001106829
0.000959003
0.000127355
0.000129700
0.001516286
0.000885802
0.000163427
0.002404473
0.000493562
0.000107666
0.001143334
0.000144681
0.001443088
0.003106036
0.001573827
0.000611831
0.003907164
0.000947857
0.000911680
0.000200822
0.000141155
0.000447067
0.000842413
0.002524346
0.001529414
0.003721771
0.000707944
0.000892625
0.000126165
0.001034922
0.000152768
0.001255890
0.001668023
0.001807204
0.000216381
0.002366946
0.002403636
0.000116656
0.001087561
0.000351735
0.000919234
0.000251436
0.000902739
0.000310916
0.000740759
0.000394217
0.000112813
0.000938925
0.000499272
0.000226688
0.000113551
0.002760152
0.000131437
0.001232514
0.000172599
0.000136667
0.000151902
0.000129188
0.003913287
0.001080366
0.000134930
0.000288709
0.000444406
0.001864613
0.000324901
0.000166921
0.000123498
0.000305440
0.001055805
0.000122496
0.000131417
0.000208686
0.000262079
0.002745464
0.000103058
0.002120037
0.000145752
0.002421007
0.001471281
0.000196281
0.002695369
0.000137561
0.001070125
0.000937825
0.001095382
0.001400885
0.000293327
0.000268682
0.000212143
0.000129160
0.002056325
0.001784602
0.003430824
0.001632667
0.002570770
0.000129218
0.000121250
0.000193575
0.001227138
0.001013637
0.000877540
0.000125281
0.000180318
0.000223939
0.000116756
0.000803713
0.000131034
0.002007106
0.002088275
0.000134023
0.001109751
0.000116589
0.001110948
0.000944269
0.000114267
0.003773860
0.001174190
0.001046418
0.000170373
0.000121810
0.001077123
0.000110332
0.002923439
0.000989096
0.002526478
0.001125577
0.003498327
0.000703463
0.000100637
0.001270663
0.000888778
0.000665327
0.000156232
0.000811741
0.000151359
0.000122976
0.002994172
0.002117160
0.000198730
0.000138936
0.000383935
0.000155620
0.000110200
0.000197976
0.000845707
0.000205892
0.000863988
0.000935913
0.000876509
0.000131670
0.000121966
0.000838055
0.000991866
0.000118408
0.001053033
0.002643903
0.001874011
0.000150500
0.004345565
0.003370190
0.000512458
0.000226008
0.002479833
0.000455381
0.000584457
0.002008039
0.000995639
0.000844616
0.000138705
0.001072618
0.000104605
0.001049265
0.002422069
0.000117428
0.000127508
0.000890323
0.000224933
0.000277406
0.000115380
0.001108182
0.000108091
0.000856431
0.000859854
0.001902285
0.000163733
0.000106399
0.000144384
0.000167085
0.000948390
0.000859665
0.000107857
0.000456009
0.006528684
0.000170544
0.000152524
0.000148226
0.000109198
0.000178180
0.000132648
0.000802554
0.000256809
0.000800542
0.002517784
0.003457978
0.000622380
0.000127608
0.000122278
0.003079798
0.001722178
0.000830112
0.001640152
0.000998543
0.000124561
0.000667211
0.000122032
0.000800323
0.000866730
0.001272811
0.000166840
0.000270261
0.000495886
0.000107325
0.000671435
0.000141025
0.000137088
0.003780891
0.000383800
0.000104950
0.000268983
0.000106197
0.000893944
0.000186913
0.000112331
0.000118814
0.000128886
0.000194988
0.000109408
0.000231424
0.000986459
0.000153283
0.000147393
0.000194002
0.000967609
0.001033243
0.002227472
0.000226389
0.001061789
0.000259987
0.000117415
0.003257079
0.000144443
0.002116121
0.003039118
0.002046469
0.000113778
0.000107831
0.000994665
0.001710324
0.000144507
0.000156610
0.000897223
0.000625110
0.000157440
0.000179428
0.002255174
0.000540603
0.001115129
0.000304592
0.000157702
0.000973607
0.000167427
0.000503498
0.000208730
0.000117420
0.001065014
0.000223578
0.001084450
0.000147882
0.000123250
0.001812214
0.001516954
0.000340234
0.003614345
0.001717026
0.000215673
0.000195531
0.000480930
0.000116870
0.001446611
0.000148422
0.000189177
0.001003283
0.000127628
0.000230039
0.002863227
0.002347776
0.000474785
0.001383170
0.000114586
0.001010157
0.000443171
0.002062346
0.000154205
0.000425700
0.000295254
0.000121033
0.000858515
0.000130690
0.000185954
0.001233887
0.000828019
0.000156107
0.000208616
0.001761643
0.000135479
0.000236839
0.000156250
0.001042058
0.000110131
0.003009885
0.002186774
0.000520644
0.000172506
0.001955450
0.000113304
0.004267854
0.000966257
0.000135422
0.000125754
0.000260885
0.001819525
0.002576499
0.000229071
0.004804250
0.002145139
0.000582996
0.003544986
0.001543328
0.000573668
0.000143122
0.003273543
0.000147599
0.000106681
0.001001605
0.000495037
0.000109827
0.001016919
0.000193332
0.000462229
0.000130113
0.001005494
0.000125486
0.001486210
0.000152286
0.000174749
0.000278741
0.000643136
0.001028789
0.000174763
0.000146398
0.000108056
0.000213152
0.000219304
0.001097967
0.001736960
0.002873252
0.000113634
0.001022196
0.000170053
0.000225260
0.000898005
0.000120985
0.001104727
0.000112055
0.000134940
0.000110680
0.000144689
0.002054284
0.000225630
0.000106988
0.001142012
0.001131822
0.000187800
0.000102601
0.001000387
0.000115522
0.000787019
0.000276431
0.002372905
0.000797200
0.002603309
0.000177158
0.001104351
0.000118544
0.000140157
0.000154639
0.000150507
0.001105211
0.000134550
0.001163771
0.001265019
0.000111865
0.001739662
0.000124691
0.001328563
0.000114952
0.000123799
0.001050464
0.000743479
0.001861520
0.001390786
0.002815494
0.000127620
0.001044067
0.000143921
0.000115114
0.001879302
0.002933042
0.000129760
0.002488578
0.000138742
0.003625908
0.000427602
0.000120035
0.000198011
0.001586575
0.000444064
0.000121642
0.000107456
0.000108626
0.000114617
0.001161232
0.001044797
0.001195967
0.001096356
0.002043091
0.000311238
0.001025450
0.000985921
0.000140438
0.000128694
0.004960115
0.001017359
0.000133210
0.000119174
0.000302500
0.001230486
0.000836551
0.001106778
0.000134672
0.000116114
0.000962433
0.002731486
0.000152839
0.000900985
0.000136635
0.000299396
0.000122234
0.001057729
0.000441482
0.000131886
0.002976064
0.001968562
0.000540260
0.000136375
0.000135834
0.000133246
0.000123129
0.000244146
0.000263382
0.000129656
0.002123423
0.001199848
0.000215668
0.001515753
0.000932293
0.004369257
0.000149641
0.000909515
0.001041518
0.000503086
0.002459118
0.000114187
0.000899717
0.000126475
0.000271625
0.002009440
0.004106453
0.000219093
0.000131558
0.000874721
0.000138981
0.000170820
0.000123918
0.000672424
0.000139574
0.000870675
0.000192399
0.000987940
0.000111142
0.000144245
0.001206725
0.002025933
0.000888460
0.001203644
0.001003221
0.002163925
0.001207640
0.000923846
0.000153236
0.000130255
0.000903323
0.001040412
0.000784899
0.000108256
0.000110375
0.000665459
0.000255887
0.000120057
0.000149056
0.001311538
0.000142198
0.002717546
0.000118514
0.000171159
0.000096993
0.000132779
0.001762602
0.000164668
0.001162930
0.001079435
0.001484563
0.000193166
0.000177053
0.000124866
0.001424043
0.002498778
0.000141601
0.003595591
0.001879452
0.000111828
0.000363444
0.001374766
0.000232094
0.000473413
0.000949687
0.000128622
0.000155462
0.000130730
0.000149251
0.000116609
0.000130526
0.002820554
0.000898475
0.001874810
0.000104853
0.000415818
0.000108516
0.000568393
0.000142859
0.000216234
0.001469400
0.000137291
0.001037844
0.000115446
0.000302888
0.000178597
0.000920027
0.001082904
0.000512651
0.001047026
0.001061292
0.000227047
0.000109909
0.001045119
0.000134333
0.000113925
0.000123565
0.002120153
0.003014215
0.002444857
0.002097655
0.000923564
0.000392522
0.000132946
0.000108752
0.002042604
0.001098625
0.000136152
0.000982102
0.001099750
0.000305889
0.000101710
0.002452254
0.000130973
0.001058821
0.002551497
0.000152055
0.003798344
0.001071894
0.000147036
0.000128502
0.000366889
0.000168837
0.000110343
0.001066771
0.001119884
0.001420376
0.000159078
0.000120309
0.000163411
0.000188182
0.001125849
0.002350946
0.000115935
0.002221488
0.002110007
0.000148540
0.001296790
0.000106357
0.000402980
0.002204210
0.001146924
0.001289729
0.001300366
0.000912894
0.000159127
0.000201544
0.001123688
0.000148675
0.000174560
0.000118411
0.000130726
0.000234833
0.000270139
0.000490741
0.000204132
0.000180386
0.003966636
0.000216550
0.003259986
0.000897283
0.000109134
0.000190569
0.000188987
0.003847653
0.000123446
0.000101749
0.000215417
0.001188279
0.000176407
0.000125655
0.000664585
0.000122577
0.001725317
0.001051773
0.000144564
0.000133398
0.000128524
0.000541095
0.000156619
0.002326606
0.000194896
0.000106706
0.001099718
0.000227770
0.000268685
0.000488791
0.000109750
0.000123203
0.001047275
0.000625663
0.001245967
0.003574279
0.001170622
0.000147210
0.001134636
0.000153963
0.000131287
0.000185062
0.000106015
0.000695058
0.001149178
0.000145949
0.001306021
0.000628639
0.001577800
0.000169565
0.002493328
0.001314368
0.000097375
0.000218907
0.001091299
0.000352218
0.000166350
0.000132572
0.001020036
0.001185414
0.000163515
0.001080684
0.001210386
0.000242483
0.001561526
0.001315337
0.001323513
0.000969077
0.000146569
0.001145370
0.003656452
0.000174940
0.001176885
0.000121675
0.001138679
0.000851334
0.001966945
0.001289397
0.001191152
0.001815906
0.000156309
0.000135671
0.000200402
0.000600123
0.000115993
0.000360504
0.000129778
0.000154976
0.000176488
0.000120521
0.000134050
0.001089630
0.000113697
0.003355647
0.000146057
0.001272450
0.004409554
0.003412663
0.000209490
0.000246367
0.003276644
0.000137653
0.001245208
0.000347986
0.000111541
0.000276770
0.000123092
0.000232694
0.000112137
0.001197940
0.002405594
0.003274718
0.000847750
0.000337373
0.000111093
0.000735436
0.000875180
0.000132017
0.000128095
0.000115528
0.001205120
0.001061573
0.001247207
0.000134491
0.001062750
0.001070555
0.000118679
0.002868077
0.001218747
0.001143539
0.004682492
0.000130708
0.005887824
0.006778132
0.004133006
0.003483836
0.000313821
0.007694109
0.000125286
0.001638032
0.000808601
0.003978714
0.001271282
0.001823873
0.000983067
0.000212574
0.000123299
0.000161364
0.000145056
0.000121624
0.000107771
0.000112172
0.001058091
0.002060222
0.001139188
0.001749197
0.000124004
0.000237606
0.001041880
0.000125079
0.004532299
0.000250709
0.001272297
0.001020476
0.000134004
0.000112941
0.004533072
0.002435237
0.000145527
0.001052518
0.001092405
0.001337879
0.001294886
0.000826232
0.000152530
0.001754573
0.000135291
0.000113994
0.000123023
0.000112104
0.000127403
0.000158284
0.002352687
0.001153523
0.001081071
0.000277289
0.000274400
0.000125313
0.000151886
0.003878689
0.000382582
0.001043010
0.001194243
0.001097943
0.002205724
0.001237858
0.001326989
0.000286304
0.000179022
0.000420855
0.000152752
0.001761650
0.000195786
0.000104245
0.000426151
0.000110296
0.000113137
0.000120817
0.001086372
0.000121260
0.001042908
0.001352885
0.000631604
0.000519422
0.000120173
0.000994756
0.000986043
0.000679492
0.002064625
0.001147610
0.003356304
0.001841238
0.004976512
0.003515391
0.001440160
0.000265004
0.000120913
0.000758825
0.005418257
0.003097787
0.000797090
0.000151968
0.000427004
0.000933012
0.000702000
0.000729593
0.000772571
0.000266754
0.001570061
0.000136423
0.000203261
0.000124180
0.000298817
0.000134445
0.000178481
0.000328326
0.000178515
0.000991318
0.001059178
0.002137532
0.001007324
0.001146021
0.000114709
0.001128363
0.001184061
0.004177425
0.003208781
0.002236343
0.000155147
0.003301465
0.001033491
0.000143878
0.003770481
0.001106092
0.000125372
0.000209337
0.001020937
0.000154127
0.001158897
0.000117275
0.000103820
0.001133350
0.000137432
0.000235580
0.000162262
0.000144331
0.001048416
0.001104437
0.000120353
0.000137796
0.001025438
0.003071927
0.000148563
0.001020053
0.000200586
0.000640368
0.003491587
0.002834405
0.004388551
0.002792464
0.000204214
0.000144394
0.000181065
0.000104509
0.000463685
0.000610033
0.001149445
0.000110097
0.003407685
0.000127652
0.001103049
0.001514112
0.000125895
0.001176786
0.001186828
0.000201344
0.000187059
0.001027731
0.000108056
0.001029214
0.000227533
0.000302912
0.001030998
0.000329921
0.000125913
0.000115979
0.000206036
0.000141505
0.001361327
0.000128049
0.003831347
0.005762497
0.002542295
0.003005628
0.000358497
0.000126773
0.000201634
0.000864191
0.000128173
0.001106225
0.000121117
0.000150582
0.001300037
0.001066785
0.000252536
0.001298009
0.000143049
0.000119952
0.000151273
0.000847709
0.000113496
0.004178197
0.001073662
0.004874018
0.001204339
0.002346074
0.001317673
0.000194704
0.005639692
0.000129546
0.002905555
0.003742901
0.001303569
0.000128711
0.000467362
0.001282155
0.001509620
0.002050218
0.000108547
0.001452964
0.000161868
0.000128897
0.001070167
0.000140339
0.001351836
0.000164486
0.000236720
0.004729090
0.001347127
0.003099079
0.001170636
0.000845701
0.000120491
0.001077776
0.004326513
0.001058877
0.002843309
0.005098630
0.003431380
0.001124585
0.002281464
0.000105464
0.000320853
0.001391247
0.002647774
0.000688382
0.000131541
0.000134041
0.000137263
0.001326833
0.000190324
0.000116448
0.001341410
0.000165994
0.002462604
0.001488741
0.000261704
0.000114769
0.001504627
0.003047016
0.000124541
0.001082644
0.003818184
0.007932477
0.004901581
0.000163085
0.000185923
0.000106547
0.000168659
0.000203541
0.000399480
0.001309550
0.002970242
0.000103925
0.001919438
0.000114655
0.000132362
0.001432056
0.000210411
0.000173385
0.001365130
0.000164084
0.001338748
0.000483611
0.000331690
0.001110328
0.000116913
0.000131371
0.001334149
0.000110455
0.003773771
0.001355533
0.001169464
0.000508592
0.000121289
0.005355892
0.001867798
0.004257375
0.002547269
0.000143322
0.000154892
0.000278691
0.000115103
0.001296046
0.000135457
0.000181716
0.002217603
0.000120936
0.000380553
0.000120433
0.000139999
0.001384677
0.000845375
0.002943255
0.001039267
0.000155582
0.001083579
0.000143644
0.000105977
0.001395612
0.001127999
0.004495715
0.005141088
0.002284364
0.000146622
0.000139133
0.000137556
0.001059687
0.000113781
0.001412013
0.004099163
0.001104640
0.000171544
0.001216326
0.000130906
0.000133932
0.000120532
0.000108553
0.000138934
0.000733705
0.001846881
0.000280049
0.000192052
0.000333767
0.000120311
0.000105659
0.000591866
0.000163760
0.000182268
0.005253022
0.000131026
0.004019171
0.000140989
0.000334919
0.001005988
0.000949109
0.001512032
0.000739413
0.001052664
0.001072498
0.000142029
0.000112679
0.003061843
0.002239016
0.002581764
0.003290939
0.000142933
0.001487371
0.000172427
0.000137943
0.000197429
0.000162760
0.000125388
0.000117749
0.000366617
0.000142699
0.001494858
0.002183622
0.001196345
0.000221221
0.001406794
0.000112054
0.000437544
0.000192657
0.001115706
0.001478189
0.000175692
0.004221217
0.000112908
0.000725379
0.000875540
0.000848318
0.000139558
0.002484080
0.001464560
0.000320531
0.000114106
0.000169966
0.001265992
0.000117162
0.000863260
0.003404480
0.000146801
0.001490346
0.000286300
0.000124472
0.000128620
0.001768084
0.000161850
0.002971532
0.000139266
0.001085523
0.000138836
0.001070027
0.001119454
0.000109409
0.000340349
0.001159140
0.003326700
0.001181909
0.000194976
0.000115371
0.000104167
0.001109738
0.001193935
0.005191295
0.002060979
0.000154043
0.000192806
0.000106634
0.000567729
0.000115649
0.001916627
0.002542758
0.000158466
0.001164200
0.000100657
0.001127612
0.000670691
0.000214731
0.000989097
0.000119599
0.000136465
0.000149925
0.000137966
0.000169235
0.000122182
0.000152616
0.001090608
0.000148224
0.000155135
0.001115126
0.003376580
0.004246091
0.002742430
0.000126600
0.000104413
0.000554084
0.000970829
0.000145360
0.000175013
0.000151878
0.000165657
0.000119094
0.001052668
0.000152189
0.000196571
0.000364717
0.000745236
0.000115167
0.001267602
0.003072989
0.003971986
0.000613907
0.000371329
0.001269240
0.000202120
0.000162382
0.001346042
0.000116443
0.001220746
0.000120118
0.001126757
0.000155745
0.003303503
0.000137631
0.001221368
0.000157142
0.000252353
0.001061243
0.000116636
0.000146717
0.000116675
0.000853589
0.001149696
0.001159433
0.001190363
0.005646819
0.000105804
0.001406432
0.000462400
0.000142113
0.000169922
0.001601678
0.000785940
0.000108307
0.000125929
0.000148649
0.001146581
0.003148721
0.000202320
0.000126490
0.000107570
0.000133775
0.000129110
0.000108144
0.000181189
0.000216392
0.002234597
0.000129131
0.001151375
0.001152148
0.000161444
0.003834003
0.001125158
0.001277456
0.001119148
0.000142101
0.000808098
0.000104982
0.003660400
0.004655515
0.000130943
0.001026895
0.001144530
0.001447176
0.000129895
0.004120825
0.003634942
0.001194987
0.000210465
0.000107687
0.005291309
0.000450488
0.000138164
0.000170511
0.001496482
0.001493424
0.000909726
0.000150596
0.001133660
0.000118081
0.001448556
0.002955819
0.004052746
0.001079301
0.003499588
0.000108643
0.002369346
0.001347220
0.001315765
0.000115638
0.002890200
0.000269214
0.002242636
0.001199317
0.000295208
0.001209903
0.001671079
0.000158418
0.000153307
0.003742711
0.000121134
0.001504664
0.001333291
0.000126204
0.001121941
0.001406793
0.000123827
0.002627074
0.001465365
0.000125967
0.002471946
0.003660439
0.000114349
0.001605725
0.001165729
0.001355401
0.001172970
0.003371019
0.000377852
0.000416381
0.001200400
0.003347545
0.001086850
0.001174021
0.000138144
0.000509851
0.000139222
0.001279122
0.000121330
0.000152575
0.000118173
0.000145617
0.000184655
0.002698583
0.001668189
0.000269769
0.001565639
0.000250036
0.001529627
0.001184959
0.001230648
0.001256577
0.004257377
0.002675974
0.002243466
0.000122094
0.000727490
0.001856820
0.003446044
0.002931184
0.000695301
0.000492228
0.000105891
0.000442072
0.000137995
0.001582192
0.000908857
0.000126553
0.000141089
0.000239505
0.000101966
0.000177847
0.000162472
0.001545018
0.000314008
0.000177570
0.001536695
0.000140740
0.000161870
0.000123113
0.004713426
0.002625870
0.004255365
0.003184712
0.000959921
0.000230807
0.000218561
0.001418714
0.000224716
0.003000064
0.000132273
0.000365336
0.000753658
0.000815238
0.002637056
0.000335122
0.000506961
0.000117639
0.001535096
0.000200318
0.000112797
0.000161276
0.000156291
0.000129272
0.000116579
0.000408791
0.001088434
0.001054038
0.000190157
0.000180891
0.001066274
0.001217784
0.000132932
0.001471979
0.001614504
0.000174165
0.000118021
0.000145758
0.000388059
0.001589326
0.001173805
0.000115961
0.000258169
0.000162245
0.000135935
0.000919606
0.000158221
0.000183310
0.000112744
0.000113952
0.000173000
0.000152676
0.000143467
0.000108965
0.000158465
0.001701529
0.000172160
0.000176068
0.000833250
0.001155203
0.000165565
0.000754823
0.005270084
0.002657029
0.000224622
0.000690791
0.000121009
0.000498279
0.000849316
0.001074687
0.000185826
0.003761039
0.000124802
0.001519969
0.000170245
0.000195317
0.000109726
0.000236881
0.000133031
0.000155742
0.000934715
0.004644955
0.000155911
0.000109498
0.000160548
0.001142712
0.000309474
0.003077960
0.000257937
0.000137420
0.001578716
0.004252127
0.001496702
0.000126671
0.001321028
0.001095328
0.005406210
0.002879859
0.002526731
0.000395689
0.000135506
0.000346029
0.000392998
0.001338912
0.000119507
0.000128418
0.000179905
0.002857485
0.000149240
0.003156007
0.001743159
0.001178275
0.000144020
0.001434043
0.004230957
0.001759519
0.003370138
0.000155171
0.000184769
0.001859558
0.000153883
0.000128302
0.001406275
0.000168274
0.001610148
0.000149929
0.006096831
0.000160979
0.000887723
0.000134074
0.000247551
0.000200391
0.000122930
0.000931645
0.000178497
0.001599240
0.000149642
0.000116687
0.000112341
0.001230476
0.000147270
0.004291585
0.001713315
0.000187170
0.000105472
0.003210818
0.001550305
0.000129816
0.000179627
0.002149734
0.000268746
0.001184651
0.000108263
0.000478205
0.001558819
0.000113780
0.001686825
0.000131865
0.001058505
0.000113976
0.000170485
0.000112590
0.001271579
0.000130672
0.000128670
0.001261873
0.000160629
0.002329450
0.000397163
0.000458582
0.000106336
0.003029026
0.000164856
0.000195619
0.001215826
0.000113857
0.000125826
0.000168721
0.000150129
0.000176119
0.000097503
0.000141709
0.000576627
0.001685861
0.000934597
0.000190662
0.000109863
0.000813620
0.000117013
0.000168975
0.000222552
0.000108230
0.001227223
0.000159167
0.000163933
0.000847310
0.001281925
0.001138511
0.000175799
0.004058797
0.000165558
0.000097010
0.000343900
0.001991021
0.000111257
0.000118608
0.000185935
0.001786132
0.000144659
0.000775955
0.000124981
0.000114973
0.003642225
0.000207453
0.001247137
0.000123250
0.000367925
0.000160688
0.000117332
0.000135240
0.001228239
0.000174107
0.000143578
0.000195246
0.001788720
0.000613432
0.001056666
0.000156906
0.001607327
0.000671857
0.002420242
0.000372921
0.000137608
0.004479135
0.000111881
0.000167352
0.000467080
0.000172252
0.003827154
0.000911640
0.000178415
0.000135005
0.000114993
0.001417593
0.001473327
0.000933025
0.000241432
0.001124650
0.000289749
0.000113645
0.000129296
0.000787027
0.000124380
0.000161902
0.000125897
0.000570826
0.000118495
0.000164757
0.000126187
0.000181997
0.000115566
0.000126409
0.000198794
0.000183502
0.001664160
0.000136109
0.000132776
0.003624346
0.000114074
0.000116239
0.002637692
0.004795783
0.005392342
0.007217921
0.002385957
0.004285933
0.001438601
0.000259206
0.000311719
0.001584174
0.000182638
0.004738624
0.000214644
0.000116149
0.000127096
0.001164155
0.001381158
0.001123293
0.000108571
0.000126134
0.002779610
0.000121123
0.004575875
0.000109060
0.000158966
0.003765052
0.000145736
0.001761858
0.001797402
0.003401188
0.000476226
0.001672503
0.003254848
0.000621106
0.000851184
0.000158256
0.000325800
0.000542556
0.000774325
0.000136752
0.000125661
0.000158661
0.000308458
0.000185976
0.000183260
0.000156726
0.000308127
0.000137145
0.002082088
0.003075199
0.000112974
0.000156742
0.002655051
0.000151488
0.001403415
0.001621676
0.000178501
0.000799265
0.000943762
0.000906084
0.001212788
0.000138171
0.000146270
0.001760102
0.000173558
0.000117724
0.000186806
0.000130426
0.000683726
0.000155784
0.000364796
0.001669403
0.000140412
0.002804361
0.000157494
0.001981318
0.000212307
0.000429981
0.004522140
0.000117552
0.005452447
0.000615276
0.001718478
0.001671125
0.000166207
0.000118775
0.000868229
0.000178467
0.000130420
0.001214215
0.002153341
0.000152310
0.000194334
0.000565981
0.000488266
0.001125092
0.000534185
0.000132558
0.000164135
0.005594408
0.002901466
0.000225406
0.001843325
0.000138999
0.000155553
0.000162187
0.001142710
0.001048954
0.001790242
0.000253050
0.000164959
0.003762003
0.001221158
0.000128341
0.000126579
0.000112197
0.001568842
0.000139037
0.004984253
0.001788648
0.003123139
0.000176261
0.000915029
0.000118021
0.000124136
0.000121977
0.000165763
0.000116206
0.000192739
0.000217239
0.000188713
0.000225357
0.001749609
0.000173844
0.000186680
0.004665460
0.000118089
0.001644920
0.001802326
0.000152285
0.000133789
0.005423679
0.000130370
0.000155775
0.005329495
0.002637273
0.004700084
0.000161642
0.002658905
0.000162590
0.000346450
0.000854139
0.000111191
0.001393260
0.000190470
0.003374500
0.000167880
0.001166590
0.001634505
0.002225953
0.001035558
0.000262110
0.003505779
0.001730649
0.001134780
0.001164714
0.000129706
0.001049639
0.000956928
0.002128514
0.000159252
0.000147502
0.000200412
0.000139924
0.001511588
0.000396729
0.000144243
0.002548834
0.000196107
0.001951422
0.000272959
0.000466092
0.000171816
0.001771619
0.000160216
0.003328080
0.000542404
0.000100500
0.000836220
0.000110814
0.000130312
0.000112045
0.001464583
0.000331807
0.000199331
0.000263069
0.000278552
0.000152675
0.000895706
0.000178073
0.000208400
0.000174409
0.000131719
0.001880581
0.000210883
0.003928187
0.003180957
0.004912645
0.000209433
0.001444062
0.000132540
0.000186598
0.000214535
0.000110305
0.000179542
0.000144597
0.003575443
0.000279266
0.001009094
0.000257903
0.001913124
0.000146943
0.003473041
0.000199779
0.000123799
0.000149270
0.000196113
0.001940071
0.000164976
0.003861936
0.001257354
0.000253405
0.003411678
0.001803465
0.000838754
0.000524659
0.000576071
0.000680265
0.001309120
0.001604153
0.002844446
0.000196794
0.000168975
0.000114399
0.001056617
0.001962011
0.000162352
0.000109700
0.000105409
0.001116567
0.001266766
0.000218788
0.000118542
0.000126608
0.001132546
0.001435464
0.000174516
0.000116235
0.000160171
0.002927550
0.000171284
0.000140587
0.001195664
0.001080605
0.000118599
0.001239936
0.000131327
0.001575337
0.000115761
0.003516217
0.001179122
0.000171229
0.001357576
0.000149814
0.000113940
0.001348566
0.001320411
0.002564772
0.001474523
0.000112232
0.000571937
0.001813156
0.000444366
0.001297966
0.000356054
0.002859147
0.001330207
0.001340643
0.000156634
0.001108212
0.002450230
0.000163341
0.000148814
0.001315761
0.000177821
0.000174450
0.000130530
0.000115276
0.001089401
0.007149035
0.002767067
0.000248906
0.000313000
0.000178468
0.005945755
0.004947127
0.002955432
0.000109257
0.004159857
0.001732327
0.000870719
0.000941752
0.001775549
0.003072825
0.002056199
0.007526266
0.000347682
0.000216896
0.005110208
0.000888921
0.000153590
0.002103970
0.000223534
0.000114490
0.000201824
0.000172847
0.000738280
0.000540229
0.005345329
0.003238390
0.000113575
0.003368069
0.000281544
0.002857337
0.000140671
0.000165607
0.001703978
0.000122272
0.000871411
0.000112840
0.002917020
0.000666437
0.004170249
0.000227342
0.000527060
0.002181534
0.001129095
0.000166894
0.000243687
0.000446875
0.000132971
0.000126814
0.000160250
0.000165271
0.001313400
0.003116190
0.000130773
0.000175644
0.000264571
0.000969525
0.000166056
0.000143556
0.000181887
0.004201266
0.000126560
0.000161090
0.000113778
0.003032335
0.000297259
0.001138911
0.001844185
0.000185757
0.000112593
0.000441129
0.003279780
0.000190314
0.001952154
0.001976356
0.000970143
0.000881097
0.000114138
0.000181978
0.000652615
0.000153299
0.000151421
0.001132620
0.000137184
0.005363171
0.002827482
0.000205132
0.000612723
0.000281286
0.000103854
0.001150829
0.000144052
0.000232575
0.000188740
0.000106726
0.001854166
0.000308662
0.000236291
0.001942449
0.000733562
0.000190110
0.000767691
0.000124381
0.001082547
0.001096443
0.001439336
0.000858440
0.001984465
0.002000117
0.002730838
0.001155931
0.003455970
0.002909435
0.000146110
0.000390591
0.000137291
0.001089797
0.000123137
0.000394877
0.001169826
0.000164777
0.000137405
0.002037684
0.003745106
0.000145472
0.002698214
0.000146638
0.000181203
0.000209206
0.000159323
0.001109287
0.000199824
0.000171644
0.000184355
0.001183829
0.001248584
0.001440555
0.001932535
0.000157242
0.000127814
0.000405153
0.001488255
0.001976372
0.001559128
0.000206109
0.000143170
0.003631917
0.000171940
0.002065165
0.008675959
0.005928106
0.000143959
0.000152480
0.000214785
0.000158607
0.000216283
0.000101556
0.000150508
0.000107919
0.001451627
0.002518277
0.000255820
0.004570095
0.000126678
0.000162458
0.004978807
0.000136371
0.000147234
0.000119112
0.003634759
0.004262591
0.000217945
0.001090205
0.001769535
0.000182484
0.000128832
0.000174498
0.000850621
0.001081423
0.000415234
0.000164344
0.000124111
0.004737054
0.000201669
0.000258335
0.002079358
0.000147932
0.000155458
0.001692499
0.001902987
0.000126835
0.000190465
0.001964870
0.000114786
0.000133240
0.000175818
0.002853921
0.003414018
0.000198854
0.000197994
0.000124287
0.000218750
0.004400769
0.000125938
0.000119710
0.000224855
0.001960750
0.000254062
0.003155138
0.003912505
0.000143551
0.001666971
0.000196083
0.001419734
0.000651351
0.002179808
0.000163724
0.001560446
0.000114478
0.000127450
0.002164730
0.000329817
0.000143624
0.000534232
0.000218574
0.000130957
0.002005215
0.000173082
0.002545495
0.000120717
0.001194743
0.001168221
0.000168286
0.003201577
0.000180207
0.000284016
0.000181242
0.001911142
0.002053154
0.000189006
0.000154054
0.000157857
0.000170278
0.000183497
0.000123239
0.000909201
0.000163328
0.001484557
0.000163220
0.000196423
0.000189938
0.001303534
0.000303819
0.000699442
0.001532693
0.001420276
0.000651393
0.001580271
0.002866401
0.001429501
0.000110169
0.002129789
0.000423915
0.003878552
0.000181720
0.000668882
0.002598764
0.000119225
0.001143563
0.002328430
0.001291492
0.001789889
0.000126318
0.000415181
0.000150197
0.000150510
0.000912991
0.000597103
0.000164711
0.000141272
0.000113917
0.000185577
0.000151316
0.000111297
0.000119587
0.000224520
0.000221969
0.000167316
0.000178175
0.002835574
0.000167649
0.000174564
0.001147880
0.000514851
0.000137100
0.001437798
0.000120029
0.002442990
0.000180196
0.000163200
0.000196945
0.000106598
0.000127718
0.000126443
0.001784354
0.000109370
0.000133511
0.001479626
0.001548971
0.002975378
0.001305896
0.000160776
0.000867110
0.000152782
0.002627808
0.000345006
0.000141334
0.000117264
0.001091714
0.001143836
0.000184250
0.000221071
0.000102885
0.000189183
0.000471796
0.000177357
0.001904673
0.002063234
0.000231858
0.000100700
0.000259870
0.000158211
0.000130140
0.000176572
0.000123876
0.000374005
0.002020194
0.001964593
0.000176583
0.002261594
0.000171088
0.006740347
0.000271959
0.000114708
0.000117056
0.002163619
0.000146294
0.007779023
0.002149315
0.000223580
0.001337947
0.000983327
0.000176951
0.003259320
0.004314611
0.000155696
0.001974793
0.000142367
0.000195053
0.000145768
0.000226745
0.000130855
0.000158522
0.000107680
0.000173960
0.002004981
0.000119033
0.003317269
0.000225544
0.000234610
0.003995694
0.000117811
0.000190108
0.003929844
0.000140493
0.000197327
0.000834637
0.002180125
0.000691879
0.000210761
0.000181716
0.000174395
0.007939205
0.000187945
0.001079260
0.001320882
0.000164897
0.001169093
0.001195146
0.003488544
0.000292993
0.001985870
0.000136821
0.001963333
0.002921564
0.000129852
0.000168397
0.001170575
0.000163928
0.000523585
0.000122351
0.003646069
0.000308379
0.000873099
0.000715735
0.000221663
0.004352488
0.000929454
0.002666310
0.002031108
0.001108513
0.007424476
0.002011436
0.003682632
0.001690576
0.003013985
0.000315750
0.000160538
0.000958747
0.001733000
0.000136610
0.001436703
0.002485493
0.001245966
0.000588209
0.001214460
0.000125512
0.000168487
0.000120127
0.000147816
0.004335752
0.000147808
0.000107948
0.002840339
0.000231364
0.001935220
0.002826132
0.000191361
0.000320236
0.000187704
0.000141200
0.001239911
0.000197003
0.000186100
0.000469231
0.000162954
0.001234153
0.000124224
0.000157069
0.000291941
0.000193515
0.000116403
0.000134891
0.000521148
0.000114918
0.000344213
0.000140457
0.000203423
0.001199198
0.000160401
0.000185670
0.000120900
0.000174801
0.002120214
0.002096632
0.000148390
0.000113318
0.000175813
0.000195893
0.004706676
0.000303065
0.000248004
0.000158552
0.000123092
0.000220936
0.006875789
0.000114710
0.003343782
0.004773391
0.000190016
0.000236829
0.000190166
0.000160873
0.001155926
0.000115266
0.001997382
0.002243836
0.000176831
0.000116126
0.000336305
0.000512112
0.002271558
0.000239903
0.000157611
0.008620706
0.003104866
0.004164978
0.002345400
0.001955600
0.000162530
0.005052542
0.000135944
0.001902067
0.000190344
0.000453883
0.000195355
0.000243365
0.000170788
0.002067799
0.000142781
0.000194916
0.000241545
0.000170889
0.000158968
0.005243623
0.000180206
0.000205877
0.002520828
0.000134509
0.001980187
0.000278407
0.000301588
0.000274465
0.000195805
0.000199200
0.000242036
0.000156634
0.000156653
0.002314879
0.000180581
0.003259192
0.000205886
0.002234139
0.002299334
0.000178435
0.000173525
0.002093616
0.005275367
0.002445907
0.001216319
0.000354804
0.000134334
0.000141089
0.001777269
0.001784878
0.003895413
0.001722845
0.000134642
0.000365502
0.000835777
0.000153876
0.000160164
0.000829793
0.000468981
0.000233063
0.000172586
0.002502600
0.000223334
0.001278843
0.004411325
0.000906325
0.001281103
0.000880377
0.004584082
0.001022070
0.002012293
0.000200907
0.000203734
0.000244264
0.000228214
0.001129158
0.000115693
0.000329828
0.002573607
0.003309864
0.000142097
0.000211879
0.000205092
0.000230079
0.000179431
0.000120435
0.000196561
0.000162419
0.000512460
0.000139477
0.001066236
0.000120232
0.000263511
0.000154134
0.000210688
0.000120422
0.001365884
0.001539221
0.001536035
0.000238157
0.000137374
0.000150474
0.000122531
0.000450616
0.007027720
0.000165259
0.000184940
0.001442707
0.000113216
0.000208132
0.000144444
0.000113358
0.001116816
0.000137679
0.000792585
0.000114186
0.000145787
0.000184834
0.000187273
0.000144507
0.000220768
0.000829955
0.000156316
0.001136351
0.001277716
0.000166719
0.002039330
0.000131089
0.002264104
0.000182750
0.000145975
0.000109930
0.000111984
0.000190199
0.002244100
0.001146109
0.000158638
0.000120580
0.000257022
0.000146327
0.000208193
0.001544047
0.000135905
0.001326263
0.000157432
0.000369863
0.000131964
0.002075032
0.002126189
0.000155816
0.002337608
0.000181006
0.002203724
0.000108486
0.002245345
0.004190817
0.004686447
0.002325356
0.000114383
0.000232034
0.002269190
0.001714536
0.000110734
0.000151085
0.000118039
0.000116998
0.000178642
0.000157346
0.000166568
0.000169722
0.000119024
0.000171093
0.000203664
0.000227517
0.000122271
0.004631168
0.002724766
0.000114923
0.000149038
0.001241233
0.001136613
0.000128482
0.000128585
0.002238565
0.000721050
0.002558650
0.000113359
0.000409618
0.000191752
0.000175089
0.001054827
0.000128486
0.000207842
0.000164026
0.000127288
0.000111633
0.001230066
0.000181941
0.000132072
0.000138925
0.000130473
0.000129953
0.000124904
0.000181247
0.000139615
0.000187255
0.000189757
0.000147116
0.000194143
0.000619118
0.002088339
0.002389798
0.000265224
0.000116687
0.000180892
0.002174415
0.001020579
0.001140142
0.000186811
0.003537545
0.002512338
0.000114143
0.005287951
0.000181514
0.000209877
0.001606312
0.000198094
0.000114229
0.000122781
0.000164078
0.000126734
0.000124583
0.000196683
0.000180480
0.002398261
0.000205289
0.000125353
0.000186871
0.000117592
0.001949975
0.001312062
0.000199037
0.000106520
0.000112460
0.000107509
0.010576993
0.002698615
0.000242354
0.000243953
0.007824571
0.000148286
0.001217427
0.000391010
0.000122389
0.000118361
0.000160734
0.000198959
0.000166878
0.000311504
0.000151112
0.000885557
0.000169880
0.000177748
0.001246382
0.001073977
0.006221625
0.000116224
0.000107869
0.001719451
0.000180561
0.000187018
0.005631892
0.002257660
0.000281133
0.000424054
0.001264407
0.000204629
0.001198073
0.003862132
0.000212727
0.004130595
0.002099888
0.001917450
0.000329759
0.001036706
0.000195083
0.000246091
0.000218583
0.003747844
0.002287719
0.000206631
0.002422052
0.000369018
0.002495897
0.000338648
0.007288853
0.000961916
0.000204626
0.000120601
0.005130365
0.002167950
0.000627443
0.000187316
0.001545524
0.000112972
0.001107848
0.001575666
0.001245822
0.000175634
0.000130714
0.001099539
0.000111795
0.000723270
0.002870956
0.000506733
0.000129861
0.001568719
0.001242425
0.000199333
0.000187908
0.003827125
0.000118679
0.000280503
0.000113021
0.003828476
0.000193731
0.000543404
0.001277982
0.003882830
0.002746821
0.000288867
0.000143037
0.002254330
0.001260766
0.000166791
0.000167395
0.000174379
0.002305463
0.000186812
0.002294932
0.008444171
0.000174140
0.000340049
0.000381388
0.000977111
0.004799977
0.000244948
0.000142636
0.001637606
0.001201386
0.002614113
0.000162547
0.000129574
0.002386330
0.000312414
0.000114827
0.002451662
0.000198126
0.000478371
0.000149884
0.001256854
0.001175803
0.000186566
0.002436979
0.002618545
0.003036442
0.000635938
0.000117173
0.001120704
0.001614154
0.000211238
0.000134141
0.002555618
0.001036395
0.000215983
0.002701299
0.000167042
0.002337496
0.003694000
0.004646964
0.000131221
0.001951460
0.002953938
0.000936519
0.001879320
0.000168882
0.002411416
0.001058803
0.002434537
0.002530255
0.002649346
0.004724171
0.000186746
0.003002179
0.000439501
0.002328943
0.000156732
0.002727241
0.002297554
0.002187960
0.001214012
0.001106947
0.000382114
0.000248049
0.001789815
0.001455594
0.000292219
0.000178345
0.000164970
0.000450399
0.000604840
0.001858222
0.002434669
0.001349411
0.000822520
0.004930794
0.002987641
0.000208117
0.000226435
0.000215063
0.001392209
0.000140858
0.000229486
0.000768232
0.000751256
0.000153334
0.002498299
0.000118335
0.002602343
0.000509363
0.001118047
0.000192799
0.000131478
0.000195865
0.004413496
0.000476330
0.000181153
0.000112529
0.000108154
0.000130384
0.001457467
0.000103530
0.000119214
0.000188487
0.002467255
0.000111648
0.000113930
0.000627158
0.000176870
0.000211401
0.000131662
0.001130622
0.001283759
0.000180898
0.000136347
0.000130713
0.001211500
0.000132519
0.000177724
0.000165932
0.001101623
0.000204506
0.002353371
0.002342172
0.000119374
0.000113096
0.007584774
0.004248956
0.002285283
0.001232830
0.002209235
0.000142084
0.000772859
0.001136164
0.004262735
0.003317153
0.000172137
0.000336017
0.000197078
0.000235007
0.000111747
0.000104670
0.000213061
0.000195085
0.000127778
0.001207111
0.000884092
0.000149096
0.000303776
0.005009890
0.000183721
0.001761935
0.000178513
0.002824704
0.000109361
0.000257234
0.002451396
0.001222451
0.000209871
0.000120451
0.002237903
0.009179305
0.001159267
0.000190706
0.000126739
0.003622541
0.001752513
0.000143802
0.004027813
0.003030480
0.001687887
0.000248899
0.001206095
0.001591646
0.000133810
0.000117098
0.001053790
0.000196390
0.000145756
0.000179140
0.000113574
0.000211609
0.001142516
0.001254847
0.001106922
0.000131025
0.001125904
0.000110640
0.000163130
0.000726693
0.006753299
0.005805927
0.004848900
0.005754908
0.000180408
0.002808304
0.000271892
0.005148599
0.001334492
0.001061238
0.001379117
0.000126656
0.001696836
0.000560430
0.000140498
0.000203290
0.000360804
0.000136701
0.000181083
0.005018823
0.004011659
0.000264714
0.000153043
0.000186905
0.000237464
0.000176736
0.000250081
0.000143915
0.000219401
0.000307730
0.001359750
0.000182385
0.000169860
0.000180575
0.000197709
0.002725683
0.000276884
0.000131290
0.000934642
0.001066767
0.002038855
0.001303005
0.000412567
0.001382039
0.000126487
0.000823952
0.000192168
0.002269194
0.000212627
0.000133395
0.000163363
0.000178916
0.000111646
0.000108026
0.000200626
0.000204127
0.002668759
0.002412156
0.000135597
0.000188361
0.000229291
0.004218625
0.000271062
0.002594161
0.000155109
0.000175881
0.000112203
0.000409332
0.000168089
0.000930323
0.000242478
0.000123300
0.000769864
0.003476839
0.000206255
0.000136853
0.000183228
0.000426421
0.000128249
0.000148440
0.000186525
0.000171762
0.001150565
0.000138196
0.000190933
0.000123639
0.004899987
0.000193766
0.000117148
0.000195666
0.007308080
0.000113963
0.000492580
0.006307434
0.000173833
0.000218182
0.004832178
0.000180754
0.000833659
0.000199743
0.000146118
0.000516495
0.000161480
0.004534602
0.000891234
0.001380582
0.000164934
0.000764752
0.000157853
0.000199303
0.000197520
0.003378559
0.000184307
0.000188386
0.000349405
0.000826559
0.000879189
0.001951682
0.000165033
0.000138604
0.002038985
0.002540397
0.000127929
0.001428275
0.001124929
0.006646940
0.000924236
0.000163418
0.000214816
0.000137116
0.000202979
0.000127366
0.000236194
0.000123011
0.000187380
0.001378960
0.001258814
0.000921870
0.001068404
0.000222871
0.001069252
0.001298627
0.000142902
0.000138461
0.002363604
0.003615064
0.000194302
0.000147674
0.000991191
0.001010706
0.000195203
0.000121924
0.000178852
0.000964904
0.000134242
0.000155845
0.000136511
0.000190625
0.000242810
0.000146299
0.000116628
0.001625599
0.000162995
0.000329869
0.002782764
0.000182885
0.002503885
0.000175630
0.000124218
0.000117590
0.000127826
0.000184340
0.003116135
0.000222330
0.000214686
0.000124848
0.002241585
0.000124538
0.000162678
0.002715832
0.002996573
0.000170880
0.000197419
0.000186954
0.000182631
0.002423702
0.002916279
0.002344822
0.006680396
0.002873618
0.000124510
0.000114534
0.001235617
0.000135168
0.000167702
0.006112726
0.000121682
0.000605322
0.001331265
0.006451395
0.000278988
0.000521175
0.000106067
0.000941020
0.001206651
0.001115556
0.000154893
0.000231609
0.000117545
0.000146111
0.000184298
0.001219651
0.003369570
0.000117656
0.003430159
0.005950556
0.000269922
0.001131387
0.000235313
0.002695900
0.000123998
0.000132473
0.004752827
0.008429082
0.000139290
0.000332330
0.001915659
0.004424668
0.000567581
0.000205472
0.000730122
0.000144881
0.000129732
0.000144648
0.013541916
0.000149823
0.000252334
0.000177143
0.000164997
0.000223103
0.002382909
0.000370750
0.000196451
0.000214694
0.000122313
0.002515106
0.001202467
0.002577038
0.002449410
0.007009880
0.005554833
0.000231163
0.008488711
0.000129962
0.004552172
0.000109608
0.003437227
0.002332131
0.003499914
0.002047069
0.001248935
0.000487360
0.000114411
0.001788696
0.000170588
0.000294099
0.000151101
0.000266949
0.003810010
0.001072824
0.001161442
0.002576569
0.000829906
0.000265696
0.000144127
0.000177227
0.000482199
0.000506069
0.000115833
0.002487617
0.000537003
0.000130541
0.001158900
0.000850860
0.000270674
0.000130826
0.002612062
0.001142840
0.000245250
0.000150640
0.000189425
0.000142639
0.000139898
0.001186067
0.002910051
0.000132595
0.001287476
0.001742811
0.000146430
0.000162825
0.000129632
0.000755746
0.000201839
0.002680340
0.000178786
0.000758522
0.000115156
0.000516369
0.000178936
0.001273170
0.000108954
0.000107561
0.003678774
0.002211939
0.002959716
0.000573940
0.002589502
0.000538776
0.001332823
0.000701245
0.000406320
0.000345587
0.000180082
0.000170867
0.000164636
