0.039827629
0.074545547
0.113507990
0.202670465
0.460107406
0.549647620
0.643139666
0.936216046
1.029507391
1.247607494
1.301785166
1.322376048
1.331090570
1.393544906
1.422651290
1.471633506
1.497694253
1.518532934
1.527589836
1.558156973
1.642791935
1.773341546
1.924505714
2.228228530
2.395238081
2.654519545
3.044131641
3.053882107
3.062243589
3.071414332
3.080251090
3.089384036
3.180363129
3.344219396
3.655815208
3.814101094
3.899849904
4.161349612
4.170025928
4.204002666
4.236956389
4.266738282
4.302070835
4.335778764
4.360572071
4.388868366
4.422724015
4.526576494
4.773478526
4.958656242
5.107475610
5.368431165
5.534731359
5.563838104
5.596043367
5.625663667
5.677060074
5.685715934
5.718310948
5.751207207
5.783293058
5.837491335
6.138758130
6.307718055
6.461530594
6.771179019
6.920622977
6.974986929
7.010020886
7.040787892
7.074253915
7.110076269
7.142411547
7.174406827
7.207617441
7.347790495
7.635573717
7.808183292
8.520037763
8.529107002
8.538340930
8.547231336
8.556314862
8.564790089
8.572660144
8.581532036
8.590378131
8.728318605
8.873828286
9.207864441
9.356179113
9.554256563
9.676250581
9.708142481
9.738042145
9.770710712
9.805333961
9.837874684
9.874641135
9.903891115
9.935953044
9.971833727
10.122912525
10.276720481
10.464273633
10.606885814
10.937779272
11.110492285
11.180079198
11.214560725
11.252365414
11.286601794
11.334834867
11.488318038
11.642241554
11.956067978
12.133192373
12.293966325
12.450303034
12.570398786
12.604961650
12.640111188
12.672352327
12.705017022
12.741597956
12.809165809
13.952999979
13.962471602
13.971656347
13.981252189
13.990822215
13.999135163
14.007032620
14.016043134
14.023513027
14.057622616
14.089996153
14.127486167
14.162756619
14.347953143
14.551213187
14.583440126
14.616271065
14.653528961
14.685757265
14.722209044
14.730964169
14.770017585
14.804235900
14.837173181
14.872834794
14.908168109
14.941611035
14.976220435
15.008450553
15.039626765
15.075109745
15.111924835
15.120508659
15.153833862
15.190436128
15.223502234
15.388468277
15.757193841
15.923773794
16.090302298
16.252346341
16.476511411
16.514550528
16.546414107
16.577887739
16.609236473
16.643972339
16.679771876
16.749751877
16.933374509
17.113794305
17.294979682
17.641638829
17.811719607
17.847510876
17.855751045
17.891922148
17.927757643
18.481869199
18.490823543
18.499573919
18.508241119
18.519498129
18.524883800
18.533889296
18.541866341
18.851659414
18.886780325
18.924528633
18.956671253
18.994724421
19.027257948
19.036028219
19.064796424
