0.001617421
0.002759240
0.047215565
0.046924809
0.047186702
0.046616572
0.047043288
0.046959741
0.047782586
0.093827336
0.094451211
0.094030198
0.094424405
0.094981139
0.096190203
0.118410580
0.118971194
0.119528106
0.120940243
0.143259474
0.144876715
0.146792733
0.145864125
0.167201061
0.167856302
0.170378595
0.169890944
0.178626293
0.178977212
0.180512464
0.180228592
0.191532582
0.191258653
0.193358000
0.193301828
0.193294618
0.193797387
0.208317853
0.209303017
0.209981212
0.210724147
0.211301968
0.223479092
0.223635341
0.224465277
0.225835793
0.225758548
0.239433189
0.240614914
0.240802119
0.241894652
0.242571111
0.255192895
0.255374192
0.255905746
0.256472711
0.256935970
0.269280051
0.269050668
0.268839605
0.267668021
0.268663955
0.281590955
0.281642405
0.282062472
0.282697040
0.283631070
0.298123249
0.299442572
0.299155443
0.299767466
0.300848687
0.313579110
0.314237414
0.314991427
0.316484469
0.324671826
0.325108417
0.326298399
0.325580030
0.326463300
0.338187405
0.339010159
0.339759067
0.340361670
0.341172247
0.352886960
0.353334027
0.353763759
0.353886289
0.354666290
0.366719988
0.367291107
0.368549738
0.368810442
0.369438534
0.380739151
0.379778244
0.380523257
0.382081745
0.382478826
0.395132014
0.395751154
0.396682966
0.397522956
0.397154326
0.397331117
0.409579617
0.409554091
0.409384073
0.409779816
0.410661354
0.423795769
0.424645593
0.425350009
0.426238922
0.437738714
0.438303210
0.438844904
0.439750579
0.440378369
0.440954318
0.453168130
0.453992993
0.454923888
0.454646887
0.465795608
0.466443964
0.466686433
0.466564006
0.467534664
0.478780595
0.479444018
0.478424543
0.479187232
0.479230961
0.490955217
0.490911394
0.491799099
0.492721166
0.493677813
0.505833470
0.506349500
0.506618944
0.507307755
0.507343989
0.531597425
0.532545486
0.533691732
0.534105628
0.534859383
0.535530405
0.536411442
0.537340706
0.538096931
0.549580242
0.549985645
0.550441100
0.551408965
0.552094871
0.552582271
0.553391032
0.565417349
0.566164745
0.566922255
0.567578580
0.567781465
0.580026323
0.579444915
0.580317925
0.581007717
0.580944058
0.593279782
0.594046577
0.594556072
0.594949623
0.595911035
0.608390288
0.609001190
0.609958820
0.610062406
0.620648828
0.621034874
0.619318871
0.620169134
0.620702147
0.632129154
0.631929287
0.632515802
0.633471326
0.646381840
0.647264366
0.648287112
0.649174301
0.649453258
0.649702542
0.660165540
0.661122197
0.663232866
0.662990872
0.672832954
0.673848698
0.674375003
0.674487104
0.688596082
0.689454939
0.689587458
0.688545916
0.689366484
0.689331428
0.699251431
0.700114369
0.700915086
0.701387639
0.711163020
0.711919431
0.712631920
0.713160576
0.724366519
0.725259117
0.725924026
0.726223161
0.727085747
0.739595725
0.740278224
0.739921378
0.740703622
0.740474448
0.752716423
0.753629576
0.754241124
0.754869913
0.755348865
0.767379254
0.766814449
0.766537056
0.767547721
0.767668556
0.781506167
0.782261593
0.783033299
0.783461406
0.784078939
0.797778383
0.797894131
0.798692200
0.799062056
0.799679987
0.800118430
0.811392083
0.812124130
0.812486704
0.813447828
0.814351921
0.814313984
0.826566207
0.826725678
0.827482113
0.828077456
0.828373772
0.839616677
0.839923400
0.840095694
0.840916055
0.840595535
0.854206510
0.854919357
0.855774066
0.855745065
0.856650466
0.857012408
0.856909483
0.857640353
0.869796768
0.870008479
0.870713871
0.871049310
0.871603662
0.871035960
0.881074789
0.881597567
0.675429981
0.675422849
0.676077034
0.691778338
0.692599632
0.692518712
0.693847644
0.693242602
0.702819799
0.702679753
0.702443425
0.702214747
0.716469767
0.716818191
0.717142301
0.717490583
0.718115143
0.751141180
0.751467096
0.752077949
0.752447059
0.753280559
0.754149234
0.754689097
0.755184949
0.755766380
0.756121035
0.755406609
0.755696612
0.772413395
0.772771326
0.773380671
0.773901241
0.774215865
0.774654107
0.786181253
0.785438226
0.785351464
0.785449710
0.785614549
0.801420990
0.802202495
0.802506780
0.803001064
0.803723750
0.818266120
0.819056492
0.819688603
0.819337317
0.819859809
0.832587743
0.833355429
0.833892349
0.834106611
0.834820122
0.835408621
0.846491355
0.847123495
0.847098013
0.847862350
0.848166902
0.859733151
0.860179080
0.860480554
0.860062922
0.860477690
0.872228570
0.871976502
0.872606206
0.872973859
