0.000280130
0.000474651
0.000239259
0.000299009
0.000240376
0.000549573
0.000525552
0.000626848
0.001484140
0.000634561
0.000458086
0.002911214
0.000224921
0.001228476
0.000402467
0.000610666
0.003128091
0.000305851
0.001442859
0.000220267
0.000235263
0.000223581
0.000229359
0.000582683
0.000244724
0.002702106
0.000264413
0.000372209
0.000971577
0.000605421
0.000329041
0.000231403
0.002967678
0.001011394
0.001299373
0.000475897
0.000866941
0.000283798
0.000939663
0.000384708
0.000235149
0.000816305
0.000650531
0.003586386
0.002188181
0.000291479
0.000286685
0.000659228
0.000269979
0.000433704
0.000248119
0.001107555
0.000352329
0.001607742
0.000471672
0.000250295
0.000235725
0.000423000
0.000232619
0.000584426
0.002146459
0.000853100
0.000231470
0.000520443
0.004294704
0.001785682
0.000326923
0.000232446
0.002274704
0.000222019
0.001991120
0.000907521
0.000687043
0.000871780
0.001050863
0.000641689
0.000630379
0.000668249
0.004584123
0.000680592
0.000274325
0.001362984
0.000236945
0.000252752
0.000644889
0.000386020
0.001090893
0.001126872
0.000206618
0.000226280
0.000264783
0.002785307
0.001708368
0.000223701
0.001716979
0.003326807
0.000252092
0.000232499
0.000232824
0.001261200
0.000226090
0.001974788
0.003700049
0.000216515
0.000249970
0.001388224
0.000429040
0.000238519
0.001161137
0.002677668
0.000276445
0.000376857
0.000409727
0.005130314
0.000876802
0.001887168
0.001417325
0.000421655
0.002185645
0.001648070
0.001804013
0.000247597
0.000247739
0.000234952
0.000234653
0.004431004
0.002704979
0.000246504
0.000214827
0.000556623
0.000467448
0.001070214
0.001582265
0.000653399
0.001092211
0.001206561
0.000545014
0.001124804
0.001140430
0.000255676
0.000240546
0.000240292
0.002808556
0.000704777
0.000236597
0.000748412
0.000226355
0.001345736
0.005219108
0.004262785
0.000406880
0.001027116
0.000423364
0.000232660
0.001442134
0.002039260
0.000429916
0.000232455
0.000581324
0.004301458
0.003424913
0.001802509
0.002838563
0.000223731
0.000345203
0.000251387
0.000238584
0.000249918
0.000237855
0.000230723
0.000242242
0.000411756
0.002683680
0.000466408
0.000357036
0.000687785
0.000661271
0.000849392
0.000486862
0.000828096
0.001381524
0.001136508
0.002940114
0.000536936
0.000384094
0.000474814
0.004536164
0.000250828
0.003053878
0.005253207
0.000620805
0.001634751
0.000852567
0.000262879
0.001096808
0.000228763
0.000249405
0.000451882
0.000248467
0.001119174
0.000210911
0.001043036
0.002220906
0.002498103
0.001162481
0.000642130
0.002490837
0.000419360
0.001300417
0.000335639
0.000613259
0.000297544
0.000217073
0.002259182
0.000239287
0.000460168
0.006213876
0.006105094
0.005125345
0.005644300
0.001413771
0.000292397
0.000619089
0.000247742
0.000342799
0.000227856
0.001093715
0.001047185
0.001105047
0.001222382
0.000621233
0.003422511
0.001197711
0.000505058
0.000510579
0.000284308
0.000232297
0.000220518
0.000289100
0.000224590
0.001350565
0.002037148
0.001048292
0.000372653
0.000249096
0.000239292
0.003105150
0.000400050
0.000214887
0.000226738
0.001214237
0.000733914
0.002349970
0.001160561
0.001187817
0.001319294
0.000513544
0.000412390
0.000468676
0.000535147
0.001392520
0.000417994
0.001903776
0.000420412
0.000280206
0.001064721
0.000490845
0.001915533
0.000216547
0.001177743
0.000245362
0.004134532
0.002556265
0.000289701
0.000619365
0.000521763
0.000241935
0.000396829
0.000558932
0.000373943
0.001079464
0.000671846
0.002551996
0.001778350
0.001022118
0.000215731
0.000789762
0.000283625
0.001879640
0.000451964
0.000488849
0.005704879
0.000465737
0.000441903
0.000202021
0.000222673
0.001825516
0.000306485
0.000323204
0.000333328
