0.012508385
0.081686397
0.145726210
0.179940121
0.224718240
0.264622942
0.303897751
0.325341164
0.364787743
0.371776325
0.392267562
0.442265149
0.463529685
0.489875141
0.521201486
0.546337601
0.591083492
0.628897568
0.637893289
0.691381481
0.700354325
0.722931562
0.755855432
0.787296240
0.819427910
0.845138262
0.878866441
0.911156301
0.945844522
0.977153146
1.038775583
1.071346133
1.123607175
1.131172981
1.153526361
1.178335650
1.211850183
1.245016205
1.280184907
1.311253832
1.344404575
1.375431555
1.408757962
1.439299567
1.472039765
1.573843180
1.601184565
1.635223404
1.668094227
1.702488142
1.738651875
1.770635110
1.799980644
1.831231913
1.856692397
1.888498941
1.922184834
1.950076102
1.984666753
2.012977108
2.045227661
2.080974183
2.114323970
2.147755119
2.180234635
2.212181389
2.242274398
2.275630721
2.307806606
2.367703273
3.057643560
3.066090546
3.074607697
3.083471667
3.092308986
3.101257823
3.110113195
3.118744608
3.127648661
3.163227777
3.195356757
3.227688254
3.260994002
3.294737285
3.326607298
3.362319515
3.390785657
3.423145933
3.459207401
3.566416044
3.688134968
3.722458665
3.753957516
3.786512258
3.819679269
3.851965342
3.885186523
3.919869708
3.951844403
3.985815251
