63.556109834
66.221972950
71.463108470
71.586860382
73.360269528
73.454899587
74.276767043
74.844471392
76.288001725
76.543608553
77.610637541
78.007804142
78.019801413
78.083544034
78.409230225
78.831370516
78.955565566
79.199396178
79.688322318
80.285490101
80.289610000
80.426552606
80.495568437
81.002589390
81.208152602
81.302385795
81.540925088
81.773348728
81.848721529
81.928124065
82.362294512
82.492905538
82.569410653
82.577361636
83.077396034
83.139450043
83.131502277
83.167605136
83.179482977
83.254816716
83.611492193
83.675635564
83.703472101
83.727719452
83.753837269
83.784589292
83.857171551
83.889823860
84.421880651
84.509623887
84.495489075
84.778290759
84.851641615
85.100899217
85.180634090
85.138733152
85.223639556
85.553475793
85.689844526
85.664526964
85.641381686
85.683592137
85.707857548
85.708573329
85.747621664
85.769258261
85.750940173
85.817500111
85.747276193
85.874184694
85.790745149
85.890746349
85.815656507
86.152773070
86.182970646
86.300831049
86.222669783
86.161791816
86.167230353
86.249095059
86.356978687
86.474346518
86.685601942
86.796044797
86.794854259
86.842237480
86.986928527
86.948025064
87.452396255
87.398776499
87.434359420
87.588114738
87.704554033
87.821023836
87.831065505
87.873110740
87.898653908
87.918547617
87.893179733
88.025831038
88.044044551
88.177826169
88.292601711
88.432685775
88.272120021
88.285813784
88.309222052
88.332649489
88.387143317
88.391448592
88.383079316
88.427700439
88.427068449
88.633685884
88.661798101
88.771092480
88.834984938
88.791002273
88.807411169
88.808670753
88.886722552
88.889015924
89.132217262
89.110229697
89.263244337
89.055318025
89.290976182
89.252737079
89.515635481
89.545810845
89.555665846
89.519450143
89.573478081
89.593557925
89.594528344
89.572421029
89.651608044
89.693579000
89.696402047
89.632916650
89.739157369
89.848979593
90.018338691
89.934567324
89.937911853
89.961945462
90.007674073
90.069692476
90.191618777
90.191090126
90.192736050
90.327514804
90.296569300
90.494742765
90.452070534
90.613564950
90.634131693
90.760227798
90.710076053
90.714791439
90.862689629
90.990155073
91.009186345
91.060198327
91.088195595
91.076566281
90.994789141
91.025459254
90.975956125
91.018470792
91.082567231
91.220461586
91.133282520
91.251929411
91.375701603
91.319684370
91.273609650
91.247244079
91.360948121
91.386232330
91.524467079
91.472205004
91.505678298
91.533236291
91.611872726
91.695850044
91.655132299
91.546273250
91.602837001
91.767929071
91.746039784
91.717787821
91.833510316
91.872057327
91.865137546
91.865464029
91.872675510
91.980473397
92.041729551
91.981555937
92.146183477
92.097606453
92.145511234
92.065155812
92.066543905
92.119491974
92.091731332
92.211071731
92.223935995
92.269664137
92.206031854
92.252500898
92.298869337
92.292119615
92.395056658
92.276073972
92.394110710
92.427275633
92.414394445
92.418700987
92.490046941
92.589196734
92.541755912
92.582749649
92.686044921
92.563867896
92.648450966
92.673576817
92.732129716
92.767082398
92.822315057
92.826657008
92.697855545
92.663469345
92.849642454
92.815679386
92.999414888
92.873173715
93.014996663
92.915843465
93.008275503
92.933254366
93.095632804
93.083629334
92.988900772
93.069989308
93.089703912
93.143520365
93.175671787
93.149584851
93.210216969
93.120110597
93.167205179
93.177946864
93.237492829
93.262406873
93.266578935
93.274879083
93.323949749
93.326557851
93.313071840
93.252438515
93.296223389
93.306445373
93.280628506
93.379551852
93.364010611
93.399207017
93.383653969
93.412146779
93.344729993
93.452655388
93.421311312
93.476549971
93.510503330
93.516970408
93.446242092
93.563252205
93.516056373
93.538395436
93.531093583
93.635316530
93.632047333
93.605891175
93.656550076
93.669809875
93.682220752
93.632563210
93.586926721
93.672270174
93.713867029
93.724388989
93.754834944
93.757887097
93.652537333
93.763747932
93.750711906
93.765058117
93.795637624
93.824179853
