0.000169065
0.000122295
0.000129726
0.000102495
0.000135813
0.000116969
0.000123162
0.000124791
0.000119109
0.000115364
0.000132817
0.000116227
0.000111608
0.000109878
0.000116303
0.000132011
0.000109581
0.000112998
0.002011704
0.000104639
0.000638035
0.000116770
0.000125923
0.000113062
0.000137876
0.000127184
0.005093583
0.000708317
0.000327382
0.000108558
0.001062546
0.001095699
0.001143272
0.000118748
0.000107357
0.000154914
0.000115426
0.000114548
0.000111571
0.000183455
0.000292239
0.000255126
0.000378000
0.000409971
0.000296054
0.000272569
0.000115881
0.000110558
0.001957957
0.003070877
0.000193717
0.000831082
0.000143591
0.000130883
0.000163781
0.000111210
0.000553727
0.000145071
0.000180113
0.000609625
0.003830590
0.000223084
0.000377782
0.000342224
0.000319009
0.000268586
0.000126022
0.000120654
0.002821046
0.003589789
0.002117461
0.001291028
0.000105291
0.000264619
0.000095732
0.000119532
0.002414707
0.000133256
0.000125263
0.000226191
0.000137465
0.000099136
0.000161330
0.002720342
0.001611398
0.000937904
0.000998409
0.003043696
0.000914031
0.000094492
0.000143322
0.000119907
0.000112705
0.000810483
0.000282897
0.000113641
0.000094894
0.001190677
0.000246051
0.000173164
