0.000219611
0.000398967
0.000183648
0.000439751
0.000331450
0.001465883
0.000378277
0.000386957
0.000209694
0.000387759
0.000202934
0.000209126
0.000202021
0.001174980
0.000382973
0.002953747
0.000216285
0.001119303
0.000425562
0.001676078
0.001173627
0.001575388
0.000419917
0.000512673
0.001750234
0.000390568
0.002077413
0.000800443
0.000186783
0.004681692
0.000584853
0.000786466
0.001421363
0.000651823
0.000700586
0.001657076
0.000473199
0.000391460
0.000206282
0.002491639
0.000297273
0.000370556
0.000488694
0.000231857
0.000709922
0.000235737
0.000177928
0.000532973
0.000193156
0.000220480
0.000188300
0.000214763
0.000212681
0.002320287
0.000370656
0.001095159
0.000287706
0.000648290
0.000192343
0.001362735
0.000212764
0.001745809
0.000343232
0.000515524
0.001154003
0.000192309
0.000192430
0.002223322
0.000258001
0.000194746
0.001599905
0.000579798
0.000201654
0.000594414
0.001143764
0.000714892
0.001433213
0.000226486
0.000165649
0.000496890
0.000209073
0.000199582
0.000468912
0.000486662
0.000204306
0.000190937
0.000369340
0.000202362
0.000206228
0.000197638
0.001924883
0.000200447
0.000206035
0.000218199
0.001451467
0.000191494
0.001307978
0.000195143
0.000199373
0.000196545
0.002036769
0.002352244
0.000190374
0.000192440
0.000434647
0.000802264
0.001741613
0.000979156
0.002184080
0.000581618
0.000174997
0.000178324
0.002216566
0.000332799
0.001313632
0.000546051
0.000285345
0.000441873
0.002433664
0.000964974
0.000185085
0.000190491
0.000204309
0.001510531
0.000427324
0.000203893
0.000185689
0.000203775
0.002066985
0.000202963
0.000215670
0.000201567
0.000194657
0.000193951
0.000198586
0.000196097
0.004205461
0.000191208
0.002433259
0.000926899
0.000663845
0.000384886
0.000506306
0.000446706
0.001004453
0.000784257
0.000196828
0.000651017
0.001381764
0.000427855
0.000559327
0.000650594
0.001748065
0.000190777
0.002224848
0.001095800
0.002492146
0.000192746
0.004808539
0.000285809
0.000198265
0.000188174
0.000196304
0.000195063
0.002696331
0.002572162
0.000193339
0.002206580
0.000189809
0.001118216
0.000423315
0.000358108
0.001236909
0.001716431
0.001562154
0.001203047
0.000569895
0.000800278
0.000612797
0.000938270
0.000213061
0.000666065
0.000174352
0.000334731
0.000368901
0.000205321
0.003218579
0.003059517
0.005302656
0.001673870
0.000405865
0.000980721
0.000200945
0.000964192
0.000186233
0.000199231
0.000169682
0.000563647
0.000581406
0.000200722
0.000198867
0.001573132
0.000366590
0.000196152
0.000343891
0.000637788
0.001026878
0.001064674
0.001881950
0.000199823
0.004596839
0.002663634
0.001737010
0.000200901
0.000193207
0.000320774
0.000581800
0.000357651
0.000332687
0.000198516
0.001636281
0.000970221
0.000335930
0.001148266
0.000182352
0.000195565
0.000179689
0.001778789
0.000341002
0.000252187
0.000164488
0.000343690
0.000200550
0.000186692
0.000349292
0.001543197
0.000302540
0.000182415
0.000201701
0.000214722
0.001100399
0.000219081
0.000191636
0.000330267
0.000356884
0.000494119
0.000194838
0.001260583
0.000188779
0.000216289
0.004070190
0.004158682
0.002365176
0.000504569
0.001172412
0.001309393
0.000202812
0.000189056
0.000369673
0.000193069
0.000498442
0.003735677
0.001007950
0.000271548
0.000528445
0.002581041
0.000521807
0.000390352
0.004093811
0.001045575
0.001463826
0.000697672
0.000272901
0.002689689
0.000194869
0.001315657
0.000290102
0.000959350
0.000168530
0.000443872
0.003824860
0.000273476
0.000541889
0.000209675
0.000206158
0.000442500
0.001859450
0.001025405
0.000739838
0.000660279
0.001236009
0.000834774
0.000196883
0.000193736
0.002625999
0.001834222
0.000604505
0.001106430
0.000220720
0.000221119
