0.002259153
0.002216196
0.003410160
0.006226768
0.026672973
0.025973263
0.026930644
0.027445464
0.028281590
0.054887442
0.057549245
0.056827044
0.057391811
0.058260935
0.086062038
0.089572844
0.089622909
0.090052223
0.091372465
0.092495146
0.119042366
0.119492727
0.120444875
0.121678709
0.144977211
0.146286888
0.147459229
0.148207739
0.148996044
0.150193586
0.151086957
0.176542430
0.177737844
0.178559832
0.179653675
0.313171591
0.314395984
0.314361133
0.315534727
0.316047858
0.317130206
0.318386837
0.319633033
0.320324525
0.321330642
0.322559966
0.323630321
0.324326561
0.325741492
0.326218293
0.327241442
0.327708151
0.329035708
0.329929907
0.330318632
0.331576220
0.332539210
0.333594292
0.334229299
0.335247866
0.336184045
0.337245975
0.338409269
0.339474093
0.340466660
0.341889389
0.343088741
0.344356723
0.345362447
0.346182898
0.346991343
0.347370399
0.348666323
0.348374934
0.348301861
0.347125109
0.348250832
0.348864736
0.350220384
0.351388484
0.352272642
0.352503773
0.353945181
0.355300296
0.355974451
0.357096372
0.358107095
0.359169141
0.359661864
0.360391170
0.361358806
0.362766811
0.363561679
0.364534985
0.365815541
0.366616087
0.367983571
0.369245846
0.370664589
0.371863300
0.373231349
0.374466850
0.375480113
0.376395424
0.377638913
0.378869461
0.380168721
0.380777615
0.380982790
0.382126173
0.383454877
0.384309352
0.385160428
0.386045740
0.387149356
0.387853258
0.388662476
0.390013659
0.391081566
0.391377667
0.392768093
0.393732417
0.395013535
0.395853154
0.396477527
0.397771716
0.398842688
0.400024720
0.401104976
0.402379827
0.403760476
0.404734557
0.405378648
0.426076417
0.426580531
0.427789943
0.428347850
0.429461848
0.429963776
0.430770825
0.430921042
0.432171038
0.433508931
0.434055490
0.435308471
0.452918165
0.453469193
0.454647199
0.455435839
0.455350572
0.456761447
0.456703572
0.457714508
0.459157581
0.459661828
0.460588951
0.461848039
0.462745000
0.463861474
0.482507690
0.483636696
0.483802260
0.484605304
0.485896354
0.487407944
0.488021412
0.489324158
0.490265899
0.491540711
0.492670169
0.493944409
0.495179111
0.519929608
0.519504028
0.520383475
0.521099933
0.521470422
0.522661214
0.523026236
0.522900059
0.523915608
0.524851663
0.526223993
0.527258364
0.551938972
0.552775068
0.553752597
0.554712585
0.555169714
0.556275840
0.557505485
0.557958364
0.558626027
0.559956759
0.561114138
0.561903648
0.585423520
0.585918128
0.586563555
0.587337782
0.588340582
0.589418400
0.590271559
0.591438821
0.592565425
0.593664289
0.594742554
0.619597681
0.620478609
0.621408982
0.622430675
0.623470714
0.624768360
0.625349733
0.626441452
0.627079811
0.628156383
0.628641499
0.629537767
0.653392950
0.654441276
0.655236769
0.656274317
0.657348438
0.658150722
0.659257623
0.660234702
0.661394558
0.662228546
0.662164583
0.662506565
0.688497964
0.688985839
0.689744138
0.689981421
0.691278175
0.692562941
0.692807160
0.694075798
0.693350306
0.693674678
0.694594884
0.694234319
0.718650764
0.719622395
0.720162985
0.720613788
0.721432260
0.722131191
0.723276048
0.724217245
0.725260825
0.726363431
0.727217000
0.728370299
0.753848301
0.754874530
0.755795199
0.756574915
0.757690474
0.758960277
0.760157904
0.761260455
0.761771638
0.762709890
0.762830719
0.764069218
0.789160292
0.790422706
0.791724267
0.792077491
0.793351530
0.794368397
0.795317117
0.796577233
0.797401441
0.798215572
0.798929926
0.893139022
0.893643429
0.894501698
0.893965420
0.894942820
