0.000171214
0.000109970
0.000128113
0.000142171
0.000208128
0.000128591
0.001168342
0.000137205
0.001439772
0.000243141
0.000408011
0.000138623
0.000116120
0.000126904
0.000149195
0.000134759
0.000118071
0.001911637
0.000138895
0.000263226
0.000224326
0.000327404
0.000359116
0.000158175
0.000118005
0.001306549
0.004276827
0.001690178
0.000950114
0.000113017
0.002755542
0.000250300
0.000108604
0.000123038
0.000459074
0.000427700
0.000375076
0.000330086
0.000164483
0.000130023
0.000747245
0.000196676
0.001091341
0.000127096
0.000157404
0.000133327
0.000174491
0.001741639
0.000848039
0.000269314
0.000116909
0.000344881
0.001470954
0.000546608
0.000137155
0.000112875
0.000131468
0.000152365
0.002594551
0.000142808
0.000109739
0.000119139
0.000108611
0.000129315
0.000123058
0.002441664
0.000342618
0.000216028
0.001047892
0.000216568
0.001894358
0.002217877
0.000337664
0.001146010
0.001640388
0.000157474
0.000137192
0.000210035
0.000324878
0.001029284
0.000353464
0.003052176
0.001060403
0.000337571
0.000498867
0.000245441
0.000163596
0.000208438
0.001204927
0.000659734
0.000461968
0.000784390
0.000128028
0.000122228
0.004028460
0.000151085
0.000145270
0.000749191
0.000222865
0.000401890
