0.000242257
0.000288029
0.000294180
0.000416387
0.000217259
0.000202725
0.000213970
0.002739370
0.000212398
0.000188269
0.000202723
0.000344502
0.000196825
0.000205320
0.000212127
0.002850008
0.000367451
0.000489003
0.001153267
0.000489810
0.000482201
0.000505434
0.000564151
0.000523897
0.000345929
0.003500367
0.000401539
0.005735873
0.001571155
0.000388782
0.000610383
0.000731702
0.000375993
0.000310551
0.000814786
0.002232737
0.003376797
0.004156204
0.005015467
0.000211295
0.001384572
0.000525490
0.001142598
0.002167987
0.001020331
0.000402483
0.000394299
0.000211740
0.004105260
0.000357531
0.001198209
0.001771394
0.001065758
0.001180296
0.000525212
0.000507923
0.001515809
0.000554331
0.000355220
0.002298449
0.000191298
0.001304235
0.000396907
0.001886788
0.000378580
0.000485997
0.000204926
0.000797851
0.000212671
0.002205629
0.000226229
0.000205709
0.001883356
0.000289015
0.000362605
0.000201146
0.000226481
0.000369949
0.000828235
0.004077114
0.002471288
0.000256049
0.000370515
0.003343235
0.000312366
0.000402090
0.000671519
0.001826712
0.000396194
0.002285006
0.000600508
0.000486203
0.000312620
0.000515539
0.000518821
0.000238049
0.001205703
0.000330807
0.001290300
0.000529822
0.001015241
0.003429871
0.000352133
0.000659106
0.000355880
0.000420314
0.000349749
0.000355064
0.002535754
0.000219469
0.000366549
0.000807702
0.000322581
0.000231425
0.001547282
0.000191389
0.003283214
0.002578718
0.000880170
0.000300175
0.000187379
0.001577705
0.000703066
0.000517625
0.000481166
0.000215482
0.001665004
0.000388399
0.000195103
0.000201127
0.000191525
0.000197137
0.002772474
0.000203147
0.006742132
0.000207559
0.000205280
0.000187011
0.000386536
0.000193469
0.000696360
0.000664178
0.000415654
0.000354726
0.000821310
0.003049728
0.000201547
0.001126714
0.000219720
0.000376015
0.000206979
0.000502277
0.000198356
0.000212507
0.000746530
0.000197484
0.000357598
0.000229873
0.000343843
0.002714455
0.000196411
0.001074525
0.000218719
0.000189659
0.000209823
0.000196873
0.004245148
0.000189105
0.000208831
0.000185496
0.000199321
0.000353141
0.001718913
0.000351227
0.001561693
0.002084223
0.000283159
0.002503872
0.000350614
0.003146181
0.000188757
0.003895562
0.000947031
0.000418646
0.000190755
0.002979589
0.000861890
0.000410407
0.000859846
0.000404770
0.000174202
0.001253436
0.000212026
0.000903440
0.000398420
0.000586320
0.000449131
0.000186977
0.000193546
0.000217495
