0.000325779
0.000421852
0.000327799
0.000249234
0.000570933
0.000611562
0.000294040
0.000235439
0.000325221
0.000271888
0.000246398
0.000514099
0.000260823
0.000283837
0.003169803
0.000280259
0.000232206
0.000643516
0.000543940
0.000347103
0.000822420
0.000251554
0.000223743
0.000613518
0.000230151
0.004183111
0.000208867
0.000229347
0.000417361
0.004666137
0.000233958
0.004562879
0.000618024
0.000281480
0.001293746
0.000233631
0.001079642
0.000249242
0.000669064
0.001358577
0.003806962
0.001086629
0.001465045
0.000498004
0.006433241
0.002384805
0.000283944
0.000294038
0.000446925
0.000777731
0.003758748
0.002120504
0.000317658
0.000640420
0.000225661
0.000443902
0.000321073
0.000867061
0.000242159
0.000249254
0.000220782
0.000215462
0.000237095
0.000249122
0.001738773
0.000441357
0.000263001
0.000422382
0.001882265
0.002472444
0.001525170
0.000649018
0.000263637
0.001209203
0.000242943
0.002298537
0.000420970
0.001102080
0.000420066
0.000507052
0.000597681
0.001443728
0.000243076
0.003166540
0.001891018
0.000426118
0.005325472
0.000646431
0.002280211
0.001093722
0.004509907
0.000487986
0.002040392
0.000565059
0.000364447
0.000252270
0.000250363
0.000873086
0.000264884
0.000247957
0.000643366
0.000777730
0.000672086
0.000216057
0.000333739
0.004519735
0.000311356
0.001633480
0.001598260
0.002825050
0.003249585
0.000442150
0.000519448
0.001534210
0.000554770
0.003103715
0.001029931
0.000725947
0.001284214
0.000239276
0.000387332
0.001667454
0.000247999
0.000239088
0.000233774
0.000307820
0.000250108
0.000304021
0.000258112
0.000438939
0.000698677
0.000262037
0.000439185
0.000245910
0.000257130
0.001692114
0.000571025
0.000996173
0.000678004
0.001283095
0.000462950
0.000351523
0.000226117
0.000267273
0.000340226
0.001817886
0.001988809
0.002501049
0.005313689
0.001985026
0.000447637
0.003014832
0.004137183
0.001368500
0.000429185
0.001402049
0.000251962
0.001412463
0.002431145
0.000426367
0.000255748
0.000237736
0.002961218
0.000356108
0.000790005
0.000753926
0.000866748
0.000229270
0.000363671
0.001473129
0.000788112
0.000411513
0.004113850
0.001836203
0.001793730
0.002712559
0.000374575
0.000826478
0.000485414
0.001298068
0.000355606
0.000455426
0.000902920
0.000410753
0.001106493
0.000270446
0.000475825
0.000610141
0.000238580
0.000805403
0.000242845
0.000240537
0.000395792
0.000256883
0.000205322
0.000258102
0.000231852
0.000422747
0.000536794
0.000279246
