0.002372416
0.002375887
0.005093668
0.020121328
0.017639168
0.019777878
0.019609575
0.020759964
0.021359253
0.022334067
0.037387595
0.039075140
0.040496419
0.040656163
0.041569139
0.042556868
0.043339340
0.065583736
0.067350175
0.068864533
0.068641711
0.069768979
0.071714275
0.097588359
0.098773933
0.099877287
0.100871329
0.101095929
0.103585275
0.128253973
0.129295294
0.130203173
0.130800678
0.131981961
0.149544250
0.150838389
0.151603586
0.153086092
0.153752683
0.154527438
0.169732395
0.170194612
0.170117635
0.171368867
0.171727932
0.172100413
0.173319268
0.174438512
0.175645032
0.176538303
0.177075248
0.188576818
0.188745722
0.189840239
0.190931728
0.191356230
0.192574942
0.193504058
0.209944357
0.211164048
0.211681094
0.212839213
0.213580036
0.214539540
0.215693125
0.216549383
0.230716006
0.231211649
0.232267663
0.232414413
0.233505187
0.234398798
0.235056962
0.235697730
0.236901623
0.237743748
0.239081974
0.240320210
0.241555507
0.242838123
0.243774216
0.244513595
0.245098061
0.245727371
0.246789907
0.264090542
0.264511616
0.265584939
0.266743704
0.267850460
0.268923790
0.269879375
0.270775543
0.271978891
0.273246278
0.274628512
0.275798167
0.277178621
0.278167129
0.278958431
0.280189163
0.281397616
0.282635794
0.283090404
0.299103748
0.300303766
0.300543584
0.301614712
0.300201765
0.301173658
0.302152912
0.301688949
0.302800267
0.302766992
0.303712975
0.303679440
0.304491999
0.305197471
0.306190925
0.307411016
0.307921722
0.330618351
0.331762600
0.332977237
0.333838494
0.334914397
0.335299411
0.336202870
0.337274848
0.338273204
0.339126705
0.339781344
0.340837242
0.341973538
0.342447994
0.343078985
0.361451861
0.362632391
0.363333646
0.364484763
0.365428685
0.366486622
0.367493408
0.368519924
0.369284225
0.370218132
0.370833820
0.371125797
0.371898642
0.372870166
0.399359327
0.399460613
0.400672287
0.401042002
0.401886010
0.402627581
0.403593912
0.404251796
0.405240555
0.406378657
0.406740640
0.407808327
0.432312280
0.433197887
0.434308529
0.435646380
0.436859906
0.437467897
0.438427685
0.439182358
0.440292879
0.441776751
0.441951592
0.442998249
0.443108417
0.465243347
0.465311774
0.471013882
0.466071393
0.466427163
0.467620905
0.468793102
0.469775031
0.470902827
0.471702463
0.472639249
0.473830038
0.498184931
0.499089005
0.499493426
0.500553272
0.501626547
0.502316315
0.503073474
0.504260040
0.505215249
0.505916167
0.507259052
0.508108984
0.533094709
