0.001799917
0.002336596
0.003836948
0.027832565
0.027501600
0.026417209
0.025781117
0.052437025
0.052042226
0.053521778
0.053238185
0.054098049
0.079436560
0.080947321
0.080932008
0.079941167
0.106150975
0.107593183
0.108334551
0.109109051
0.130544190
0.131390420
0.131755764
0.132291888
0.132677065
0.159039448
0.159785248
0.160515457
0.161063470
0.161534030
0.162145351
0.182449871
0.183392279
0.184263120
0.184838478
0.185630702
0.186168297
0.197815495
0.198786779
0.199574646
0.200555472
0.201244187
0.201898372
0.214511966
0.215430245
0.216159346
0.216762083
0.217048271
0.217769411
0.230357959
0.230608690
0.231071919
0.231700056
0.232657322
0.245800209
0.245884210
0.246623412
0.247326250
0.247528020
0.263708896
0.264512310
0.265368876
0.265690594
0.266573949
0.280769223
0.281160123
0.281638174
0.281780322
0.281687455
0.282717445
0.297225765
0.297701956
0.298389953
0.299142347
0.300156582
0.312201501
0.312894842
0.312600497
0.313229545
0.314245947
0.325617099
0.325492941
0.325553602
0.325954572
0.325316354
0.339420526
0.340211238
0.340898155
0.341796243
0.341533739
0.352300332
0.353263302
0.354102975
0.354975401
0.367526252
0.368265856
0.369113836
0.369963940
0.370710608
0.371457974
0.382053749
0.382326432
0.382829601
0.383545219
0.397511553
0.398257104
0.399124239
0.399946357
0.400842499
0.401388577
0.412998468
0.413968072
0.414849270
0.415734299
0.416027750
0.429430097
0.429672669
0.430482815
0.431168818
0.430999967
0.443799190
0.442979550
0.443245415
0.444044444
0.444766240
0.445508507
0.457121051
0.457536249
0.457761620
0.458564614
0.459363662
0.472124132
0.472738028
0.473471017
0.473683203
0.474450064
0.486298991
0.485957531
0.486688633
0.487305171
0.487684591
0.500311154
0.500408981
0.501237286
0.500950526
0.501351007
0.514268523
0.515003938
0.515034946
0.515764238
0.516528325
0.529119908
0.529637360
0.530479304
0.530297225
0.530514814
0.544075332
0.543884738
0.544782784
0.546458562
0.546489204
0.558921986
0.559146421
0.559785060
0.560374433
0.561346644
0.573984475
0.573957397
0.574819185
0.575666748
0.576212049
0.589624232
0.590031993
0.590033975
0.590863305
0.591472947
0.591201306
0.592055556
0.602098440
0.602979753
0.603566518
0.603612455
0.616510631
0.617057624
0.617796372
0.618270742
0.619184334
0.619742452
0.631564418
0.632386215
0.632972281
0.633246327
0.633695256
0.634405498
0.647054759
0.647727822
0.648107912
0.648975775
0.649438956
0.649907238
0.665083895
0.665206469
0.666049881
0.666220542
0.667115636
0.667926595
0.668557680
0.682605729
0.683034204
0.683899469
0.684780855
0.685117222
0.686109138
0.685933552
0.686656336
0.686494484
0.686381006
0.686998014
0.686956057
0.687351165
0.687872716
0.688890108
0.689524492
0.702678649
0.702803608
0.703609698
0.704542728
0.704289246
0.705143307
0.705461566
0.706047486
0.706473328
0.706998795
0.707582067
0.708280824
0.708558718
0.709280286
0.710206649
0.724972351
0.725442908
0.726000693
0.726793099
0.727104342
0.727860756
0.728615359
0.729211199
0.729642603
0.730148446
0.731024382
0.745385567
0.746175282
0.746916841
0.747290819
0.748283617
0.749181168
0.749136450
0.750163898
0.750093299
0.750700388
0.750917262
0.750715316
0.751357884
0.751521199
0.773724008
0.774223189
0.774606938
0.774838517
0.775393799
0.776060804
0.776822474
0.777425192
0.777997042
0.778697635
0.798589186
0.799175401
0.799527071
0.799515798
0.799639857
0.800167482
0.800768675
0.801469207
0.802006658
0.802412580
