0.000174370
0.000165184
0.000648837
0.001010016
0.000118383
0.000500292
0.000110654
0.000357254
0.000147141
0.000151390
0.000121081
0.000132740
0.000154440
0.003056343
0.000201882
0.000404234
0.000135142
0.000137777
0.000119116
0.002328959
0.000140229
0.000127417
0.000139224
0.003414223
0.002544286
0.000265985
0.000113971
0.000150300
0.000217948
0.004033749
0.001935853
0.001003681
0.000336623
0.000133666
0.000124345
0.000134415
0.000201502
0.000133126
0.000209594
0.000111804
0.000107429
0.001974834
0.001913775
0.000151178
0.000242104
0.001082537
0.000227040
0.000264310
0.000229586
0.001299876
0.000676355
0.000315501
0.001034796
0.000594895
0.006700460
0.000162007
0.000356810
0.000310876
0.000307938
0.001781405
0.000110387
0.001022388
0.001261608
0.000118425
0.001567026
0.000548998
0.000541232
0.000381866
0.000301279
0.000113822
0.000199061
0.000101456
0.000189973
0.000802188
0.000334560
0.000137165
0.000933794
0.000364647
0.001346396
0.000123034
0.001027450
0.000110150
0.000119472
0.000425250
0.000197997
0.000324438
0.001300536
0.001561232
0.000149756
0.000319005
0.000451071
0.000252305
0.000111508
0.000110790
0.000109262
0.000111197
0.003105214
0.001366237
0.000115818
0.002852792
0.000317922
0.001705852
0.002139089
0.001082731
0.000199685
0.000145699
0.000800453
0.000129735
0.001577704
0.000277329
0.000101107
0.000395328
0.000411805
0.000109759
0.000113331
0.000145880
0.000125158
0.000327951
0.001559613
0.000249863
0.000109590
0.003152317
0.000153393
0.000372518
0.000127935
0.000657312
0.002325887
0.001267293
0.000110825
0.000935136
0.000717933
0.001330766
0.000217703
0.001108594
0.000110834
0.000340349
0.000336303
0.000246020
0.000323882
0.000375177
0.000331416
0.000326594
0.000108983
0.000140866
0.000105166
0.001353291
0.000612538
0.002495719
0.001466208
0.000993398
0.000621512
0.000122797
0.000795380
0.000120956
0.001073270
0.000215157
0.001368045
0.000985247
0.000116536
0.001384939
0.000297832
0.000414213
0.000145750
0.000114844
0.000780503
0.000136941
0.003340750
0.001063996
0.001301777
0.000193052
0.000354500
0.000114837
0.000123521
0.000985812
0.000110825
0.001730389
0.000255577
0.000148616
0.001021321
0.000455045
0.000106781
0.002466437
0.000109955
0.000561497
0.000328733
0.000266526
0.002635336
0.000456971
0.001766630
0.000982819
0.000334125
0.000466560
0.000191017
0.000341375
0.000131736
0.000356438
0.001020720
0.000110396
0.000633378
0.001037284
0.000133776
0.001404979
0.000305900
0.001054400
0.001192558
0.000102804
0.000608201
0.001031551
0.000112537
0.003463417
0.001333438
0.001132436
0.001630023
0.000704491
0.000145331
0.000347772
0.003490381
0.000107874
0.000197320
0.000457030
0.000117076
0.001067442
0.002914466
0.001796108
0.002314114
0.000837099
0.000113767
0.001010550
0.000197129
0.000356619
0.000126028
0.000107333
0.000360723
0.000130362
0.000703697
0.000126378
0.000107133
0.000348374
0.000189387
0.000108461
0.000360888
0.000912371
0.000116796
0.000115759
0.002110113
0.000117669
0.000879170
0.000108452
0.002445878
0.001201791
0.004206035
0.000110525
0.001054303
0.000124800
0.002072707
0.000134511
0.000351999
0.000190935
0.000352538
0.000115456
0.002242631
0.001346041
0.000187557
0.000122755
0.000103160
0.000354098
0.000122509
0.001018604
0.000367543
0.000461194
0.000382905
0.001467330
0.001578977
0.000673356
0.000121176
0.000111624
0.002537945
0.002459944
0.003092490
0.001526693
0.001734654
0.000233250
0.000834525
0.000362420
0.000370948
0.000127216
0.000108204
0.001560917
0.003059732
0.000183501
0.000377672
0.001153765
0.002663170
0.001746189
0.000128778
0.000106759
0.000871339
0.001008107
0.000109541
0.000929523
0.000396867
0.000455348
0.000129383
0.000368373
0.000127083
0.000127274
0.000375115
0.000123569
0.000437502
0.000113911
0.000463222
0.000115884
0.001007078
0.001050810
0.003547535
0.002518551
0.001568573
0.000117328
0.001462494
0.002514757
0.002363739
0.001397631
0.000367573
0.000995432
0.000550356
0.000116630
0.002252201
0.001091407
0.000151103
0.000524941
0.000102239
0.000098890
0.001006717
0.000224637
0.000391211
0.000152749
0.000315531
0.000726927
0.000125627
0.000401282
0.000203604
0.001374388
0.000203084
0.000111316
0.000975125
0.000099220
0.000387005
0.002860791
0.001236015
0.000108748
0.002231427
0.000201239
0.001529270
0.000548870
0.001126787
0.000320721
0.001381784
0.000522296
0.001968758
0.000127007
0.001600505
0.001041570
0.002659273
0.001190381
0.003503415
0.000312820
0.000278271
0.000230182
0.000129732
0.000987722
0.001775309
0.000115543
0.000143647
0.000114598
0.000203787
0.000109843
0.001885077
0.003444534
0.002184318
0.001278858
0.000104761
0.001721649
0.000118032
0.001019186
0.000159855
0.000227391
0.000397319
0.001448744
0.001544139
0.000112528
0.000423245
0.001678447
0.000890369
0.000181167
0.000307013
0.000110086
0.000981094
0.000122814
0.000740168
0.000407153
0.000114944
0.001008589
0.000127112
0.001009138
0.001415818
0.000137749
0.000118796
0.000391875
0.001010595
0.000106320
0.001397378
0.001011800
0.000108808
0.002643170
0.001309035
0.001453638
0.000468212
0.001389005
0.000205508
0.001224428
0.000971716
0.001635750
0.000196335
0.000865066
0.001013898
0.000107797
0.001000048
0.000151169
0.001927974
0.001060876
0.000115400
0.001013419
0.000114257
0.001034625
0.001069462
0.002379484
0.000144491
0.000118491
0.000199330
0.000604707
0.000385102
0.001268155
0.000246070
0.000098281
0.001970775
0.000385300
0.001744911
0.001090874
0.003328288
0.001076468
0.001983455
0.000968973
0.001101587
0.000204581
0.000852223
0.000415807
0.000666972
0.000445449
0.000120518
0.000213799
0.000186825
0.000413656
0.000139384
0.003513694
0.001121292
0.000197347
0.001083143
0.000117909
0.000461120
0.000196081
0.000112495
0.000107671
0.000112764
0.000983345
0.001735750
0.000111591
0.000545918
0.000411179
0.000438452
0.000563632
0.000123461
0.000996105
0.002407530
0.001562958
0.001895159
0.000605710
0.000132741
0.000526092
0.000111465
0.001051280
0.000118399
0.000152973
0.002359465
0.000125101
0.000995117
0.000124483
0.000982698
0.000110190
0.001400789
0.002478835
0.001524267
0.000119011
0.001036232
0.001079188
0.002638679
0.004799036
0.000141914
0.000100863
0.000754422
0.000124349
0.001548141
0.000121615
0.000114528
0.000465279
0.000103279
0.000099267
0.000133746
0.002358518
0.001466076
0.000196787
0.000440364
0.000123830
0.000131059
0.000384787
0.000144620
0.000130633
0.000109620
0.000443664
0.000110339
0.000110284
0.000476847
0.000148697
0.000264447
0.000131551
0.000113876
0.000966095
0.001035176
0.000109799
0.000471146
0.003286876
0.000153442
0.000179206
0.000477652
0.000975184
0.003065867
0.000471237
0.002135245
0.000196363
0.000175835
0.000103470
0.000130725
0.002332570
0.001113995
0.001633116
0.000275642
0.000209075
0.000471973
0.000139337
0.001010962
0.000159750
0.000116403
0.000119512
0.000919127
0.000135970
0.000151448
0.000191996
0.001527212
0.000164102
0.000187871
0.000769464
0.001300590
0.000128425
0.000526346
0.000106831
0.000464226
0.000486508
0.001991620
0.000410614
0.001899105
0.002754484
0.000117407
0.000727197
0.004156955
0.002381362
0.001688889
0.000329889
0.001129092
0.000668707
0.000767516
0.000398329
0.000128392
0.000108729
0.000131080
0.000622804
0.002564145
0.001075131
0.001782825
0.000125867
0.000117951
0.000117701
0.002228259
0.000160841
0.000184108
0.000484914
0.001017850
0.002663703
0.001702055
0.000195687
0.000106015
0.003481556
0.000178342
0.001313245
0.000106072
0.001098659
0.001363161
0.000476447
0.000598495
0.000166332
0.000094793
0.001065880
0.000111912
0.000119717
0.000439312
0.000113040
0.000154984
0.002299318
0.000156038
0.000375287
0.000104546
0.000359988
0.000269984
0.003055925
0.000353380
0.001231581
0.000099092
0.000477989
0.001089436
0.000135924
0.000261745
0.000101632
0.002492522
0.000111830
0.004636752
0.000193707
0.001160463
0.000723930
0.000531538
0.000833620
0.000108327
0.000509492
0.000107863
0.000507699
0.000125937
0.001363304
0.000110477
0.002396895
0.000142120
0.002072724
0.000110130
0.000650754
0.000828543
0.001182017
0.000109933
0.000595138
0.000108236
0.002519260
0.000786192
0.000214988
0.001816440
0.000658752
0.000717273
0.000106651
0.000458008
0.000264838
0.002310617
0.000110265
0.001971496
0.001293616
0.000114220
0.002052463
0.000131381
0.001446554
0.001709216
0.000722335
0.000113109
0.003536855
0.001041333
0.000979613
0.000132138
0.005019538
0.004084002
0.003194152
0.000107024
0.000398817
0.002278683
0.001024503
0.000539712
0.001448924
0.002059194
0.001436359
0.000464006
0.000104034
0.002762178
0.000778920
0.000097758
0.000124910
0.000924416
0.001368379
0.001891235
0.000499404
0.001221978
0.000514604
0.000132504
0.000136211
0.000506150
0.000527253
0.001707220
0.000123549
0.000531972
0.000134152
0.000131332
0.001373217
0.000209742
0.003239361
0.002327563
0.000401938
0.000463421
0.004046896
0.000896906
0.000183095
0.002065734
0.000119209
0.001266945
0.000984190
0.001790460
0.000899836
0.001768847
0.000152961
0.000494938
0.000538173
0.000181904
0.000765624
0.000440601
0.000714663
0.000500130
0.000496940
0.000635307
0.000490496
0.000133007
0.002503157
0.000111616
0.001554004
0.000110765
0.000211391
0.000124592
0.000998230
0.000416926
0.003548062
0.001887254
0.000506161
0.000125392
0.001438044
0.000840350
0.001008904
0.000110712
0.000382450
0.001748024
0.002417953
0.000746853
0.000106012
0.000453691
0.000503594
0.001034404
0.000112053
0.001032040
0.000114305
0.002193251
0.001148867
0.000204352
0.000517203
0.000111170
0.000122337
0.000261693
0.000127868
0.004970176
0.000154677
0.000348465
0.000186817
0.000351748
0.000762622
0.002484229
0.002717774
0.001768873
0.001181659
0.000353804
0.000136195
0.000163130
0.001083813
0.000601523
0.001081825
0.000606430
0.000500887
0.000270011
0.001472268
0.001030106
0.000953910
0.000118198
0.001116931
0.000527927
0.000214061
0.001599907
0.003160752
0.001123071
0.000915928
0.001982395
0.002534541
0.000204444
0.001143674
0.000133200
0.000582707
0.000589977
0.000307855
0.000340768
0.000104370
0.000678057
0.000123004
0.002094504
0.001625397
0.000468537
0.002560683
0.000619508
0.000317051
0.001101671
0.000512134
0.000115132
0.004338675
0.003285898
0.000265941
0.000395295
0.000573565
0.000123660
0.000132619
0.001697034
0.003321128
0.001116913
0.000492767
0.000107241
0.000527291
0.001930683
0.000373748
0.000109988
0.001457935
0.000528427
0.000386445
0.000461510
0.001845599
0.000113672
0.001247010
0.001323314
0.000722647
0.000133593
0.000123254
0.000507127
0.000525651
0.000137120
0.000497520
0.000125516
0.000161979
0.000521453
0.000658174
0.000111429
0.000594801
0.000150237
0.000277501
0.000113504
0.000833978
0.000178854
0.000199608
0.000207856
0.000611243
0.001111757
0.000194144
0.002520681
0.000689013
0.000819090
0.001991341
0.001231872
0.000229286
0.000219835
0.000109295
0.000122853
0.001006260
0.001137542
0.004281650
0.002573141
0.004294592
0.000715780
0.000594159
0.000108922
0.000136813
0.000130946
0.002793508
0.004693621
0.001003282
0.000644352
0.000865150
0.003285500
0.000215355
0.000117803
0.000850252
0.000117103
0.000613551
0.000119840
0.000583108
0.000113267
0.002394499
0.000248750
0.003409104
0.001727584
0.000126781
0.000120979
0.001351692
0.000174957
0.000596129
0.003841221
0.000303907
0.000107843
0.001673370
0.002805798
0.001194350
0.000166862
0.000193532
0.000140672
0.001060380
0.005426038
0.001034640
0.000532257
0.000663686
0.002977555
0.001490112
0.000137895
0.001038255
0.001151720
0.000503863
0.000122996
0.000721493
0.000127123
0.003087345
0.000121670
0.000811018
0.000628667
0.001347880
0.003244032
0.002288213
0.000147116
0.001579324
0.000603191
0.000131199
0.001306450
0.000265403
0.000118994
0.000864166
0.000111050
0.000205248
0.001544545
0.003212270
0.001190381
0.001942278
0.000110916
0.000335409
0.002009967
0.000119021
0.000126220
0.001047239
0.000117213
0.000131006
0.000217342
0.000126651
0.000594505
0.001392988
0.000142690
0.000258766
0.000176196
0.000107383
0.001143798
0.001053223
0.000623232
0.001264268
0.000515982
0.000619618
0.000150460
0.000138887
0.000590020
0.000239767
0.000180900
0.001756228
0.001060651
0.000180025
0.000200505
0.000120751
