0.000248682
0.000207601
0.000207244
0.000216378
0.000224658
0.000201357
0.000810119
0.000853571
0.000229692
0.000515413
0.000490279
0.000234626
0.000207269
0.002832634
0.000186703
0.000184113
0.000573581
0.000969016
0.000351351
0.000216926
0.003357331
0.002483477
0.000214127
0.000947609
0.003158592
0.000326087
0.000897302
0.000599623
0.000568822
0.000199956
0.001081988
0.000196819
0.000202206
0.000341256
0.001038705
0.000210614
0.001454316
0.000303195
0.001272059
0.000209618
0.000956957
0.000586158
0.000395905
0.000391466
0.000249865
0.000396920
0.000208072
0.000188078
0.000362656
0.000832553
0.000314317
0.000174533
0.000475302
0.000777185
0.002772534
0.003265723
0.001039104
0.000455828
0.000579327
0.000249383
0.000209008
0.001983244
0.000896737
0.001038729
0.000219027
0.000211831
0.000356206
0.000376503
0.000995019
0.000950529
0.000493133
0.002061165
0.000324412
0.000219502
0.000407340
0.000625204
0.000229335
0.000202503
0.000209364
0.000227901
0.003312235
0.000197317
0.000261669
0.000290516
0.000505563
0.000441666
0.000200584
0.000230160
0.000344283
0.000181644
0.001027408
0.000200047
0.001632375
0.000205968
0.000692301
0.000409076
0.001123079
0.001025698
0.003599634
0.001543435
0.000798703
0.000448936
0.000555931
0.000211210
0.000200030
0.002615745
0.000211737
0.000187806
0.000490142
0.001260151
0.000210559
0.001311440
0.000222247
0.000409237
0.000208084
0.000239952
0.000233897
0.000373226
0.000390898
0.000210577
0.000416907
0.000700367
0.000333733
0.002182351
0.000205016
0.003584891
0.001157888
0.000840890
0.000445049
0.001700733
0.000194833
0.000387907
0.002213687
0.001973630
0.002091604
0.000372450
0.000191866
0.000815613
0.000344299
0.000205022
0.001321495
0.000305225
0.000182352
0.000200582
0.000595484
0.000227893
0.000215107
0.000203338
0.001518695
0.000219400
0.000364333
0.000374393
0.000204798
0.000214454
0.002226336
0.000172504
0.000518500
0.000203675
0.000184611
0.000197340
0.001521622
0.000353104
0.000446002
0.000342169
0.000393905
0.000424195
0.000247966
0.001019519
0.001967835
0.000678746
0.002908660
0.001373961
0.000930707
0.000368793
0.000390782
0.003129597
0.001444698
0.000228553
0.000222976
0.000398418
0.002475291
0.000379928
0.000359481
0.000187099
0.001493482
0.000181222
0.002524972
0.003721089
0.002005592
0.000790901
0.000853864
0.000544454
0.000515618
0.000608700
0.001227205
0.000383148
0.000205190
0.000237481
0.000215450
0.000221229
0.000355055
0.000399388
0.000300799
0.000445933
0.000793834
0.001307398
0.000384789
0.002063923
0.000716017
0.000190469
0.001184831
0.001305613
0.000214151
0.005067211
0.000202406
0.000445195
0.003361429
0.000207690
0.000392546
0.000198872
0.003212066
0.000601648
0.000396921
0.000624164
0.000196732
0.002060474
0.003996135
0.000466234
0.000424556
0.003091444
0.000293798
0.000399151
0.002773195
0.000527195
0.001765018
0.000782027
0.000912084
0.000206055
0.000254619
0.000564915
0.005094072
0.000190470
0.001340598
0.000327775
0.001071998
0.000301185
0.001540694
0.000360713
0.000354909
0.003132115
0.000193604
0.000226448
0.000682950
0.000609349
0.003819294
0.000996585
0.000368263
0.002135953
0.000222133
0.000624409
0.002590132
0.000536877
0.000437857
0.000398596
0.000425756
0.001811335
0.000244616
0.000215264
0.000208675
0.002124994
0.000358391
0.002030218
0.000201689
0.001028099
0.000440784
0.002704046
0.001961931
0.001644765
0.000270106
0.002056053
0.001377790
0.000529836
0.000274082
0.000750692
0.000234845
0.000202440
0.000222794
0.000422594
0.000211108
0.000179708
0.000648058
0.000444405
0.000640631
0.000205189
0.000206933
0.000208861
0.001842546
0.000288060
0.000343906
0.000275033
0.000203968
0.000349376
0.002958767
0.000198489
0.001991861
0.000184280
0.000818349
0.000211260
0.001705885
0.000390832
0.001181211
0.000198576
0.001803991
0.002806463
0.001830242
0.000497506
0.000472737
0.001789943
0.000274072
0.001997753
0.000313153
0.000513465
0.000847172
0.000649899
0.000775261
0.000216902
0.000198406
0.002335000
0.001948300
0.002295969
0.001408507
0.000377269
0.000659598
0.001913008
0.000246954
0.000345144
0.000201225
0.001145654
0.000540322
0.000179674
0.004105468
0.002105383
0.002171936
0.003262121
0.003156597
0.000511745
0.001256776
0.000294625
0.000596933
0.000194826
0.000210556
0.000456720
0.000703594
0.001179158
0.000400461
0.000323809
0.000208588
0.000390084
0.000502325
0.000190610
0.001695680
0.002203277
0.002225198
0.000454780
0.000368587
0.000206311
0.001642622
0.000220778
0.000597667
0.001442422
0.000210196
0.001021741
0.000567020
0.000213438
0.000399977
0.003824222
0.000205759
0.000210399
0.001331586
0.000232429
0.000252615
0.000203128
0.000515288
0.000182436
0.000203809
0.001924969
0.000310987
0.000391453
0.002905842
0.000533553
0.000551526
0.000363252
0.000885420
0.000184514
0.000708311
0.000202993
0.000807915
0.000534170
0.001103591
0.001215495
0.003380031
0.001768036
0.000507338
0.000539083
0.000178865
0.000815329
0.001558225
0.000388712
0.001076678
0.001579935
0.000370790
0.002010821
0.000554673
0.000262207
0.000871516
0.000303495
0.001128984
0.000217807
0.000601519
0.000181678
0.000199419
0.000959359
0.001998933
0.000485018
0.000691228
0.000187849
0.000882350
0.000189518
0.000183011
0.000196707
0.000212000
0.000227130
0.000212882
0.004229658
0.000365225
0.000522736
0.000361859
0.001305957
0.000215710
0.001024900
0.000193539
0.001269942
0.002607312
0.000351564
0.000241243
0.000336037
0.001549995
0.000454375
0.000213202
0.000334343
0.000371611
0.005321407
0.003920413
0.000221032
0.001473096
0.001057674
0.001193784
0.002013196
0.002231229
0.003098842
0.002196034
0.002802678
0.002807150
0.001734354
0.004470733
0.001083047
0.000622040
0.000566866
0.000502653
0.001109011
0.000573026
0.000702566
0.000255639
0.000196344
0.001094316
0.002226872
0.003155440
0.001449888
0.000901147
0.003203770
0.001991299
0.000381128
0.001034986
0.000295969
0.000286263
0.001996135
0.000501785
0.000545550
0.000678965
0.001197011
0.000261939
0.005040304
0.005330218
0.000516090
0.000653834
0.000966747
0.001003450
0.000512830
0.000516013
0.000190041
0.000406968
0.000957422
0.001123963
0.000582998
0.000449840
0.000536669
0.000388612
0.000521490
0.000629699
0.001056675
0.000241520
0.000245604
0.000268631
0.002585887
0.001167946
0.000681004
0.000627641
0.000521187
0.000818974
0.001188883
0.000465869
0.000619762
0.002151733
0.001109061
0.002360434
0.000699931
0.000259692
0.000449301
0.000589277
0.000216054
0.002013393
0.003164519
0.000693903
0.002469376
0.002896840
0.000640140
0.002489895
0.002574989
0.000461796
0.000861134
0.001741436
0.000683735
0.000763585
0.002532072
0.002497311
0.001018767
0.002829691
0.001129602
0.002134054
0.000695974
0.001694104
0.000586183
0.000623745
0.000515893
0.003309941
0.003857561
0.001179927
0.001308442
0.004675618
0.001153068
0.000473100
0.002508512
0.003444119
0.001836938
0.000441733
0.000229004
0.001228716
0.001133477
0.000543423
0.001110936
0.001124901
0.000227840
0.000536343
0.000626206
0.002575705
0.004005086
0.001763072
0.000821353
0.000658310
0.002868731
0.001935501
0.000701368
0.000527939
0.001332814
0.002465969
0.000215911
0.002624411
0.001248525
0.004220812
0.001863125
0.000523719
0.000548765
0.000430032
0.001583853
0.000527931
0.001589249
0.000525828
0.001612730
0.000741143
0.000405064
0.000203683
0.000641011
0.000823312
0.001875793
0.000698689
0.000386404
0.001026501
0.001572996
0.003495325
0.002551586
0.000600629
0.000464343
0.001115348
0.000687981
0.000247200
0.001088310
0.000235483
0.000536594
0.000199967
0.002860305
0.000787875
0.001295938
0.000540776
0.000205650
0.004003454
0.003305427
0.001820940
0.000253253
0.001064463
0.001313432
0.004975660
0.004272749
0.000240142
0.000197821
0.001198285
0.000636190
0.002083574
0.000245775
0.000883523
0.000483627
0.001869739
0.000707001
0.000225985
0.001076252
0.000239979
0.000461726
0.001094193
0.002823824
0.000844394
0.000615362
0.000636858
0.000207942
0.001033753
0.000270221
0.000640271
0.000233342
0.002631632
0.000260906
0.001497816
0.000637152
0.000400130
0.000245180
0.001321385
0.003099677
0.000206180
0.001769445
0.001088992
0.000678467
0.000210180
0.001163392
0.000650557
0.000666711
0.001041240
0.004441334
0.001633610
0.000206002
0.000743883
0.000254117
0.002431297
0.000618392
0.000665610
0.000844269
0.000260131
0.001191230
0.001060848
0.000481388
0.001679571
0.001498546
0.003865791
0.001379129
0.002488133
0.000715460
0.000598643
0.000570904
0.000698379
0.000564650
0.000648854
0.001894527
0.000654376
0.000407717
0.001445854
0.000940039
0.002065707
0.003176544
0.000381348
0.001708224
0.000490357
0.000302581
0.000647016
0.000203197
0.003035097
0.003064531
0.000236806
0.002010365
0.002561085
0.000579513
0.000730274
0.000579561
0.000657883
0.000580942
0.000420184
0.000501006
0.000440774
0.002460240
0.002502123
0.001092914
0.000440369
0.004250225
0.000261327
0.001599635
0.002257801
0.003445176
0.000255767
0.001167990
0.000670447
0.000968467
0.000862606
0.001931915
0.000408402
0.000260694
0.003529111
0.003277589
0.001535587
0.000787822
0.003019215
0.001711004
0.000752512
0.000275869
0.000582453
0.002983314
0.002185388
0.001212326
0.003215840
0.000693843
0.001550683
0.001774622
0.001522300
0.000562313
0.000589825
0.001813098
0.002125712
0.001002620
0.000482991
0.000371321
0.000448114
0.001054373
0.002975331
0.000557619
0.003439976
0.000775654
0.000484891
0.000757769
0.000787870
0.001048426
0.001538833
0.000387562
0.000659686
0.000237787
0.002942705
0.001172256
0.000606798
0.000589677
0.000219466
0.001684811
0.000945115
0.001234094
0.001026238
0.001158742
0.002722364
0.000262567
0.000222007
0.000625950
0.001603438
0.000470141
0.001074117
0.000437399
0.000692424
0.000616649
0.000626668
0.000401134
0.000207470
0.000220887
0.000670107
0.000690878
0.000365552
0.000206591
0.001046500
0.002649869
0.001875860
0.002417637
0.001237274
0.000275077
0.001010594
0.001159251
0.000659680
0.000612816
0.000602227
0.000395919
0.002016611
0.004809101
0.003184352
0.000852071
0.000430796
0.000294460
0.003091167
0.000335328
0.001823048
0.000737062
0.000296390
0.000518197
0.000222086
0.001680140
0.000750632
0.000774242
0.001236245
0.001108549
0.001397946
0.000501562
0.000633097
0.001750749
0.002233935
0.000746873
0.000881008
0.000729719
0.001072620
0.000643476
0.001275168
0.000230679
0.003107943
0.002348709
0.000635130
0.000840242
0.000232796
0.001032380
0.001099555
0.001693820
0.000571084
0.000846111
0.001152439
0.001307544
0.001118858
0.002779408
0.002563182
0.000718735
0.000235029
0.002684551
0.000711981
0.002041683
0.000476762
0.001365354
0.000739970
0.001514322
0.001747432
0.000963125
0.001121592
0.000614671
0.000251406
0.000407505
0.003055607
0.000932831
0.000576832
0.000434947
0.000780479
0.000631743
0.002083132
0.000652206
0.000710415
0.000740778
0.000661447
0.001079459
0.000252482
0.001449941
0.000211948
0.000774442
0.000211585
0.000630948
0.001876465
0.000720067
0.001148832
0.002492417
0.001629459
0.000462932
0.002407388
0.001076199
0.001232556
0.000212162
0.000447189
0.000657829
0.000864809
0.000758702
0.001691610
0.000431831
0.000247314
0.002282161
0.000889005
0.001063052
0.000204256
0.002812785
0.004423666
0.000243443
0.000659392
0.002305828
0.000766747
0.001129765
0.004629891
0.000659141
0.000888176
0.000440692
0.001892413
0.001132943
0.000650064
0.000961448
0.000307530
0.000217303
0.000954309
0.000585527
0.001116249
0.001477978
0.001162518
0.000749300
0.000769250
0.000303534
0.000719390
0.000537440
0.000217483
0.000843984
0.001049002
0.002399739
0.000843227
0.000640484
0.000202922
0.001887973
0.001104512
0.001486003
0.000426426
0.001077795
0.000675651
0.001207666
0.001836732
0.001167630
0.000485102
0.001155891
0.000654713
0.000238951
0.003885317
0.001426609
0.000693363
0.000491213
0.000804354
0.000259616
0.000955422
0.000822991
0.000222637
0.000689912
0.000829753
0.002303564
0.000942267
0.000779214
0.001211390
0.000793489
0.001910293
0.001204014
0.000229403
0.001061980
0.000246818
0.000646949
0.001058688
0.000657845
0.000298064
0.000652127
0.001073130
0.002704292
0.003925301
0.001870443
0.000809362
0.000876574
0.000770626
0.000209500
0.000350520
0.000295509
