47.447676469
49.450438785
49.628348588
50.214460463
50.271379848
50.405253608
50.918530081
50.939074398
51.323766795
51.657205704
51.782268442
52.034206813
51.980933914
51.979977725
52.048392016
52.093234578
52.136375023
52.202582014
52.533417307
52.510844019
52.632716152
52.715492756
52.837776545
52.984557735
53.129583601
53.348893554
53.371823619
53.396349489
53.478842643
53.663435682
53.647597985
53.719301340
53.967943107
53.983190037
54.008923922
53.949520095
53.949229187
54.207886036
54.179230063
54.453322805
54.410944983
54.502994112
54.629246512
54.940386200
54.891170560
54.921431717
54.955497056
54.994324489
54.967577998
55.193747502
55.152641919
55.188138419
55.240356646
55.606460945
55.657046147
55.580202159
55.622916799
55.673179073
55.733924533
55.962280663
55.941397241
56.011997346
55.969605254
55.975193011
55.996394571
56.070707543
56.055489368
56.117888639
56.196276834
56.323090616
56.419272088
56.442295731
56.362349812
56.375762543
56.498049101
56.448937356
56.537636154
56.663268965
56.768065753
56.840995794
56.839695928
56.846204741
56.854830115
56.840456245
56.963562277
56.970625113
57.029547481
56.993727275
57.019429226
57.004210140
57.001687664
56.992417337
57.020832795
57.033100847
57.201109796
57.130521506
57.149822965
57.235186347
57.314284779
57.284994469
57.391537464
57.449567173
57.467329103
57.619205149
57.503382236
57.647784160
57.676129559
57.698632445
57.682407262
57.709938260
57.702394987
57.752679797
57.896962626
57.904978144
57.812590892
57.984015319
57.975727622
58.064270269
58.004476937
58.084534794
58.079147513
58.131336671
58.146597252
58.094182327
58.089957589
58.134694783
58.155183723
58.293183391
58.291136276
58.313962046
58.273275456
58.226860618
58.348621502
58.309104385
58.375928017
58.363213866
58.447742961
58.500454050
58.495216354
58.380248357
58.397261362
58.424004208
58.562882464
58.544807413
58.654891376
58.699243184
58.762857619
58.787487894
58.787099775
58.785625494
58.832209107
58.870673571
58.888646422
58.939869030
58.960065050
59.001152114
59.000949486
59.015347503
58.929106247
59.106031270
59.060018371
59.125719176
59.097373162
59.204130051
59.210861411
59.208241586
59.130636546
59.201751689
59.302867648
59.346482731
59.313925409
59.225032865
59.363979835
59.368880246
59.359649976
59.390354522
59.449206745
59.475402738
59.401677694
59.457689839
59.368389404
59.483621295
59.421023632
59.509547670
59.447832556
59.468888849
59.520095591
59.541531643
59.558512867
59.599795325
59.590761211
59.589555371
59.604591669
59.673444462
59.685174092
59.697705084
59.710051592
59.718784807
59.718230082
59.761787665
