0.001850047
0.003051822
0.002266920
0.001256190
0.001497286
0.003191957
0.002863912
0.006836324
0.002940103
0.002714879
0.002408860
0.004783278
0.002836925
0.007324072
0.006673654
0.007426460
0.008340787
0.009231654
0.010181986
0.010968421
0.011833655
0.012392908
0.013219479
0.019592121
0.020363046
0.021368980
0.022198060
0.023112011
0.023302694
0.024031071
0.024654582
0.030271450
0.032169510
0.033073856
0.034091137
0.034938409
0.035329233
0.036336067
0.036635546
0.037220986
0.038030810
0.038216685
0.038386803
0.038990755
0.038000118
0.038229935
0.037489604
0.036204444
0.036846273
0.037664090
0.038644905
0.039238196
0.040175600
0.041141321
0.051366066
0.052294009
0.053117161
0.053969651
0.054381108
0.055007096
0.063831879
0.064979179
0.065897234
0.066872618
0.067534484
0.068392740
0.069101999
0.077372299
0.078208899
0.079058653
0.080072496
0.079834772
0.080620172
0.079904542
0.087960320
0.087859635
0.087926444
0.088681378
0.087291911
0.088024540
0.089036066
0.098986076
0.099791460
0.100380143
0.101304310
0.102270229
0.103751554
0.103690492
0.104658412
0.113075134
0.113887417
0.114589455
0.115435557
0.115661831
0.116468094
0.125294074
0.125937883
0.126578854
0.126903557
0.126673901
