0.000241083
0.000177401
0.000344710
0.000378752
0.000535396
0.000214699
0.000370284
0.000541246
0.000530349
0.000180439
0.000213998
0.000220283
0.000355183
0.000214377
0.000636279
0.000550272
0.000891407
0.002463165
0.000247387
0.001007892
0.000226179
0.000197357
0.002804939
0.000181783
0.000548259
0.000731547
0.000969662
0.000771269
0.001130992
0.001097757
0.000184439
0.000224735
0.001150098
0.000200456
0.000467702
0.000508081
0.000822446
0.000228314
0.000607272
0.000270236
0.000244266
0.000247996
0.000227926
0.000194379
0.000830997
0.000184039
0.000379545
0.000249738
0.001035183
0.000394198
0.000201449
0.000187105
0.000180116
0.001334193
0.000193543
0.001206529
0.000484833
0.000520971
0.001443072
0.000644704
0.003755314
0.000379865
0.000371646
0.000287057
0.003256359
0.001561015
0.000189987
0.003136095
0.000555795
0.001798098
0.000267235
0.001399493
0.000386880
0.003404216
0.002024480
0.000749185
0.000832762
0.000387622
0.000405695
0.000194698
0.001808072
0.000217673
0.001888038
0.000546840
0.003875073
0.000597881
0.000195461
0.000655980
0.000189569
0.000811670
0.000468291
0.001008179
0.000506536
0.000185704
0.000679539
0.002151672
0.001130926
0.000178146
0.000544018
0.000204251
0.000505528
0.002950882
0.000369563
0.000193267
0.001132750
0.000474459
0.002035649
0.000417195
0.001095719
0.000197929
0.001456590
0.000364707
0.002858499
0.000369537
0.000404323
0.000641008
0.001384719
0.002811287
0.001847620
0.000323877
0.000260081
0.001072657
0.000869173
0.000201963
0.001408006
0.000194347
0.000244565
0.001036337
0.000227302
0.000485125
0.001165404
0.002339661
0.000200978
0.000374643
0.000312337
0.002717369
0.003730476
0.000359684
0.001753593
0.000502892
0.000469378
0.001095227
0.002244452
0.000459716
0.000480608
0.000476379
0.000191052
0.002454160
0.001059667
0.000604320
0.000203873
0.002251824
0.001217649
0.000192543
0.000242672
0.000358182
0.002229492
0.000543313
0.003466960
0.004765828
0.002431830
0.001674852
0.001053401
0.000745964
0.000509517
0.000202139
0.000463041
0.001393863
0.000595510
0.000406716
0.000550644
0.001843362
0.000325737
0.001198347
0.001210347
0.000347499
0.000605852
0.000461770
0.001368606
0.002479869
0.000264171
0.004216611
0.000222621
0.002254219
0.000565839
0.004354340
0.000553154
0.001175141
0.000502052
0.000423227
0.000845060
0.001566975
0.001029669
0.001160371
0.001694204
0.000272908
0.000183779
0.000297621
0.000841343
0.001296704
0.000537462
0.000215965
0.001056204
0.000399054
0.000519990
0.000455478
0.000198861
0.000188226
0.001193514
0.000187290
0.001016314
0.001517810
0.000568968
0.000501064
0.003394579
0.000402920
0.000342742
0.000951371
0.000422450
0.003447764
0.000398370
0.001034400
0.001035389
0.001964811
0.000190167
0.001627107
0.000330346
0.000419482
0.000393079
0.000428754
0.000851748
0.000500807
0.001924101
0.000192757
0.000520635
0.000183677
0.000203771
0.000200454
0.000429946
0.000450530
0.000213555
0.000263413
0.000429809
0.003014317
0.000630670
0.000203508
0.000474834
0.001189576
0.001721827
0.001003793
0.000583218
0.001354297
0.001730098
0.002257053
0.001025974
0.000189103
0.000470907
0.000830554
0.000224639
0.003672433
0.000861375
0.004868456
0.001273466
0.000312605
0.000446220
0.000582355
0.002964436
0.000870502
0.000208399
0.000285861
0.000853720
0.001965178
0.000339888
0.000353410
0.000885805
0.000218278
0.000203258
0.002865702
0.002151969
0.000554478
0.001253565
0.001107842
0.000558977
0.000206725
0.002833669
0.000349208
0.001034646
0.001876497
0.000514251
0.003044412
0.002520186
0.001500137
0.000529061
0.002083590
0.001325843
0.002920120
0.000473712
0.002932046
0.000485408
0.001138344
0.000463454
0.000926126
0.001549502
0.000191964
0.000194442
0.000212813
0.001387763
0.001290611
0.002419468
0.000190372
0.000200065
0.001040543
0.000453746
0.000457635
0.001026274
0.000215113
0.001605178
0.001083413
0.000186833
0.000217260
0.001346766
0.000386630
0.000458460
0.000234592
0.002635335
0.001572408
0.000198400
0.000524938
0.001043400
0.000350433
0.001554606
0.000507802
0.000876818
0.000590114
0.000624732
0.001273947
0.001045662
0.000759040
0.000212959
0.002599999
0.001112053
0.000458107
0.000258118
0.000630191
0.000197671
0.000192800
0.000468318
0.002140203
0.003602751
0.001415994
0.000452789
0.000922640
0.000894685
0.001177528
0.001314986
0.001250794
0.000294612
0.001733277
0.000934786
0.000195336
0.000401286
0.000484453
0.003180055
0.000286385
0.000523967
0.000507535
0.000524494
0.000451163
0.000742654
0.000993248
0.003064397
0.000199760
0.001123486
0.000190702
0.001010503
0.000203312
0.000219947
0.000461344
0.002124362
0.000727550
0.000498100
0.000502439
0.000738834
0.001185283
0.000184241
0.000260306
0.002391261
0.002687369
0.000864264
0.001097223
0.001018629
0.000201756
0.000569052
0.001109978
0.000319946
0.000528082
0.000709072
0.001239932
0.001225290
0.000508850
0.000466062
0.000501922
0.001161006
0.000349003
0.000574082
0.000566675
0.002039302
0.001143365
0.000197969
0.000916364
0.000310959
0.000338654
0.000236670
0.001806154
0.002162457
0.001196271
0.000231280
0.000624389
0.000189432
0.001256533
0.001633242
0.000591380
0.001920286
0.000226729
0.001018832
0.000176880
0.000492980
0.000661313
0.000565996
0.004232559
0.000474444
0.002318436
0.000493956
0.001012547
0.001057501
0.001997840
0.000651690
0.000191112
0.000510756
0.000213926
0.000346205
0.002625379
0.001499870
0.002059599
0.003620938
0.002236854
0.000217679
0.002565880
0.001458887
0.000639658
0.000583098
0.002676459
0.001714081
0.000360969
0.000211335
0.000202652
0.001231147
0.000200954
0.000197932
0.002099277
0.001041006
0.001748812
0.003023366
0.000664505
0.000605220
0.000873694
0.000736423
0.000918352
0.000525557
0.000170616
0.000326729
0.001084737
0.000204621
0.000667870
0.000404388
0.001439913
0.000222401
0.000947804
0.001299732
0.000555049
0.000182834
0.000581736
0.000191714
0.000465814
0.001017326
0.000395192
0.001199631
0.000849330
0.000586208
0.000217710
0.002655210
0.000515894
0.000184335
0.000193207
0.001034202
0.004154312
0.002224019
0.000574117
0.000720435
0.000193406
0.001160291
0.001312220
0.000380326
0.001740579
0.000573866
0.000604429
0.002745452
0.001243954
0.000503909
0.001065070
0.000532704
0.000285224
0.002324577
0.001088394
0.000210152
0.000536755
0.001098105
0.001146102
0.001487117
0.000351484
0.000362726
0.000521539
0.002068125
0.003850551
0.001435037
0.000285153
0.001472525
0.000511679
0.001388715
0.001017432
0.000508960
0.000212938
0.000892032
0.000510883
0.000645474
0.000560090
0.001440893
0.000349068
0.000244262
0.002032689
0.003373641
0.001730888
0.001093450
0.003458074
0.005164579
0.000714542
0.001691984
0.000206607
0.000213350
0.000659301
0.000190395
0.000987206
0.001153225
0.001194072
0.000195884
0.000257425
0.000204790
0.000218243
0.000198108
0.000539867
0.000422396
0.000531958
0.000774344
0.000359146
0.000255041
0.001076122
0.001104302
0.000533412
0.001516649
0.002870621
0.000802194
0.002573343
0.001175588
0.000690074
0.000250982
0.000186032
0.001042818
0.003102881
0.001568249
0.000644385
0.000504514
0.000699029
0.000470483
0.000986305
0.000183862
0.000549247
0.000361058
0.001051538
0.000380478
0.002608748
0.001643035
0.000199483
0.001083055
0.000630736
0.000766777
0.000199922
0.001590966
0.000571883
0.001141269
0.000583961
0.000201277
0.000617156
0.002141735
0.000192566
0.000649602
0.002327125
0.001589142
0.003294786
0.000219675
0.001290678
0.001078759
0.002001835
0.003021534
0.000650740
0.000562466
0.000349415
0.000343484
0.001021174
0.000542306
0.000211299
0.000632006
0.002625623
0.002752245
0.001846455
0.000477846
0.001136425
0.001528347
0.000200985
0.001099458
0.001240298
0.000560401
0.001691179
0.000190336
0.003652594
0.002680952
0.001711993
0.000700428
0.000580189
0.001924673
0.000485800
0.000197663
0.001699498
0.000202898
0.002612257
0.000840719
0.000355630
0.001016658
0.001236380
0.000221969
0.000630167
0.000582733
0.000489438
0.001136857
0.001127174
0.000358221
0.000387487
0.000273463
0.000400171
0.003694899
0.002692508
0.000563985
0.000198705
0.001819521
0.000581387
0.000249000
0.000196925
0.000690317
0.000631065
0.000737974
0.000672023
0.000586759
0.001541208
0.000567240
0.000368008
0.000232858
0.000192827
0.001262573
0.002155463
0.001132801
0.001203590
0.002845253
0.000604228
0.001703476
0.000776368
0.000202115
0.002472012
0.000558309
0.000627593
0.000517721
0.000657266
0.000792677
0.000471320
0.000553840
0.000992806
0.000185390
0.002626936
0.000405698
0.000585933
0.001065908
0.000202796
0.000391415
0.001064908
0.001769909
0.001036447
0.001051600
0.000206524
0.000217126
0.002725720
0.001040072
0.001170052
0.000355645
0.001672584
0.000404487
0.000557738
0.000553273
0.000849034
0.000210924
0.000195642
0.001609293
0.000659174
0.000391413
0.001753067
0.000185347
0.001059796
0.000584139
0.003491868
0.000554812
0.000601823
0.002151410
0.001209093
0.000214901
0.000635626
0.000682404
0.001825119
0.000205128
0.002962424
0.001092420
0.001097815
0.000207993
0.000199260
0.000583389
0.000596526
0.003554568
0.000260795
0.000210190
0.000586250
0.000311584
0.001837866
0.001910146
0.000885566
0.002088691
0.000204969
0.001586493
0.000226207
0.000182104
0.000377397
0.000195864
0.000630943
0.000605661
0.000611698
0.000942047
0.000198380
0.000222170
0.000615060
0.000632724
0.000768176
0.000186530
0.002052635
0.001683790
0.001640706
0.000185433
0.000627410
0.002241084
0.000645020
0.000356048
0.002147781
0.000618219
0.000194484
0.003178253
0.000226658
0.001062875
0.004377910
0.003438607
0.003289445
0.001162907
0.000197904
0.001015297
0.001028563
0.000635607
0.000678211
0.000632688
0.001121726
0.002275948
0.003772228
0.000497482
0.000730577
0.003847022
0.000192377
0.001293998
0.000547102
0.000187801
0.001358779
0.001327516
0.000424871
0.001017078
0.000401085
0.000193604
0.003661986
0.000620167
0.000609342
0.002711209
0.001661231
0.001231803
0.003419420
0.000235154
0.002736282
0.000661681
0.000682351
0.000182184
0.000231770
0.001183630
0.000544510
0.000510152
0.001672481
0.000847259
0.001672927
0.002644692
0.001809258
0.001049368
0.000613636
0.001242418
0.001315041
0.000305762
0.001056590
0.000501339
0.000751432
0.000642747
0.000208635
0.001652835
0.000213986
0.003880246
0.001542170
0.001011029
0.027948217
0.027426847
0.026664311
0.026761810
0.028398128
0.023180891
0.026487076
0.023290533
0.015620660
0.015861028
0.016002460
0.015384257
0.016278450
0.011349431
0.024224103
0.011473931
0.003308007
0.003076447
0.002888327
0.001837452
0.001692860
0.000655225
0.002189828
0.000600682
0.000932803
0.000233532
0.000188867
0.000195328
0.000203532
0.000361980
0.000737811
0.000272152
0.000233168
0.000255345
0.001023302
0.001763458
0.000182517
0.001256772
0.002184077
0.000186592
0.000670690
0.000787827
0.000200072
0.000625707
0.000619596
0.000751180
0.000191560
0.000811634
0.002902351
0.000182981
0.000659537
0.000554400
0.002163341
0.000193382
0.001497133
0.000676092
0.000989011
0.000204731
0.000223854
0.000176543
0.000300239
0.001056954
0.002742017
0.001799398
0.000211009
0.003031629
0.001813866
0.000194031
0.000385419
0.000661367
0.000189278
0.000668658
0.000180592
0.004955765
0.002116869
0.003257563
0.001262590
0.000346853
0.001962473
0.000366532
0.000498890
0.000188089
0.001149595
0.001189553
0.001315356
0.001226390
0.000284748
0.001276221
0.000629022
0.000471497
0.000400906
0.001045548
0.001190919
0.000194680
0.000419365
0.000196279
0.000167753
0.000209395
0.000406916
0.001130463
0.000371324
0.000360855
0.000331768
0.001122824
0.002358053
0.000354715
0.000667133
0.000649294
0.001046376
0.000186542
0.001298639
0.000409834
0.005405709
0.002985965
0.000254428
0.004811247
0.000802167
0.000374944
0.003956071
0.000176251
0.000503712
0.000855938
0.000650276
0.000192310
0.000296076
0.002117287
0.000301923
0.000180656
0.001273147
0.000228841
0.000179141
0.001076933
0.001217697
0.001054945
0.000216759
0.003623066
0.002302376
0.000683386
0.000196419
0.000531026
0.000185387
0.000674941
0.000522193
0.000185438
0.003392563
0.000742171
0.000198055
0.000776260
0.001806048
0.002429238
0.005936879
0.003730096
0.000592069
0.001587718
0.000873480
0.000995232
0.000912432
0.000240792
0.000216027
0.000317343
0.000362900
0.000507736
0.000684248
0.000193679
0.000942723
0.002520573
0.000197915
0.000236090
0.001064087
0.000192856
0.001367767
0.001083775
0.000466666
0.000397907
0.000784500
0.001125106
0.003431416
0.003058429
0.002090171
0.000474397
0.000765431
0.000599530
0.000459209
0.000807250
0.001539127
0.001186098
0.001055965
0.000246128
0.000301462
0.000478849
0.000284376
0.000344686
0.001086796
0.000702728
0.001047387
0.000259866
0.000240001
0.000725973
0.001345516
0.000225487
0.001051296
0.000342898
0.001095317
0.000350242
0.000193511
0.002184759
0.001998670
0.003871566
0.001909566
0.000439053
0.000193322
0.001031656
0.000333528
0.000297459
0.000820369
0.001572654
0.000205629
0.001196942
0.000183105
0.000287611
0.000746489
0.000192297
0.000212067
0.001056514
0.001062601
0.000225575
0.000729703
0.000210698
0.000229407
0.001091082
0.001159644
0.000715200
0.000756186
0.001861763
0.000837835
0.000206724
0.002563360
0.004682126
0.003660305
0.000239905
0.001022840
0.000544872
0.002008781
0.000385856
0.000221285
0.001528322
0.000207247
0.000325822
0.000414399
0.000526541
0.000181810
0.000234785
0.000176318
0.000195101
0.000238810
0.000737667
0.000760887
0.000231197
0.000449446
0.000535909
0.000440628
0.001614871
0.000180301
0.000834392
0.000426438
0.000482969
0.002044790
0.000890275
0.000528807
0.005421307
0.000849310
0.000197872
0.001819401
0.001161447
0.000276172
0.000382903
0.000487555
0.000731281
0.000204688
0.000338326
0.000290293
0.000375056
0.000168325
0.000715629
0.000252702
0.000198167
0.001091148
0.000856588
0.000738304
0.001847502
0.000761551
0.001618016
0.001123507
0.000196278
0.001113255
0.003384610
0.001027206
0.000206225
0.004287169
0.000194729
0.001706840
0.003981669
0.001601932
0.000948940
0.001435260
0.000663071
0.000825731
0.001242357
0.001282029
0.000204748
0.000922078
0.001062925
0.000370429
0.000389362
0.001594226
0.000316757
0.000200999
0.000752018
0.000408969
0.000218937
0.000511402
0.000852622
0.000215846
0.001037007
0.001082983
0.001087621
0.002312998
0.001164662
0.000480607
0.000355735
0.000482572
0.000384269
0.000389652
0.000360093
0.001592462
0.003579612
0.000751812
0.000447969
0.000216692
0.000264615
0.001810623
0.000368089
0.000850210
0.000234775
0.000225638
0.000902912
0.002657790
0.000340047
0.000252598
0.002556682
0.000698393
0.000894900
0.002597515
0.000341445
0.001780438
0.000515945
0.000886322
0.000186945
0.001189733
0.000743798
0.001079783
0.000384116
0.001834017
0.000886329
0.002871750
0.000244866
0.000792146
0.000200019
0.001155580
0.000392216
0.000809679
0.001717259
0.002714332
0.000460698
0.000373814
0.000747088
0.001158555
0.001300793
0.000233588
0.001973580
0.000219952
0.001209637
0.001105664
0.000193361
0.000886268
0.000274975
0.001350838
0.000255548
0.000497702
0.000678670
0.000464938
0.002374324
0.000915949
0.000332188
0.000829594
0.001261109
0.000638086
0.000956446
0.000380306
0.000358470
0.000222481
0.000642982
0.000343423
0.000855399
0.001124023
0.000214145
0.003329051
0.000494404
0.001545776
0.000198348
0.001063747
0.001090363
0.000191610
0.005131092
0.000214351
0.000339337
0.002599743
0.000763457
0.000189143
0.002793954
0.001105944
0.002863726
0.002101876
0.000517684
0.000345824
0.002764071
0.000394040
0.001332942
0.000881047
0.000417945
0.002844020
0.000221741
0.001115324
0.001207423
0.000182315
0.002455618
0.001390950
0.000955628
0.000235370
0.000185997
0.003696217
0.005543890
0.002924201
0.000260445
0.001221186
0.000356842
0.000813396
0.001466946
0.005713398
0.004631379
0.002191955
0.001211714
0.000263176
0.001221859
0.002070573
0.000448918
0.000652039
0.000172887
0.000903036
0.000916254
0.002237883
0.001367628
0.000209354
0.000213924
0.000402003
0.001114722
0.002572633
0.000345162
0.000190183
0.000864799
0.001032752
0.003175684
0.000184912
0.000654427
0.000390523
0.001005438
0.000400211
0.000285054
0.003804359
0.002276082
0.001271861
0.000276470
0.000376168
0.000276737
0.000405310
0.001095805
0.000408910
0.001710238
0.000376157
0.000322334
0.001612950
0.000403897
0.000201587
0.002381532
0.001158553
0.000404130
0.002180576
0.000384043
0.000197027
0.000375884
0.002992831
0.002001701
0.001008400
0.001135324
0.000177590
0.002221844
0.001106884
0.001177670
0.002505247
0.000372666
0.001116033
0.001145148
0.005009457
0.000826872
0.001331699
0.000386831
0.000372762
0.000247162
0.000181188
0.001210453
0.000263047
0.000221077
0.000179834
0.000256803
0.000205564
0.000867637
0.000194074
0.000829857
0.002143974
0.000478410
0.000654136
0.000525688
0.001143257
0.002251937
0.002594577
0.000229934
0.000187877
0.002366284
0.000186175
0.000263893
0.000231446
0.000320938
0.002598790
0.001109247
0.001190301
0.002769048
0.001025499
0.000350907
0.000436421
0.000468629
0.000354881
0.001036217
0.003094164
0.001827416
0.000407690
0.000274921
0.000217634
0.003979793
0.000491823
0.000612105
0.000827377
0.001450945
0.002083611
0.001152941
0.001046485
0.001381452
0.000837603
0.000212252
0.000380802
0.000525196
0.001403483
0.002855627
0.000434488
0.000670955
0.000470773
0.001814650
0.000818468
0.000480435
0.000268702
0.000943824
0.000256585
0.002772092
0.000374622
0.001207821
0.001970617
0.000171830
0.000647593
0.000184411
0.001038689
0.001904355
0.000957315
0.000203934
0.000197283
0.000193773
0.000353809
0.002479399
0.000331948
0.002085688
0.000184038
0.002377099
0.004131189
0.001201053
0.002585943
0.000255873
0.000296106
0.000174002
0.000901288
0.000388670
0.003755120
0.000199654
0.001095883
0.001958918
0.001076710
0.000913065
0.003488665
0.001079141
0.002329980
0.000246336
0.000837136
0.000835240
0.000177727
0.000315739
0.000856261
0.001873336
0.000381947
0.001157101
0.001992838
0.000194199
0.003221768
0.000217174
0.001523769
0.001135607
0.000981979
0.000188724
0.001121491
0.001070470
0.000225532
0.002982983
0.000912435
0.002345629
0.000410595
0.000492836
0.000205527
0.000314240
0.001396349
0.000267413
0.001017344
0.001057397
0.002638617
0.000424911
0.000374584
0.000208947
0.001043859
0.003104776
0.000842084
0.001179210
0.000536778
0.000276401
0.000512064
0.000874613
0.000512520
0.004142540
0.000455440
0.002540363
0.001153422
0.000392030
0.000262875
0.001300979
0.001380288
0.000218876
0.000890228
0.000355108
0.000501244
0.000230950
0.000190558
0.000419745
0.000876230
0.000194659
0.001314993
0.000889939
0.000425383
0.000954373
0.001910411
0.001015505
0.001286389
0.001144233
0.001108641
0.000327412
0.000337052
0.000371814
0.000306697
0.001779040
0.001169690
0.000386198
0.001192286
0.000214398
0.000185588
0.000408973
0.002620285
0.000416636
0.000181177
0.000887478
0.000334103
0.001023995
0.000383229
0.001266521
0.000198592
0.001037799
0.000785185
0.000815559
0.000180630
0.000889407
0.001076942
0.000917724
0.001374010
0.003133153
0.000727136
0.001721761
0.000861151
0.001181804
0.000186154
0.000192848
0.002091285
0.001010342
0.000225102
0.003542658
0.000385126
0.000266886
0.001678974
0.000389056
0.000408663
0.001942917
0.002790712
0.000196579
0.000220100
0.000205490
0.004518471
0.002414338
0.000357512
0.000369496
0.000783045
0.000359175
0.000302181
0.002059775
0.001840205
0.000211852
0.000901678
0.000239212
0.000190433
0.000187337
0.000903315
0.001110384
0.001258432
0.001877844
0.000561800
0.000214558
0.003191704
0.004531989
0.000989549
0.001193112
0.000988594
0.003590672
0.003486349
0.002497497
0.000393070
0.000195016
0.000181602
0.000373002
0.000879539
0.000428843
0.000233188
0.000189362
0.003177183
0.002475385
0.000237679
0.000187285
0.001719276
0.001041839
0.000269529
0.000177450
0.000347986
0.000195166
0.000228748
0.002792589
0.000197045
0.000288887
0.003080252
0.000377868
0.000374553
0.003108950
0.000429914
0.000656207
0.000184668
0.001103396
0.001791221
0.000583083
0.001889720
0.000184523
0.000200596
0.000401216
0.000352138
0.000928130
0.000368329
0.000989641
0.001010458
0.000341843
0.000220152
0.000425961
0.000456211
0.000211444
0.001709495
0.000371201
0.000396413
0.000177726
0.001210525
0.000894633
0.001415621
0.000626106
0.001856824
0.000180262
0.000382011
0.000441928
0.001057043
0.000375028
0.001730732
0.000917367
0.001757813
0.000589637
0.000343897
0.000242083
0.000187101
0.002671368
0.000947804
0.000196343
0.001709166
0.000482371
0.002550095
0.000195285
0.000571216
0.000647284
0.003206169
0.002648126
0.000375313
0.001956897
0.000219252
0.001025737
0.000390923
0.001897613
0.000516984
0.000391152
0.001333239
0.000468716
0.000735060
0.001149082
0.001187109
0.000387446
0.001083182
0.004153057
0.002282715
0.000446496
0.000227935
0.003112308
0.000202637
0.000216043
0.001371404
0.000395977
0.000497716
0.000960075
0.001007028
0.000942938
0.000395628
0.000206390
0.000846060
0.000348585
0.000444566
0.000310148
0.001923319
0.000386364
0.000398732
0.000176617
0.000399309
0.002124279
0.001144007
0.000240391
0.002967742
0.004667466
0.000370644
0.001150874
0.001297977
0.000400880
0.000256043
0.000179835
0.001814121
0.003253853
0.002783367
0.000618826
0.002392208
0.000747117
0.000375545
0.000231168
0.001189532
0.000407901
0.004974409
0.001036289
0.000299495
0.000959367
0.001440194
0.001475149
0.001334358
0.000447607
0.000691395
0.000484365
0.000763002
0.000452465
0.001147638
0.003946758
0.000959437
0.003046195
0.000278926
0.000382081
0.000269301
0.001004696
0.002082226
0.000553587
0.000223828
0.002691205
0.000214857
0.000660042
0.000297009
0.001791461
0.000976980
0.001094420
0.000281253
0.002038937
0.000235754
0.001547691
0.000839421
0.000205731
0.004009723
0.001581986
0.000209843
0.000299996
0.000511874
0.000590148
0.000416969
0.000444545
0.000243743
0.000986370
0.000388603
0.000860125
0.001663141
0.000439847
0.000190831
0.001726440
0.000901751
0.000200961
0.000211531
0.000643253
0.000204911
0.001070290
0.000236930
0.002586228
0.000435353
0.003544899
0.000951150
0.001087850
0.000208526
0.000200954
0.000403819
0.000275851
0.001896310
0.003790286
0.001003703
0.001903094
0.000415132
0.000362354
0.000850155
0.000219227
0.000428631
0.000174992
0.000220628
0.001227079
0.004207531
0.001017173
0.000995820
0.000225466
0.000456527
0.000773158
0.001089111
0.001188813
0.000297854
0.000957389
0.000530502
0.001287364
0.003013104
0.000205308
0.001227785
0.001089048
0.000200740
0.000245921
0.000255950
0.003705444
0.000463435
0.001404193
0.000389678
0.000269742
0.001125618
0.000994430
0.000396015
0.000394449
0.001904724
0.001155609
0.001072800
0.000384758
0.002433203
0.000195625
0.001036396
0.000427869
0.000403932
0.001063873
0.000221600
0.003430454
0.002258580
0.001243422
0.002385531
0.000220474
0.000193479
0.000462768
0.001093310
0.002471541
0.001882046
0.000907810
0.001155072
0.000473964
0.001042766
0.000463869
0.000711427
0.002817616
0.000375475
0.000474373
0.000324884
0.001066547
0.001086035
0.001692405
0.000392641
0.000214228
0.000402843
0.000191962
0.000241034
0.000216834
0.001005087
0.001888804
0.000262675
0.001276054
0.001431461
0.000225916
0.001240563
0.000381662
0.000223427
0.000649971
0.001010503
0.005501020
0.001813345
0.000482892
0.001033931
0.000205519
0.001464310
0.000188204
0.002589012
0.000414147
0.001144106
0.000193132
0.000199620
0.000232018
0.000415274
0.000199370
0.001100994
0.000235885
0.003140771
0.000224408
0.001231895
0.000462726
0.003785012
0.001044649
0.001193712
0.002731325
0.001064387
0.002656408
0.000890007
0.000411939
0.000194742
0.000223867
0.001007163
0.001039849
0.000317311
0.004778548
0.000421312
0.001035916
0.000200469
0.001037526
0.000269919
0.001908119
0.001172208
0.001316127
0.000211937
0.001856595
0.000201636
0.001061340
0.001059972
0.000384457
0.000215987
0.002235635
0.000656125
0.000233625
0.000192432
0.000263125
0.000383772
0.001056015
0.000208541
0.000197925
0.000390829
0.002176181
0.001802168
0.001209971
0.000292074
0.000232164
0.000199806
0.000253435
0.000373287
0.001222271
0.000361537
0.000243403
0.000516010
0.001570537
0.003658425
0.001103212
0.000581586
0.001167031
0.000405448
0.004451935
0.000190427
0.001073913
0.000402550
0.001050194
0.000229443
0.000309180
0.000371449
0.000384791
0.001115547
0.000385149
0.000253189
0.001671037
0.000202380
0.003111454
0.002310824
0.001294966
0.001346873
0.001084613
0.001035664
0.001029757
0.000400923
0.001000991
0.001097530
0.000325531
0.001043362
0.000262708
0.000394630
0.001186259
0.001159063
0.000410841
0.000213678
0.000282868
0.000232219
0.000373779
0.004038866
0.000473576
0.000710074
0.002445176
0.000519289
0.000196039
0.001034205
0.001076534
0.000264999
0.000451977
0.000244842
0.000208885
0.001204413
0.004011922
0.000202130
0.001194341
0.000222123
0.001147258
0.000664980
0.003442994
0.002120103
0.001089724
0.001976628
0.000946384
0.000411819
0.000197115
0.000238204
0.000248752
0.000398587
0.002547852
0.000370317
0.003501231
0.001261406
0.000579193
0.002928646
0.000344433
0.000371767
0.000191301
0.000236764
0.000390176
0.000395951
0.000381554
0.001073154
0.001094220
0.000198659
0.001113715
0.000374221
0.000228896
0.000246501
0.000179300
0.000217377
0.004176024
0.000235047
0.001313685
0.001118806
0.000402339
0.001107940
0.000573610
0.000349120
0.000751619
0.000585571
0.001194572
0.000251963
0.000889440
0.001108972
0.001275562
0.000608122
0.001183969
0.000184682
0.001170577
0.001432781
0.002173863
0.000701766
0.000448357
0.001555116
0.000395123
0.000237101
0.000693668
0.000209601
0.001928933
0.000628735
0.000410612
0.001221180
0.000442450
0.000181444
0.000388754
0.000384851
0.001577067
0.000191514
0.001153621
0.001032845
0.002989000
0.000403244
0.000448178
0.000173294
0.000848414
0.001060344
0.000239298
0.003111438
0.000331745
0.002207930
0.000443008
0.000196759
0.001015246
0.000225402
0.000209148
0.000182513
0.000450494
0.000258926
0.003963062
0.000220970
0.000436264
0.000195745
0.001061755
0.000292423
0.000855766
0.000396776
0.000199891
0.000518231
0.000203227
0.002001560
0.000390099
0.003547079
0.000555078
0.002020547
0.003039549
0.000569944
0.000390044
0.002547956
0.000217704
0.000193235
0.000380987
0.001035094
0.000745822
0.000236877
0.002220878
0.001100823
0.000430036
0.000366734
0.001120799
0.001176851
0.001328523
0.000180176
0.002388742
0.000266326
0.000412650
0.004021246
0.000998056
0.000222530
0.000184500
0.001111845
0.001264415
0.000231871
0.000244315
0.000184741
0.000238374
0.001058999
0.000275203
0.001779282
0.000228864
0.000408688
0.002202004
0.002739123
0.000183116
0.000912239
0.001045566
0.000202927
0.002132567
0.005220613
0.003501016
0.000177512
0.001095959
0.000385995
0.000625623
0.000397349
0.000337318
0.004357470
0.003004013
0.001829464
0.000392082
0.000541664
0.000707081
0.000501858
0.000284907
0.001341990
0.003916580
0.001041949
0.001181834
0.000461024
0.000853740
0.000341497
0.000277637
0.000212720
0.002964251
0.000409469
0.000406647
0.000202375
0.002160070
0.001159890
0.000237948
0.000419382
0.000379506
0.003232004
0.000386364
0.002305233
0.001382811
0.000410822
0.000179882
0.000189233
0.001150548
0.001235666
0.000356418
0.003258782
0.000214431
0.000197084
0.001410986
0.003109864
0.000176015
0.004027116
0.000252048
0.001134807
0.000856889
0.000373714
0.000378190
0.000270631
0.000181338
0.001530910
0.002480389
0.000222417
0.000249197
0.000206678
0.000204134
0.001166059
0.000209547
0.000183538
0.000755255
0.002314380
0.000227669
0.000432910
0.002974853
0.002121669
0.000251232
0.000437605
0.001017956
0.001175282
0.000418928
0.000572353
0.000388796
0.000409568
0.000321524
0.002090724
0.000323926
0.000429777
0.000402794
0.000841709
0.000396146
0.004014916
0.000408971
0.001116957
0.000280789
0.000613132
0.002808096
0.003155565
0.004230590
0.000334386
0.000539249
0.000286333
0.001269894
0.000513425
0.000414970
0.000188285
0.001241970
0.000190933
0.002265417
0.000388252
0.000260036
0.000212864
0.000320569
0.000455786
0.000186304
0.000208707
0.001016906
0.000209801
0.001190626
0.000270341
0.001218473
0.001263913
0.000196328
0.001958798
0.005013167
0.001582690
0.000195277
0.004343124
0.001042293
0.001416403
0.003550140
0.000330280
0.000368714
0.000434813
0.000572763
0.001127826
0.000612072
0.000393882
0.000193203
0.004903327
0.003772011
0.001808671
0.000208719
0.000401472
0.000190972
0.000221259
0.000262746
0.000240348
0.000395655
0.000462863
0.000182080
0.000219827
0.001026668
0.002819097
0.000239031
0.000900828
0.002679645
0.000540349
0.000479723
0.000396726
0.000555960
0.000285068
0.001156217
0.000853637
0.001211832
0.002197086
0.000392583
0.000714664
0.000405717
0.001217772
0.000234194
0.000417181
0.000230658
0.000344455
0.001192419
0.002525440
0.000275411
0.003391161
0.000279185
0.001471750
0.001396715
0.000208127
0.000829526
0.003045269
0.002977793
0.002300927
0.000372528
0.001052301
0.001091064
0.001701699
0.000854057
0.000184933
0.000423514
0.001138880
0.000384116
0.002743066
0.000506835
0.000398041
0.001021767
0.000481447
0.000204869
0.002378118
0.000414192
0.000188091
0.000928786
0.001229383
0.000799432
0.001986263
0.003128390
0.000961313
0.000208351
0.000515687
0.002978272
0.000363469
0.000252013
0.001114991
0.000241876
0.001128972
0.001079629
0.001551116
0.002320280
0.000235599
0.001237219
0.001394239
0.000183831
0.001206632
0.001291540
0.001238293
0.004421781
0.000699984
0.000821009
0.001379366
0.004442633
0.002533535
0.001249498
0.000617219
0.000658322
0.000689419
0.000200418
0.001262724
0.000238744
0.000241663
0.001298241
0.001076436
0.000209340
0.001050542
0.001330193
0.001367781
0.000317318
0.000178220
0.000193316
0.000302057
0.000334375
0.000915400
0.000208080
0.000311655
0.000839634
0.000179352
0.003872251
0.001512485
0.000606935
0.000227880
0.000836186
0.001183425
0.000179433
0.000199309
0.001259147
0.001423388
0.000224508
0.000501970
0.003466282
0.004594328
0.000941654
0.000327243
0.001038755
0.001105509
0.000252245
0.000230255
0.000186346
0.000283710
0.000308658
0.001224308
0.001371993
0.000486811
0.002314372
0.001428653
0.001221209
0.001074376
0.000221050
0.001067995
0.002402476
0.001451269
0.003421269
0.000410240
0.001148394
0.002536667
0.000190934
0.000960093
0.000176812
0.001168196
0.001196843
0.001217184
0.001263771
0.000264916
0.001250956
0.000252260
0.001062050
0.001270554
0.002028853
0.000215457
0.000787421
0.000810622
0.000295483
0.000210478
0.000393961
0.000281008
0.000218216
0.001093792
0.000252823
0.001304415
0.001129950
0.001261176
0.001443035
0.000393038
0.002392010
0.005570177
0.001369922
0.003220786
0.000185911
0.001377225
0.001411218
0.001483240
0.000178074
0.001866926
0.001246268
0.001536793
0.000429655
0.000818333
0.000697949
0.001249040
0.000184332
0.000289920
0.001850095
0.000238068
0.001520481
0.000213606
0.000473051
0.001354409
0.000326445
0.001080062
0.000191114
0.000362723
0.001846997
0.001659797
0.001390096
0.000185231
0.003105588
0.000859173
0.000188886
0.000175975
0.000203889
0.000206424
0.004634992
0.000457499
0.001213931
0.000447626
0.001672394
0.000410876
0.003934957
0.000205441
0.000223405
0.000344869
0.000193680
0.000245742
0.001057520
0.001379192
0.001219304
0.000225423
0.000220682
0.000243696
0.000375230
0.000217741
0.003881846
0.001168207
0.000191777
0.001386476
0.001592133
0.001309992
0.003370025
0.004268388
0.001629091
0.001163910
0.001209662
0.001255982
0.002070740
0.001294625
0.000192853
0.001366702
0.001368940
0.002571936
0.000223186
0.000208624
0.000233944
0.000269095
0.000181918
0.001312450
0.000417023
0.000188308
0.004013480
0.002502289
0.001526246
0.004033781
0.000231791
0.002006134
0.002065510
0.000188120
0.000399175
0.001370069
0.000254941
0.001124065
0.000674047
0.000394249
0.000534978
0.001155922
0.003111900
0.000215324
0.002844713
0.001874649
0.000328088
0.000254258
0.001339734
0.000925154
0.000325664
0.000512883
0.000206027
0.001079003
0.001663415
0.000581347
0.000190887
0.000188845
0.000423656
0.001466725
0.000387295
0.000212192
0.000231097
0.000247078
0.000250738
0.000434885
0.000182144
0.001828858
0.000447374
0.001525540
0.000261612
0.000234692
0.004471561
0.001138023
0.003719729
0.001289096
0.000571878
0.001190039
0.001316929
0.005317351
0.004195289
0.000188055
0.000197549
0.001113380
0.004854470
0.001132299
0.001056160
0.003498429
0.000312741
0.001171222
0.001666807
0.000439839
0.001475047
0.000387881
0.001138723
0.000228758
0.001473939
0.000251192
0.000223024
0.000216450
0.001092464
0.000247271
0.000525528
0.001133887
0.002145012
0.000516307
0.000683473
0.000211063
0.006213890
0.002262936
0.001351695
0.000180230
0.000929278
0.000393248
0.000196644
0.000539430
0.001418636
0.001606931
0.000388467
0.001054484
0.008765210
0.003543426
0.005822193
0.000293575
0.000651057
0.001355906
0.002022897
0.000386479
0.001351244
0.003853991
0.002608276
0.000576431
0.000545026
0.000264901
0.000186708
0.001156584
0.000217279
0.000321927
0.000236658
0.000247899
0.000346016
0.000254118
0.000254616
0.001537972
0.000300292
0.000563931
0.001280413
0.001228226
0.000212327
0.002612898
0.000367698
0.000513142
0.000248081
0.001075738
0.000412745
0.000399096
0.003721096
0.003402224
0.000916013
0.003032360
0.000223515
0.001224351
0.000468387
0.000231260
0.000385272
0.002208009
0.001354385
0.001624369
0.000363975
0.000184675
0.002917896
0.001142526
0.003024066
0.001005421
0.000568805
0.000208592
0.001909899
0.000237181
0.001883116
0.002835148
0.000477620
0.000382110
0.001359994
0.000882392
0.000448642
0.000241648
0.001012433
0.002196313
0.000509428
0.000194550
0.000672474
0.000802308
0.000263862
0.000216249
0.000231817
0.000335270
0.000489728
0.002518280
0.001285792
0.000913657
0.002743810
0.000203386
0.001758087
0.001129430
0.001267216
0.001983043
0.000219360
0.001270096
0.001272217
0.001297553
0.000434042
0.001357615
0.000761315
0.000390113
0.000195220
0.001435496
0.003513464
0.000279993
0.000390015
0.000501117
0.001762222
0.001006473
0.000224198
0.000221184
0.000211568
0.000737829
0.000206033
0.000271400
0.003955057
0.000336255
0.000464324
0.001334994
0.001482258
0.000343332
0.003763993
0.000197814
0.002001047
0.000813364
0.005615739
0.004663150
0.000195923
0.000870579
0.001154937
0.000178087
0.002661710
0.000475545
0.002843141
0.001223025
0.000213090
0.000235696
0.001288958
0.000240556
0.000186251
0.000231121
0.001484208
0.000267691
0.000213693
0.001381633
0.001555819
0.000228438
0.000421200
0.005984762
0.001514518
0.000235606
0.000250720
0.000713384
0.000708155
0.001597127
0.000316113
0.000249512
0.001167717
0.000380201
0.002414912
0.001033256
0.003124926
0.000294631
0.001135455
0.000183517
0.000215599
0.001408169
0.000252500
0.000195261
0.001568169
0.003032400
0.000194571
0.000985062
0.000390097
0.000404450
0.001437488
0.002396652
0.001437151
0.000198975
0.001118070
0.001586581
0.000382180
0.000950298
0.001117224
0.000393287
0.001168489
0.000214615
0.001665924
0.000198335
0.000950616
0.000309058
0.002968871
0.000942514
0.000227277
0.001601217
0.000398610
0.001861269
0.000390548
0.000223457
0.003852400
0.002871931
0.000379802
0.000417061
0.001051990
0.002421207
0.003095831
0.000340913
0.001573697
0.001620833
0.000220738
0.002300619
0.000198263
0.000400220
0.000442307
0.000419627
0.000196899
0.000186063
0.000200961
0.001414270
0.000256469
0.000851337
0.000244385
0.000282023
0.000198532
0.002530498
0.000370829
0.001609254
0.000223173
0.002637046
0.000379716
0.001402949
0.001423746
0.000312226
0.000494343
0.000661854
0.001990121
0.000365315
0.001137725
0.001189927
0.000236192
0.001099183
0.000190193
0.000193993
0.000219745
0.001390890
0.002955552
0.005700662
0.001919398
0.002788103
0.000307367
0.001316827
0.000386400
0.000195054
0.001129360
0.000873911
0.000465504
0.000444409
0.000238406
0.000248767
0.000487499
0.001125869
0.001579159
0.000341942
0.000268703
0.000345316
0.000488333
0.000837565
0.000204547
0.006040022
0.002679057
0.007408020
0.000383521
0.001771420
0.000535706
0.000369683
0.000200970
0.000406600
0.000638806
0.000394376
0.000235132
0.001568515
0.000396865
0.000882829
0.003730908
0.000218869
0.000222281
0.000397790
0.000291012
0.000394578
0.000378894
0.000682623
0.000283281
0.003376355
0.000394566
0.000234083
0.000548765
0.000199941
0.003572487
0.005656930
0.000193296
0.000195754
0.000387509
0.000189246
0.000441112
0.000871317
0.001091487
0.001338366
0.000247129
0.000206374
0.000225635
0.000381770
0.000213677
0.000231776
0.000195593
0.000257706
0.000222832
0.000310724
0.000448363
0.001591548
0.001783210
0.000333639
0.001522235
0.003317278
0.001446463
0.000277327
0.001315391
0.000322216
0.000364524
0.000514339
0.000270806
0.000907849
0.000214755
0.000990441
0.000181771
0.002494338
0.004553673
0.001636761
0.000377291
0.001072619
0.000320124
0.000179771
0.000328040
0.000204143
0.000723439
0.000256392
0.000447642
0.000261296
0.000202205
0.001074611
0.001227215
0.001180166
0.001053680
0.001461550
0.001315518
0.000953683
0.000379586
0.000186709
0.001539879
0.000263665
0.000380366
0.000976646
0.001602303
0.000402793
0.001133643
0.006744483
0.000299768
0.000404966
0.002329750
0.000199684
0.000222337
0.000239539
0.000295888
0.001958189
0.000311449
0.001491181
0.000233151
0.000836734
0.001771928
0.002239647
0.000984354
0.001690123
0.000426743
0.000921743
0.000212708
0.000209033
0.000748963
0.000861070
0.001682875
0.000382317
0.001600045
0.000237707
0.000248928
0.000248214
0.000419766
0.000540474
0.000421434
0.001613757
0.001664668
0.001849607
0.001553426
0.000245086
0.000194635
0.004304503
0.000260988
0.002440016
0.000263663
0.000374763
0.001302295
0.000218662
0.000717387
0.000412210
0.005072092
0.001211596
0.000485084
0.000576666
0.000301076
0.000407902
0.004188352
0.000240408
0.002501242
0.000345031
0.000494139
0.000177954
0.000796947
0.000441335
0.000606723
0.005205864
0.000452284
0.001167903
0.000245806
0.000277450
0.000419574
0.000260523
0.000197223
0.000818423
0.000184886
0.000217413
0.001018563
0.000425527
0.000191002
0.000723959
0.001577099
0.000180499
0.000818089
0.000841750
0.000263804
0.005565820
0.003287454
0.000320870
0.000347328
0.000316735
0.002246274
0.002152510
0.000394228
0.001508488
0.000245553
0.004584040
0.000235281
0.000219723
0.000326189
0.000363253
0.000723267
0.000405800
0.000646917
0.000236498
0.000273827
0.000251362
0.000195252
0.000765287
0.001411150
0.000688093
0.000182270
0.001099252
0.001421764
0.001457672
0.000397702
0.001933955
0.003862096
0.000336358
0.000253468
0.001892900
0.000209720
0.000178540
0.000403783
0.002109231
0.001563087
0.000424709
0.000449757
0.000237387
0.000480386
0.001559949
0.000208227
0.000390875
0.001646565
0.000224514
0.000398018
0.001077710
0.001144327
0.000884996
0.000344578
0.000294233
0.000197642
0.000293924
0.000422017
0.000221326
0.000231527
0.000281234
0.001837917
0.000321838
0.000343488
0.000373300
0.000211047
0.000267393
0.005774203
0.000417976
0.000373026
0.000178196
0.001152193
0.000405378
0.001129053
0.001633141
0.001811173
0.000235388
0.001317776
0.000250053
0.000480857
0.000204190
0.003773634
0.000408428
0.005024215
0.001087542
0.000233878
0.000215740
0.001081517
0.000383966
0.000537358
0.000894410
0.000206719
0.000225943
0.000416821
0.000234500
0.000227762
0.001610846
0.000220061
0.001845797
0.001103268
0.001275371
0.000258610
0.000198658
0.000207678
0.001038711
0.000194908
0.005961365
0.000362045
0.000419959
0.000183076
0.000379807
0.003217838
0.000443202
0.000225622
0.000445009
0.000245949
0.000354189
0.000471779
0.000540537
0.000914158
0.000224421
0.000203182
0.000233444
0.000244867
0.000652448
0.000240207
0.000448223
0.000236215
0.000254108
0.002501873
0.003705439
0.003170043
0.001702488
0.001766492
0.001952577
0.000419819
0.000434348
0.000244219
0.000408905
0.000177229
0.000853253
0.003274086
0.004476049
0.000226703
0.000239130
0.004135454
0.000196403
0.000190889
0.001077615
0.000449401
0.000250647
0.001561868
0.000245805
0.000202864
0.000369744
0.001356150
0.000227232
0.000246866
0.000390697
0.001584874
0.000246634
0.002117368
0.000279372
0.000448397
0.000208816
0.001676984
0.000244275
0.003550105
0.000183166
0.000245239
0.001660241
0.004180408
0.002979960
0.001032157
0.002238955
0.000201895
0.000973433
0.000658076
0.000449235
0.002606369
0.001631752
0.000420107
0.000186542
0.000428846
0.000232366
0.002508635
0.003204298
0.000678363
0.001125517
0.000219677
0.001098811
0.004398953
0.002923080
0.001064217
0.000462483
0.000435420
0.000357433
0.000221038
0.000442789
0.000393044
0.000194805
0.000384380
0.001610056
0.000406986
0.000268039
0.000389249
0.001218190
0.000337944
0.001072111
0.004730359
0.001455196
0.001018079
0.000289483
0.000658710
0.000372806
0.000244987
0.000244756
0.000386950
0.000283285
0.001357385
0.001660712
0.000625803
0.001177522
0.003274821
0.000236022
0.000416486
0.000191068
0.000458516
0.000257920
0.000372935
0.000222160
0.001768663
0.001808126
0.000183498
0.000746151
0.001640313
0.000412692
0.000276423
0.001140689
0.000228501
0.000212400
0.001092451
0.001094638
0.001154833
0.001144389
0.000227339
0.003937134
0.001666845
0.002980096
0.000353739
0.002153928
0.001634236
0.004434145
0.000412498
0.006033993
0.002587567
0.008678732
0.000342485
0.005961951
0.000926777
0.000381530
0.003418298
0.000352257
0.000235855
0.000261038
0.003244017
0.003473140
0.000383432
0.000413336
0.002817486
0.000305004
0.001752698
0.001014008
0.004405407
0.000651069
0.001788809
0.000411922
0.001138962
0.001848818
0.000192135
0.000588882
0.000230870
0.001158517
0.000189033
0.000357100
0.000506521
0.000875002
0.000387087
0.001079063
0.001125363
0.000271528
0.003331475
0.001754374
0.001810777
0.001987841
0.000413161
0.000993344
0.000400230
0.000198946
0.000547914
0.000276619
0.000512541
0.000279081
0.000185416
0.001019604
0.000440638
0.000480855
0.000265551
0.001129264
0.000233936
0.001068839
0.002204754
0.000242864
0.001116180
0.000891832
0.001105118
0.000521401
0.000340059
0.000859472
0.000282438
0.000196299
0.000186002
0.000391475
0.000442400
0.003676614
0.000423325
0.000271654
0.006279427
0.000206013
0.000744064
0.000200239
0.000240294
0.000257121
0.000200802
0.001096716
0.000225490
0.000429492
0.000240462
0.000302733
0.001821345
0.000234489
0.000225461
0.000370954
0.003951052
0.001801304
0.001988650
0.001936632
0.002091618
0.003731567
0.000212222
0.001717858
0.000570244
0.002702257
0.000246402
0.000215746
0.005030072
0.000258188
0.000354147
0.000387177
0.000896977
0.000212778
0.000626565
0.000235101
0.000321309
0.000384819
0.001728777
0.000451666
0.001062149
0.000969448
0.000506574
0.001910702
0.000409903
0.000355616
0.002954873
0.001001771
0.000230541
0.003772285
0.001167870
0.000253784
0.000463899
0.000198123
0.000491783
0.000385084
0.001215449
0.000347068
0.000482320
0.001186493
0.000226462
0.000187679
0.001043790
0.000220822
0.000241166
0.000241199
0.001282815
0.001436445
0.000238045
0.000263027
0.000225599
0.000194086
0.000334907
0.001785115
0.000250918
0.000249716
0.000179407
0.000203516
0.000345919
0.001030078
0.001304722
0.001478501
0.000240306
0.002077735
0.000548934
0.001107579
0.001831391
0.001125336
0.001076965
0.000248763
0.001335509
0.001811049
0.001878245
0.000203536
0.001093402
0.000229593
0.010977255
0.007013499
0.001297442
0.000837528
0.001775181
0.000253546
0.002172439
0.000745061
0.000253636
0.004303319
0.001031473
0.000222077
0.001146355
0.003131101
0.003776095
0.000309877
0.007796181
0.001170205
0.001835174
0.000212199
0.000875520
0.002340579
0.000348370
0.001929353
0.001947932
0.001197181
0.001861676
0.001863447
0.002029361
0.000459735
0.001093140
0.001149940
0.001824548
0.001855878
0.000661343
0.000223677
0.000261986
0.007314823
0.000217876
0.000405278
0.005575568
0.002782979
0.001337829
0.000282141
0.000222902
0.000376016
0.000884581
0.000205882
0.000805966
0.004568130
0.000251048
0.000237079
0.000312454
0.000257260
0.000255779
0.000222746
0.001935938
0.001843070
0.000225823
0.001949731
0.001053274
0.000205608
0.001635184
0.004447492
0.005525368
0.000863536
0.000910253
0.003418781
0.004543167
0.000415231
0.001782087
0.001213123
0.003812088
0.000274110
0.003532637
0.000197087
0.000234078
0.000409300
0.000513474
0.000427971
0.000286348
0.000321320
0.000263468
0.001156145
0.001851905
0.001154963
0.000231780
0.001026088
0.000289564
0.000204997
0.000196945
0.001812866
0.001094782
0.000213236
0.000679714
0.000722063
0.000357654
0.000194770
0.000999063
0.003447905
0.000894091
0.000219828
0.001091953
0.000225664
0.000396067
0.000897161
0.000232886
0.000202233
0.003752979
0.000265840
0.000187973
0.000275841
0.000470335
0.001185697
0.001238140
0.000229593
0.003417753
0.000503284
0.000281475
0.000201341
0.000244551
0.001829973
0.001014802
0.001872589
0.002043389
0.003051755
0.000253305
0.000446543
0.003831415
0.000236073
0.000194908
0.000498530
0.001184763
0.002977699
0.003005112
0.000406142
0.000379938
0.000280827
0.001883343
0.001063976
0.001400209
0.000437454
0.000266166
0.000250182
0.000882565
0.000361205
0.001776824
0.000385840
0.000208237
0.002063773
0.001923623
0.001957213
0.000856609
0.000213877
0.000441876
0.001141890
0.000236569
0.000195746
0.001134057
0.001285466
0.000391878
0.000195564
0.001244682
0.000558366
0.001144151
0.001397181
0.000190943
0.001903820
0.001030252
0.000413998
0.001489371
0.001974439
0.001916088
0.000415316
0.000248308
0.000217021
0.008618147
0.000267609
0.006706545
0.000429954
0.000374540
0.002072713
0.002033120
0.001989383
0.000280708
0.000631163
0.007848619
0.001751808
0.000377145
0.000230328
0.000219220
0.001083812
0.001240042
0.000251484
0.000279851
0.002753249
0.000250238
0.001989784
0.001482108
0.000263577
0.001967946
0.000393235
0.000310998
0.000210858
0.000240248
0.000211526
0.000194376
0.000304550
0.000257172
0.000251664
0.002137419
0.000316234
0.002104396
0.001928919
0.003041954
0.000204335
0.000272848
0.000203694
0.001077171
0.005694995
0.001015841
0.002853069
0.004151939
0.002495521
0.000676436
0.000818625
0.002430358
0.002062948
0.000361636
0.000207003
0.000884560
0.000919327
0.000314130
0.000396763
0.000916339
0.000225213
0.001942750
0.000250665
0.000509477
0.000242533
0.000286587
0.001106764
0.001070757
0.001217843
0.001290580
0.000254264
0.000199123
0.003820429
0.000224350
0.006122052
0.002074590
0.000718805
0.000182873
0.000697113
0.001082283
0.001151079
0.002177625
0.001225276
0.002132075
0.002105859
0.000223395
0.000439511
0.002575079
0.002726913
0.001275501
0.000246223
0.001772013
0.000246442
0.000341737
0.002959692
0.001921823
0.000248723
0.000223742
0.000437590
0.004363809
0.001910584
0.002480117
0.002634394
0.000419429
0.003790627
0.000241729
0.002953250
0.002032476
0.000183445
0.002073805
0.000264531
0.002263281
0.000259562
0.001910289
0.001111486
0.000659245
0.000499949
0.001153543
0.002169623
0.000418079
0.001466560
0.002440921
0.002033058
0.001091369
0.000210271
0.002045319
0.000255891
0.000514911
0.000195547
0.000321653
0.004270628
0.000232896
0.000278943
0.000263502
0.000236184
0.000883219
0.000889946
0.000492125
0.000263273
0.000204081
0.001155064
0.000268281
0.000950947
0.000544825
0.002913009
0.001984659
0.000179873
0.000491715
0.001931822
0.002094983
0.002072582
0.001116211
0.000250828
0.001650942
0.000199157
0.000214772
0.000247904
0.000267142
0.000235744
0.000235683
0.002116155
0.000229125
0.000446250
0.000287404
0.000272840
0.004135296
0.000258511
0.000672046
0.001054159
0.001115054
0.002881161
0.002642796
0.005767908
0.000408536
0.000269090
0.000381760
0.000200589
0.003920779
0.000251698
0.000779725
0.000213166
0.000190395
0.000956776
0.000249516
0.000189149
0.000432826
0.000250928
0.000276586
0.000446316
0.000199002
0.004101186
0.004216292
0.000206659
0.000567139
0.000425707
0.000276873
0.002804750
0.000465121
0.000226643
0.000214768
0.000863638
0.000247257
0.003563512
0.000388598
0.002243306
0.000311022
0.000281086
0.001390133
0.000877490
0.001605842
0.000643722
0.000289357
0.000482519
0.000356192
0.000575836
0.000205509
0.000240533
0.000297891
0.002029962
0.000258733
0.002253703
0.004730174
0.002194319
0.000242167
0.001931762
0.002089626
0.002063881
0.000967394
0.001607388
0.000285227
0.003034525
0.003608421
0.000235319
0.000373748
0.001032698
0.001255685
0.000230144
0.000225384
0.000245014
0.000265524
0.000281818
0.001179907
0.000187008
0.000182131
0.001393933
0.000404048
0.000190739
0.000974823
0.002188296
0.000911843
0.000258017
0.000446031
0.000204027
0.000197258
0.001154560
0.001120973
0.000614707
0.001517770
0.000278116
0.001296404
0.000270333
0.000243113
0.000281118
0.000268666
0.000242415
0.004742468
0.001120611
0.000384470
0.000370212
0.001242249
0.000486617
0.001396553
0.000214154
0.002192900
0.001225092
0.001327736
0.000202987
0.001962911
0.000198968
0.000218592
0.001241109
0.000921262
0.000227157
0.000257778
0.000420600
0.000192621
0.000253351
0.000299867
0.002207369
0.000270306
0.000234118
0.003141737
0.000244261
0.000262174
0.002653144
0.000605509
0.000748474
0.000715558
0.001362315
0.005552505
0.000258667
0.000404101
0.004475443
0.000243021
0.005451369
0.000219616
0.000650627
0.000199905
0.001189615
0.000557138
0.001325725
0.005107607
0.000251667
0.000981444
0.000231524
0.000287031
0.000234931
0.000421590
0.001988721
0.000194567
0.000710310
0.000210403
0.000198733
0.000192070
0.000189400
0.001117724
0.000358018
0.004800279
0.002408591
0.000304850
0.000191204
0.000194359
0.000218871
0.000251156
0.000234908
0.000304960
0.000258944
0.001166753
0.001426617
0.001227317
0.002034742
0.005315869
0.002230827
0.000981212
0.000392931
0.000525475
0.003920676
0.001148060
0.000539140
0.001029505
0.004264380
0.000760513
0.000199474
0.000964387
0.000198118
0.000288347
0.002058675
0.000238083
0.000462549
0.003414355
0.000455662
0.000276562
0.000241859
0.000381359
0.002732050
0.005939543
0.004732446
0.001121299
0.001165532
0.000266236
0.000373931
0.002878139
0.002047278
0.000708292
0.000855810
0.001077769
0.000296964
0.001889759
0.001124787
0.001335778
0.000267994
0.000225610
0.000267829
0.001068188
0.001165013
0.000196397
0.001251849
0.003511350
0.002058948
0.002211848
0.000392472
0.004957822
0.000446636
0.000265855
0.004355392
0.000371867
0.000188266
0.001938992
0.001240798
0.000211077
0.001540585
0.000224959
0.000203244
0.000382825
0.000552068
0.000287758
0.000283777
0.000254445
0.000249035
0.000579306
0.001124429
0.000478619
0.000188159
0.002081900
0.001903181
0.000403071
0.001176052
0.007296654
0.000407766
0.002359138
0.001492454
0.000517763
0.000748358
0.000192944
0.000996898
0.002185879
0.000231707
0.000221620
0.000489975
0.000243414
0.001871097
0.000308926
0.000414078
0.000262651
0.002111364
0.000249453
0.000182174
0.003076841
0.003642961
0.002221296
0.002140280
0.000354224
0.000399334
0.000400632
0.002317239
0.000427308
0.000256623
0.006670788
0.000757237
0.000408068
0.000437841
0.000468991
0.002409655
0.001132148
0.002225727
0.000479375
0.000248687
0.002327974
0.000247524
0.002231034
0.000278615
0.000248064
0.000258014
0.002080549
0.000517856
0.000350464
0.000481779
0.000254842
0.005099394
0.000328594
0.003405220
0.003464720
0.000186747
0.000380910
0.000377297
0.000403749
0.002164065
0.001162006
0.000332077
0.000251783
0.002307199
0.000261666
0.002425673
0.000262759
0.000540384
0.000219084
0.004722168
0.000262593
0.000291205
0.000214734
0.000927901
0.000190607
0.000309888
0.000387706
0.000209003
0.000223141
0.002361324
0.000321007
0.000258404
0.000323461
0.000217413
0.000373272
0.000498918
0.001472967
0.004432214
0.000193999
0.000685437
0.001053557
0.000200717
0.000191200
0.001159867
0.002108285
0.001340515
0.000283240
0.000949249
0.001108659
0.000477543
0.000509394
0.000420841
0.000361096
0.000397380
0.000213791
0.000400279
0.000633266
0.000840671
0.000855578
0.000251260
0.000253002
0.000385792
0.000282940
0.000204824
0.000281629
0.000240192
0.000251821
0.000510672
0.000432212
0.003011976
0.000986746
0.001770179
0.000320382
0.000189081
0.000527756
0.000254419
0.002016561
0.000483111
0.000201072
0.003647773
0.003077977
0.000205450
0.000209908
0.000263301
0.000183931
0.000232123
0.001049922
0.001584357
0.000430778
0.000442002
0.000364940
0.000599433
0.000439155
0.001120753
0.000233551
0.001191488
0.000296313
0.000420705
0.000338644
0.002127131
0.000606243
0.000231779
0.000494366
0.001136722
0.003715719
0.000228979
0.000382774
0.000228121
0.000297263
0.000267801
0.000292397
0.000304371
0.003651115
0.001165105
0.000286209
0.003011961
0.000227987
0.003329323
0.002371361
0.000401614
0.004199386
0.000549101
0.000236832
0.000382072
0.000497671
0.000917355
0.000385976
0.000297755
0.000281329
0.000818800
0.000337801
0.000286515
0.002466783
0.000274137
0.001077922
0.001158394
0.000193954
0.001732798
0.000206151
0.005355419
0.006478707
0.003956969
0.002940431
0.000398235
0.000865409
0.000910773
0.002179206
0.000517254
0.000675865
0.001047699
0.001590990
0.000265400
0.000253967
0.000188922
0.000201566
0.000272649
0.000288499
0.000341624
0.003009090
0.000299076
0.000261609
0.001637441
0.001304618
0.000358591
0.001850564
0.000425192
0.004586309
0.000423056
0.001049311
0.000890556
0.000222283
0.000992992
0.002970929
0.000279191
0.000226996
0.003467082
0.000257175
0.000233631
0.000217981
0.000222454
0.002234427
0.000186043
0.002189728
0.000239865
0.000336618
0.002128161
0.000340017
0.000179696
0.000295142
0.001561930
0.000231770
0.000361254
0.000292927
0.002358275
0.000485527
0.002287214
0.000295750
0.000547567
0.001724335
0.001754193
0.002075094
0.000482696
0.001387256
0.000184792
0.000453361
0.000461833
0.000218247
0.002005193
0.000405149
0.001130860
0.000590220
0.000881036
0.001149541
0.000684384
0.000253546
0.000250446
0.001107582
0.000260514
0.000507923
0.000274710
0.000200168
0.000665613
0.000424577
0.000369731
0.000330916
0.000482350
0.004032610
0.002357264
0.000278624
0.000264787
0.000978031
0.005446832
0.004670211
0.001175932
0.001261259
0.004371501
0.002963668
0.000248286
0.002235078
0.002613349
0.001324338
0.000344127
0.000249996
0.000365390
0.000504859
0.001222184
0.001313625
0.000257995
0.000274227
0.000223792
0.001963741
0.002391522
0.000268985
0.004682290
0.000580764
0.001092936
0.005634833
0.001684071
0.003979362
0.000279980
0.002598068
0.002739727
0.004574899
0.000409061
0.001091597
0.006322502
0.000663910
0.001060467
0.001453757
0.000508408
0.003128756
0.000203479
0.000602106
0.000229846
0.000219374
0.000596102
0.004954718
0.000248874
0.002221109
0.000219520
0.000222170
0.001100621
0.001981977
0.000266916
0.000190101
0.002296872
0.002445563
0.004163627
0.005757745
0.000949381
0.000413053
0.000203680
0.002022397
0.002236002
0.002254486
0.002468807
0.000252103
0.000375113
0.000243430
0.000214586
0.001387788
0.000280685
0.001023530
0.000410660
0.000263799
0.000258988
0.001135987
0.004955650
0.001157083
0.001191625
0.002139940
0.000428178
0.005561426
0.000267738
0.000542018
0.000238596
0.000299636
0.000234136
0.003535724
0.000262913
0.000230299
0.000252767
0.001957394
0.000224950
0.002742458
0.000194075
0.000311209
0.000727845
0.000277804
0.000252846
0.000237896
0.005083116
0.000883556
0.000291057
0.002558016
0.000456708
0.001037488
0.000388632
0.001416892
0.001472150
0.001194056
0.008486944
0.001445885
0.002492193
0.002033104
0.000958409
0.000751667
0.000183176
0.000703490
0.002735879
0.000925313
0.002715755
0.001134778
0.000244161
0.002283451
0.004505630
0.000258668
0.000409576
0.002554349
0.002503119
0.000793877
0.000852038
0.002706628
0.002740274
0.001020238
0.000572076
0.000504324
0.002398889
0.000251829
0.000292824
0.000254212
0.000186000
0.000197108
0.000828764
0.001002287
0.001159171
0.002589581
0.000481176
0.001118694
0.002241275
0.000200933
0.001142078
0.000274136
0.002594028
0.000229004
0.000259449
0.000511614
0.000200762
0.000303269
0.002572986
0.000238420
0.000385233
0.000270438
0.002729393
0.000272074
0.000545720
0.000293744
0.000222471
0.004383585
0.000258916
0.001640221
0.002471919
0.002652352
0.000232163
0.000199296
0.000206091
0.002912352
0.000287713
0.000232720
0.002038147
0.000456836
0.000637020
0.001111664
0.000394079
0.000259267
0.000385398
0.000196268
0.002306918
0.000269895
0.000417353
0.000248861
0.006236086
0.002103785
0.000216406
0.001334048
0.000701037
0.003025117
0.000259515
0.000296922
0.000235113
0.000250946
0.008091470
0.000204843
0.000609426
0.005037951
0.000398144
0.000756805
0.001147974
0.001177406
0.001248888
0.003225125
0.000359490
0.000322908
0.000946239
0.001054863
0.000238936
0.000765244
0.000209255
0.000878494
0.000479432
0.000878694
0.001142661
0.002689874
0.001230314
0.000229540
0.000662532
0.000280890
0.000241495
0.000277594
0.000320279
0.000198810
0.000471788
0.000301497
0.003519241
0.002436712
0.001140569
0.001167976
0.000265556
0.000203931
0.006636191
0.000528542
0.001295134
0.008040570
0.004287762
0.002733985
0.000278395
0.000217308
0.001962928
0.002073496
0.000316629
0.000339413
0.000274429
0.001502664
0.000287355
0.002372903
0.000190469
0.000249896
0.005366067
0.000247796
0.001159839
0.001343944
0.000338881
0.001125034
0.000224217
0.002429961
0.001138309
0.000224222
0.001500213
0.001119372
0.000228796
0.000350100
0.000444202
0.002626043
0.000244337
0.000782137
0.002542783
0.000399337
0.001859065
0.000892769
0.000218583
0.002608704
0.000181978
0.001272069
0.000289791
0.002936704
0.000233846
0.000534755
0.000220580
0.000219955
0.000226016
0.000317500
0.000196974
0.000233699
0.001856317
0.001019796
0.000386563
0.001224918
0.002025368
0.000471161
0.000642876
0.002425241
0.000430863
0.000193133
0.000229790
0.001612848
0.000932066
0.001280851
0.003173511
0.001097659
0.004781664
0.003017036
0.000923444
0.000376642
0.000225593
0.000423795
0.000275224
0.001339006
0.001566514
0.000278693
0.002512226
0.000198984
0.004412834
0.002906286
0.000193037
0.004295796
0.000187504
0.003113803
0.002420789
0.001259945
0.002362883
0.001218095
0.000231400
0.001198284
0.000306673
0.000414238
0.000252569
0.000250496
0.001243270
0.000232782
0.001919826
0.000258039
0.002942380
0.000474002
0.000171317
0.000667658
0.002878494
0.003961599
0.001675597
0.003691083
0.002390755
0.001176920
0.000796480
0.001753590
0.002365682
0.000376710
0.000967771
0.000321919
0.005995095
0.002498119
0.000261210
0.002963724
0.000230188
0.000226457
0.000261399
0.000421478
0.001062624
0.000236065
0.000269752
0.002530081
0.000248812
0.000234216
0.000273472
0.000232733
0.000205105
0.000888571
0.001490212
0.000258178
0.000345462
0.000177579
0.000456192
0.003909540
0.004270854
0.000189380
0.000635494
0.001251850
0.000867125
0.000201785
0.001928103
0.002571999
0.002748854
0.000324701
0.000745689
0.000298203
0.001030246
0.001234143
0.003754114
0.000230642
0.003705277
0.000268964
0.002438632
0.002559615
0.005473450
0.002500697
0.002522563
0.000234406
0.002197520
0.001410118
0.000887533
0.000262035
0.002900677
0.000304338
0.000445883
0.001976845
0.000238253
0.001509434
0.000195769
0.002701771
0.000297931
0.000420251
0.001127253
0.000222414
0.000216403
0.002452132
0.000759406
0.000203427
0.000193351
0.000197835
0.002361394
0.001465714
0.000288895
0.004941513
0.000668825
0.002293266
0.000199918
0.000929551
0.000491705
0.001258759
0.002604180
0.000982277
0.000276249
0.000248284
0.002106733
0.000261357
0.000432135
0.000277405
0.000233944
0.001514373
0.001091227
0.001248266
0.000282980
0.004284376
0.003951589
0.002500327
0.002824041
0.001256413
0.002400081
0.001312677
0.000226324
0.000371348
0.000738837
0.001364733
0.000239500
0.000195797
0.000235192
0.001250138
0.000945526
0.000358914
0.001236584
0.000212303
0.001303602
0.000256298
0.000283274
0.001051375
0.000333887
0.001825774
0.000547456
0.000226248
0.000268671
0.000282888
0.000222026
0.000868730
0.001136642
0.002505771
0.000226469
0.000273157
0.002719232
0.000256005
0.000212505
0.000263124
0.005890650
0.002606002
0.000243770
0.000310815
0.002650659
0.001167131
0.001022173
0.000292097
0.000192988
0.000682894
0.000794778
0.000365301
0.000742292
0.000234489
0.000220051
0.000278492
0.000183046
0.000274479
0.000236007
0.000228921
0.000204453
0.000298302
0.001861409
0.000182047
0.002521893
0.000402058
0.000244374
0.000441637
0.000578069
0.001232870
0.000629563
0.002974321
0.000251341
0.000174471
0.001544989
0.001586499
0.000231979
0.002455454
0.000213470
0.001348976
0.002594772
0.000472949
0.001443434
0.000236110
0.000206051
0.000272813
0.000397136
0.000263021
0.000292308
0.003010588
0.001054392
0.000206666
0.002742839
0.001024095
0.005164643
0.000903460
0.001338912
0.001405265
0.002579140
0.002741828
0.002630866
0.002399767
0.000321692
0.000300453
0.000269173
0.000297942
0.000196165
0.001188712
0.000304470
0.004965802
0.000249570
0.000365414
0.000353100
0.000711941
0.002705223
0.002520996
0.000285482
0.001106456
0.000431564
0.002561574
0.000189177
0.000301019
0.000279757
0.002733339
0.000294792
0.001596411
0.000319212
0.004880530
0.001088263
0.000242112
0.000223358
0.000218711
0.000294844
