0.000179222
0.000138710
0.000153296
0.000115034
0.000301580
0.000239336
0.000318781
0.000156556
0.001664889
0.000144344
0.000665743
0.000142265
0.000147351
0.000154928
0.000139271
0.000151754
0.000139382
0.000121829
0.000250495
0.000232534
0.000132559
0.000128656
0.000128956
0.000130444
0.000338107
0.000323422
0.000675389
0.000157373
0.001017717
0.001433781
0.000467625
0.002163482
0.000199006
0.000571914
0.001359163
0.001142459
0.001556651
0.000142485
0.000402793
0.001688331
0.000249794
0.000455661
0.000138923
0.001674559
0.000156743
0.000236339
0.000131861
0.000128476
0.000157185
0.000238122
0.001353584
0.000131451
0.000129698
0.000132826
0.000127292
0.000126782
0.000128054
0.000498983
0.001092236
0.001200464
0.000230055
0.000158154
0.002199399
0.000135670
0.001886441
0.000116917
0.000751043
0.000132530
0.000202977
0.000112361
0.000141281
0.000117931
0.000150121
0.000121536
0.000628167
0.000156911
0.000161671
0.001360110
0.000300964
0.000807687
0.002672621
0.001758304
0.001460202
0.001007530
0.001096264
0.003455994
0.000412734
0.000594039
0.001022736
0.000367839
0.000408737
0.000417294
0.000219631
0.000232249
0.000836301
0.001911382
0.000177525
0.000623504
0.000156985
0.000175088
