0.033073791
0.088833711
0.147670116
0.180588300
0.226399806
0.249907063
0.297070815
0.317226212
0.324725588
0.355473281
0.412263474
0.444202298
0.475340332
0.498452639
0.516378109
0.544834438
0.573988184
0.629985679
0.657386397
0.687264054
0.712268929
0.736038431
0.765466758
0.816480688
0.845848542
1.034043371
1.042307262
1.051838813
1.060203334
1.068586927
1.076053010
1.085007892
1.107548663
1.127667064
1.158666631
1.192232439
1.248203941
1.276203644
1.305715255
1.337782008
1.365546330
1.386751275
1.416972511
1.445807062
1.471453039
1.502654148
1.632077780
1.664986530
1.702978040
1.752080826
1.776683094
1.805059974
1.831520846
1.863090801
1.882971349
1.910995958
1.945277844
1.970880386
2.004537881
2.059988998
2.067937110
2.096834600
2.155493017
2.174935754
2.199895439
2.224661686
2.254351190
2.287523861
2.318094126
2.347997844
2.522272323
2.830432498
2.971535583
3.118531391
3.280236240
3.312677738
3.340960959
3.372793711
3.397241007
3.450360935
3.478581342
3.504269998
3.527856196
3.558658957
3.591750697
3.622259483
3.659172078
3.842172928
4.026256076
4.408439443
4.451395788
4.482072580
4.513145982
4.546530120
4.574851416
4.609031882
4.643207753
4.675058443
4.709789630
4.745434673
