0.166447447
0.336273453
0.682261505
0.835405015
1.164301282
1.335950853
2.195871504
2.204264653
2.212485731
2.220732643
2.228777362
2.383537078
2.848947416
2.995058522
3.153748765
3.199213583
3.284200949
3.409420231
3.718400501
3.993301657
4.108549101
4.203274582
4.376191552
4.504608382
4.644043133
4.753523272
4.789893003
4.962037620
5.289153283
5.411723315
5.539061337
5.849567362
5.989698917
6.098290908
6.145206361
6.196556771
6.225069400
6.415375541
7.329716920
7.337751786
7.345905375
7.353869391
7.361974957
7.508595988
7.633167692
7.775397406
7.829180209
7.927777909
9.230973387
9.240065995
9.248793082
9.257756913
9.266633228
9.411686192
9.430787130
9.472501244
9.565763513
9.648085367
9.955371125
10.094714139
10.227851590
10.519617788
10.687525195
10.735341349
10.769147741
10.799616304
10.828254899
10.883774608
10.965104008
11.120884016
11.418473135
11.538137419
12.026060932
12.034102167
12.042275205
12.050580868
12.059613618
12.090513723
12.118313237
12.149077822
12.175961200
12.196260449
12.230971767
12.273769946
12.568621331
12.689330168
12.853591493
13.004622489
13.296931613
13.435210215
13.466619565
13.503172879
13.535419919
13.566421759
13.596752539
13.624121542
13.656312178
13.777565003
14.130019939
14.284860594
14.442343237
14.644674463
14.785870908
14.816964167
14.851029387
14.876426218
14.909589630
14.939462300
14.970002860
14.999038646
15.025374663
15.082549766
15.328811720
15.514370230
15.668080600
15.970285684
16.142435966
16.219737631
16.253511286
16.285284373
16.312469809
16.344189705
16.380086526
16.413306586
16.446658956
16.603848541
17.960629876
17.968827343
17.976783573
17.984640667
17.992604782
18.000222857
18.008022226
18.015651145
18.174698259
18.321793924
18.489220499
18.811736597
18.976416998
19.127905026
19.291981970
19.447455750
19.502458293
19.560278125
19.684746109
19.865938152
20.043283195
20.203374860
20.521094728
20.679767036
20.846231312
21.069554906
21.103721744
21.138743570
21.219118127
21.391087659
21.691282943
22.715407469
22.723549560
22.731579858
22.740001947
22.749036117
22.757131726
22.764535315
22.772343717
22.936777091
23.102760184
23.444722970
23.621922891
23.697658814
23.732575262
23.764790211
23.796270835
23.832507282
23.861200310
23.893692497
23.928522398
23.960878044
23.993902394
24.026287015
24.096642446
24.266513051
24.469886353
24.790786485
24.964588541
25.132615795
25.282721919
25.313814475
25.347423155
25.378074064
25.407846164
25.440083457
25.473000993
25.511312904
25.635893343
25.782943074
26.148750159
26.327136786
26.427522161
26.456473084
26.488778455
26.521992290
26.555812626
26.590575145
26.620136391
26.651454191
26.683829725
26.718676871
26.750565282
26.785232992
27.665027934
27.673183657
27.680055664
27.687050397
27.695002180
27.702510622
27.710211326
27.718004915
27.725576121
27.759142016
27.793117945
27.801808558
27.839264451
27.871714895
27.935677978
27.970072730
28.003891166
28.188545738
28.405629890
28.524980576
28.716659552
28.892862343
29.053090587
29.317565441
29.325409243
29.361770587
29.420690575
29.452132587
29.498676676
29.821284588
29.954942412
30.128805559
30.340110200
30.442429349
30.548873452
30.583299054
30.603734601
30.628237329
30.662603548
30.690531832
30.722854677
30.751278630
30.787387427
30.824084225
30.861919175
31.048887002
31.209830363
31.370819873
31.523203962
32.374828161
32.382343655
32.390934331
32.398822441
32.407411137
32.416457274
32.424387326
32.608277015
32.789590187
32.940784099
32.973155011
33.005219031
33.038473694
33.070119821
33.103757236
33.138673557
33.173622494
33.203744874
33.236429775
33.264960129
